<?xml version="1.0" encoding="UTF-8"?>
<coverage generated="1494928190875" clover="3.2.0">
  <project timestamp="1494928190876" name="All files">
    <metrics statements="410" coveredstatements="135" conditionals="85" coveredconditionals="31" methods="224" coveredmethods="29" elements="719" coveredelements="195" complexity="0" loc="410" ncloc="410" packages="9" files="31" classes="31">
      <package name="grandma-care-client">
        <metrics statements="3" coveredstatements="2" conditionals="0" coveredconditionals="0" methods="2" coveredmethods="0"/>
        <file name="index.android.js" path="/Users/hacktiv8/Desktop/habilhusni/grandma-care-client/index.android.js">
          <metrics statements="3" coveredstatements="2" conditionals="0" coveredconditionals="0" methods="2" coveredmethods="0"/>
          <line num="17" count="1" type="stmt"/>
          <line num="21" count="0" type="stmt"/>
          <line num="29" count="1" type="stmt"/>
        </file>
      </package>
      <package name="grandma-care-client.jest">
        <metrics statements="2" coveredstatements="2" conditionals="0" coveredconditionals="0" methods="1" coveredmethods="1"/>
        <file name="setup.js" path="/Users/hacktiv8/Desktop/habilhusni/grandma-care-client/jest/setup.js">
          <metrics statements="2" coveredstatements="2" conditionals="0" coveredconditionals="0" methods="1" coveredmethods="1"/>
          <line num="1" count="2" type="stmt"/>
          <line num="2" count="1" type="stmt"/>
        </file>
      </package>
      <package name="grandma-care-client.src">
        <metrics statements="1" coveredstatements="1" conditionals="0" coveredconditionals="0" methods="0" coveredmethods="0"/>
        <file name="index.js" path="/Users/hacktiv8/Desktop/habilhusni/grandma-care-client/src/index.js">
          <metrics statements="1" coveredstatements="1" conditionals="0" coveredconditionals="0" methods="0" coveredmethods="0"/>
          <line num="9" count="1" type="stmt"/>
        </file>
      </package>
      <package name="grandma-care-client.src.actions">
        <metrics statements="81" coveredstatements="33" conditionals="2" coveredconditionals="0" methods="69" coveredmethods="17"/>
        <file name="index.js" path="/Users/hacktiv8/Desktop/habilhusni/grandma-care-client/src/actions/index.js">
          <metrics statements="81" coveredstatements="33" conditionals="2" coveredconditionals="0" methods="69" coveredmethods="17"/>
          <line num="3" count="2" type="stmt"/>
          <line num="7" count="2" type="stmt"/>
          <line num="11" count="2" type="stmt"/>
          <line num="16" count="2" type="stmt"/>
          <line num="21" count="2" type="stmt"/>
          <line num="26" count="2" type="stmt"/>
          <line num="31" count="2" type="stmt"/>
          <line num="36" count="2" type="stmt"/>
          <line num="41" count="2" type="stmt"/>
          <line num="46" count="2" type="stmt"/>
          <line num="51" count="2" type="stmt"/>
          <line num="56" count="2" type="stmt"/>
          <line num="61" count="2" type="stmt"/>
          <line num="66" count="2" type="stmt"/>
          <line num="70" count="2" type="stmt"/>
          <line num="75" count="2" type="stmt"/>
          <line num="79" count="2" type="stmt"/>
          <line num="83" count="2" type="stmt"/>
          <line num="87" count="2" type="stmt"/>
          <line num="92" count="2" type="stmt"/>
          <line num="96" count="2" type="stmt"/>
          <line num="101" count="2" type="stmt"/>
          <line num="106" count="2" type="stmt"/>
          <line num="111" count="2" type="stmt"/>
          <line num="112" count="0" type="stmt"/>
          <line num="113" count="0" type="stmt"/>
          <line num="120" count="0" type="stmt"/>
          <line num="121" count="0" type="stmt"/>
          <line num="122" count="0" type="stmt"/>
          <line num="126" count="2" type="stmt"/>
          <line num="127" count="0" type="stmt"/>
          <line num="128" count="0" type="stmt"/>
          <line num="135" count="0" type="stmt"/>
          <line num="136" count="0" type="stmt"/>
          <line num="137" count="0" type="stmt"/>
          <line num="141" count="2" type="stmt"/>
          <line num="142" count="0" type="stmt"/>
          <line num="143" count="0" type="stmt"/>
          <line num="150" count="0" type="stmt"/>
          <line num="151" count="0" type="stmt"/>
          <line num="152" count="0" type="stmt"/>
          <line num="156" count="2" type="stmt"/>
          <line num="157" count="0" type="stmt"/>
          <line num="158" count="0" type="stmt"/>
          <line num="166" count="0" type="cond" truecount="0" falsecount="2"/>
          <line num="167" count="0" type="stmt"/>
          <line num="169" count="0" type="stmt"/>
          <line num="171" count="0" type="stmt"/>
          <line num="175" count="2" type="stmt"/>
          <line num="176" count="0" type="stmt"/>
          <line num="177" count="0" type="stmt"/>
          <line num="185" count="0" type="stmt"/>
          <line num="186" count="0" type="stmt"/>
          <line num="187" count="0" type="stmt"/>
          <line num="191" count="2" type="stmt"/>
          <line num="192" count="0" type="stmt"/>
          <line num="193" count="0" type="stmt"/>
          <line num="201" count="0" type="stmt"/>
          <line num="202" count="0" type="stmt"/>
          <line num="203" count="0" type="stmt"/>
          <line num="207" count="2" type="stmt"/>
          <line num="208" count="0" type="stmt"/>
          <line num="209" count="0" type="stmt"/>
          <line num="216" count="0" type="stmt"/>
          <line num="217" count="0" type="stmt"/>
          <line num="221" count="2" type="stmt"/>
          <line num="222" count="0" type="stmt"/>
          <line num="223" count="0" type="stmt"/>
          <line num="230" count="0" type="stmt"/>
          <line num="231" count="0" type="stmt"/>
          <line num="235" count="2" type="stmt"/>
          <line num="236" count="0" type="stmt"/>
          <line num="237" count="0" type="stmt"/>
          <line num="244" count="0" type="stmt"/>
          <line num="245" count="0" type="stmt"/>
          <line num="249" count="2" type="stmt"/>
          <line num="250" count="0" type="stmt"/>
          <line num="251" count="0" type="stmt"/>
          <line num="260" count="0" type="stmt"/>
          <line num="261" count="0" type="stmt"/>
          <line num="262" count="0" type="stmt"/>
        </file>
      </package>
      <package name="grandma-care-client.src.components">
        <metrics statements="254" coveredstatements="35" conditionals="52" coveredconditionals="0" methods="141" coveredmethods="4"/>
        <file name="AddFriend.js" path="/Users/hacktiv8/Desktop/habilhusni/grandma-care-client/src/components/AddFriend.js">
          <metrics statements="23" coveredstatements="3" conditionals="4" coveredconditionals="0" methods="12" coveredmethods="0"/>
          <line num="17" count="0" type="stmt"/>
          <line num="23" count="0" type="stmt"/>
          <line num="24" count="0" type="stmt"/>
          <line num="26" count="0" type="cond" truecount="0" falsecount="2"/>
          <line num="27" count="0" type="cond" truecount="0" falsecount="2"/>
          <line num="28" count="0" type="stmt"/>
          <line num="29" count="0" type="stmt"/>
          <line num="31" count="0" type="stmt"/>
          <line num="37" count="0" type="stmt"/>
          <line num="38" count="0" type="stmt"/>
          <line num="39" count="0" type="stmt"/>
          <line num="40" count="0" type="stmt"/>
          <line num="56" count="0" type="stmt"/>
          <line num="71" count="0" type="stmt"/>
          <line num="78" count="0" type="stmt"/>
          <line num="79" count="0" type="stmt"/>
          <line num="80" count="0" type="stmt"/>
          <line num="96" count="1" type="stmt"/>
          <line num="105" count="1" type="stmt"/>
          <line num="109" count="1" type="stmt"/>
          <line num="110" count="0" type="stmt"/>
          <line num="111" count="0" type="stmt"/>
          <line num="112" count="0" type="stmt"/>
        </file>
        <file name="AddFriendButton.js" path="/Users/hacktiv8/Desktop/habilhusni/grandma-care-client/src/components/AddFriendButton.js">
          <metrics statements="3" coveredstatements="2" conditionals="0" coveredconditionals="0" methods="2" coveredmethods="1"/>
          <line num="9" count="1" type="stmt"/>
          <line num="11" count="0" type="stmt"/>
          <line num="19" count="1" type="stmt"/>
        </file>
        <file name="DeactivateAccountButton.js" path="/Users/hacktiv8/Desktop/habilhusni/grandma-care-client/src/components/DeactivateAccountButton.js">
          <metrics statements="17" coveredstatements="2" conditionals="2" coveredconditionals="0" methods="10" coveredmethods="0"/>
          <line num="13" count="0" type="stmt"/>
          <line num="14" count="0" type="stmt"/>
          <line num="15" count="0" type="stmt"/>
          <line num="19" count="0" type="stmt"/>
          <line num="21" count="0" type="stmt"/>
          <line num="22" count="0" type="stmt"/>
          <line num="23" count="0" type="stmt"/>
          <line num="24" count="0" type="stmt"/>
          <line num="25" count="0" type="cond" truecount="0" falsecount="2"/>
          <line num="26" count="0" type="stmt"/>
          <line num="28" count="0" type="stmt"/>
          <line num="38" count="0" type="stmt"/>
          <line num="40" count="0" type="stmt"/>
          <line num="47" count="1" type="stmt"/>
          <line num="55" count="1" type="stmt"/>
          <line num="56" count="0" type="stmt"/>
          <line num="57" count="0" type="stmt"/>
        </file>
        <file name="DeleteFriendButton.js" path="/Users/hacktiv8/Desktop/habilhusni/grandma-care-client/src/components/DeleteFriendButton.js">
          <metrics statements="17" coveredstatements="3" conditionals="4" coveredconditionals="0" methods="8" coveredmethods="0"/>
          <line num="13" count="0" type="stmt"/>
          <line num="14" count="0" type="stmt"/>
          <line num="15" count="0" type="cond" truecount="0" falsecount="2"/>
          <line num="16" count="0" type="cond" truecount="0" falsecount="2"/>
          <line num="17" count="0" type="stmt"/>
          <line num="18" count="0" type="stmt"/>
          <line num="20" count="0" type="stmt"/>
          <line num="26" count="0" type="stmt"/>
          <line num="27" count="0" type="stmt"/>
          <line num="30" count="0" type="stmt"/>
          <line num="31" count="0" type="stmt"/>
          <line num="32" count="0" type="stmt"/>
          <line num="41" count="1" type="stmt"/>
          <line num="50" count="1" type="stmt"/>
          <line num="54" count="1" type="stmt"/>
          <line num="55" count="0" type="stmt"/>
          <line num="56" count="0" type="stmt"/>
        </file>
        <file name="EditProfile.js" path="/Users/hacktiv8/Desktop/habilhusni/grandma-care-client/src/components/EditProfile.js">
          <metrics statements="20" coveredstatements="2" conditionals="0" coveredconditionals="0" methods="15" coveredmethods="0"/>
          <line num="20" count="0" type="stmt"/>
          <line num="25" count="0" type="stmt"/>
          <line num="30" count="0" type="stmt"/>
          <line num="36" count="0" type="stmt"/>
          <line num="45" count="0" type="stmt"/>
          <line num="46" count="0" type="stmt"/>
          <line num="50" count="0" type="stmt"/>
          <line num="51" count="0" type="stmt"/>
          <line num="52" count="0" type="stmt"/>
          <line num="66" count="0" type="stmt"/>
          <line num="76" count="0" type="stmt"/>
          <line num="86" count="0" type="stmt"/>
          <line num="92" count="0" type="stmt"/>
          <line num="93" count="0" type="stmt"/>
          <line num="94" count="0" type="stmt"/>
          <line num="103" count="0" type="stmt"/>
          <line num="116" count="1" type="stmt"/>
          <line num="124" count="1" type="stmt"/>
          <line num="125" count="0" type="stmt"/>
          <line num="126" count="0" type="stmt"/>
        </file>
        <file name="EditProfileButton.js" path="/Users/hacktiv8/Desktop/habilhusni/grandma-care-client/src/components/EditProfileButton.js">
          <metrics statements="3" coveredstatements="2" conditionals="0" coveredconditionals="0" methods="2" coveredmethods="1"/>
          <line num="9" count="1" type="stmt"/>
          <line num="11" count="0" type="stmt"/>
          <line num="18" count="1" type="stmt"/>
        </file>
        <file name="Login.js" path="/Users/hacktiv8/Desktop/habilhusni/grandma-care-client/src/components/Login.js">
          <metrics statements="23" coveredstatements="3" conditionals="2" coveredconditionals="0" methods="15" coveredmethods="0"/>
          <line num="24" count="0" type="stmt"/>
          <line num="26" count="0" type="stmt"/>
          <line num="27" count="0" type="cond" truecount="0" falsecount="2"/>
          <line num="28" count="0" type="stmt"/>
          <line num="34" count="0" type="stmt"/>
          <line num="39" count="0" type="stmt"/>
          <line num="45" count="0" type="stmt"/>
          <line num="51" count="0" type="stmt"/>
          <line num="53" count="0" type="stmt"/>
          <line num="54" count="0" type="stmt"/>
          <line num="58" count="0" type="stmt"/>
          <line num="59" count="0" type="stmt"/>
          <line num="60" count="0" type="stmt"/>
          <line num="74" count="0" type="stmt"/>
          <line num="84" count="0" type="stmt"/>
          <line num="90" count="0" type="stmt"/>
          <line num="91" count="0" type="stmt"/>
          <line num="96" count="0" type="stmt"/>
          <line num="107" count="0" type="stmt"/>
          <line num="116" count="1" type="stmt"/>
          <line num="121" count="1" type="stmt"/>
          <line num="125" count="1" type="stmt"/>
          <line num="126" count="0" type="stmt"/>
        </file>
        <file name="LogoutButton.js" path="/Users/hacktiv8/Desktop/habilhusni/grandma-care-client/src/components/LogoutButton.js">
          <metrics statements="12" coveredstatements="2" conditionals="4" coveredconditionals="0" methods="5" coveredmethods="1"/>
          <line num="11" count="0" type="stmt"/>
          <line num="12" count="0" type="stmt"/>
          <line num="13" count="0" type="cond" truecount="0" falsecount="2"/>
          <line num="14" count="0" type="stmt"/>
          <line num="19" count="0" type="stmt"/>
          <line num="24" count="0" type="stmt"/>
          <line num="25" count="0" type="cond" truecount="0" falsecount="2"/>
          <line num="26" count="0" type="stmt"/>
          <line num="28" count="0" type="stmt"/>
          <line num="36" count="1" type="stmt"/>
          <line num="38" count="0" type="stmt"/>
          <line num="47" count="1" type="stmt"/>
        </file>
        <file name="Main.js" path="/Users/hacktiv8/Desktop/habilhusni/grandma-care-client/src/components/Main.js">
          <metrics statements="48" coveredstatements="3" conditionals="20" coveredconditionals="0" methods="20" coveredmethods="0"/>
          <line num="37" count="0" type="stmt"/>
          <line num="38" count="0" type="stmt"/>
          <line num="39" count="0" type="stmt"/>
          <line num="40" count="0" type="cond" truecount="0" falsecount="5"/>
          <line num="41" count="0" type="stmt"/>
          <line num="48" count="0" type="stmt"/>
          <line num="50" count="0" type="cond" truecount="0" falsecount="5"/>
          <line num="51" count="0" type="stmt"/>
          <line num="58" count="0" type="stmt"/>
          <line num="64" count="0" type="stmt"/>
          <line num="68" count="0" type="stmt"/>
          <line num="72" count="0" type="stmt"/>
          <line num="79" count="0" type="stmt"/>
          <line num="80" count="0" type="stmt"/>
          <line num="82" count="0" type="stmt"/>
          <line num="83" count="0" type="cond" truecount="0" falsecount="2"/>
          <line num="84" count="0" type="stmt"/>
          <line num="85" count="0" type="stmt"/>
          <line num="90" count="0" type="stmt"/>
          <line num="91" count="0" type="cond" truecount="0" falsecount="2"/>
          <line num="92" count="0" type="stmt"/>
          <line num="94" count="0" type="stmt"/>
          <line num="97" count="0" type="stmt"/>
          <line num="102" count="0" type="stmt"/>
          <line num="106" count="0" type="stmt"/>
          <line num="110" count="0" type="stmt"/>
          <line num="111" count="0" type="stmt"/>
          <line num="115" count="0" type="stmt"/>
          <line num="116" count="0" type="stmt"/>
          <line num="117" count="0" type="cond" truecount="0" falsecount="2"/>
          <line num="118" count="0" type="stmt"/>
          <line num="119" count="0" type="stmt"/>
          <line num="121" count="0" type="stmt"/>
          <line num="125" count="0" type="stmt"/>
          <line num="126" count="0" type="stmt"/>
          <line num="127" count="0" type="stmt"/>
          <line num="128" count="0" type="stmt"/>
          <line num="129" count="0" type="stmt"/>
          <line num="130" count="0" type="stmt"/>
          <line num="134" count="0" type="stmt"/>
          <line num="143" count="0" type="stmt"/>
          <line num="168" count="0" type="stmt"/>
          <line num="179" count="0" type="stmt"/>
          <line num="190" count="1" type="stmt"/>
          <line num="195" count="1" type="stmt"/>
          <line num="199" count="1" type="stmt"/>
          <line num="200" count="0" type="stmt"/>
          <line num="201" count="0" type="stmt"/>
        </file>
        <file name="Maps.js" path="/Users/hacktiv8/Desktop/habilhusni/grandma-care-client/src/components/Maps.js">
          <metrics statements="22" coveredstatements="2" conditionals="2" coveredconditionals="0" methods="13" coveredmethods="0"/>
          <line num="14" count="0" type="stmt"/>
          <line num="15" count="0" type="stmt"/>
          <line num="30" count="0" type="stmt"/>
          <line num="31" count="0" type="stmt"/>
          <line num="33" count="0" type="stmt"/>
          <line num="37" count="0" type="stmt"/>
          <line num="44" count="0" type="stmt"/>
          <line num="50" count="0" type="stmt"/>
          <line num="51" count="0" type="stmt"/>
          <line num="55" count="0" type="stmt"/>
          <line num="59" count="0" type="stmt"/>
          <line num="63" count="0" type="stmt"/>
          <line num="67" count="0" type="stmt"/>
          <line num="68" count="0" type="stmt"/>
          <line num="69" count="0" type="cond" truecount="0" falsecount="2"/>
          <line num="70" count="0" type="stmt"/>
          <line num="80" count="0" type="stmt"/>
          <line num="88" count="0" type="stmt"/>
          <line num="102" count="1" type="stmt"/>
          <line num="106" count="1" type="stmt"/>
          <line num="107" count="0" type="stmt"/>
          <line num="108" count="0" type="stmt"/>
        </file>
        <file name="PanicButton.js" path="/Users/hacktiv8/Desktop/habilhusni/grandma-care-client/src/components/PanicButton.js">
          <metrics statements="7" coveredstatements="2" conditionals="0" coveredconditionals="0" methods="4" coveredmethods="0"/>
          <line num="13" count="0" type="stmt"/>
          <line num="14" count="0" type="stmt"/>
          <line num="20" count="0" type="stmt"/>
          <line num="24" count="0" type="stmt"/>
          <line num="32" count="1" type="stmt"/>
          <line num="38" count="1" type="stmt"/>
          <line num="39" count="0" type="stmt"/>
        </file>
        <file name="Register.js" path="/Users/hacktiv8/Desktop/habilhusni/grandma-care-client/src/components/Register.js">
          <metrics statements="24" coveredstatements="3" conditionals="4" coveredconditionals="0" methods="16" coveredmethods="0"/>
          <line num="20" count="0" type="stmt"/>
          <line num="25" count="0" type="stmt"/>
          <line num="30" count="0" type="stmt"/>
          <line num="35" count="0" type="stmt"/>
          <line num="41" count="0" type="cond" truecount="0" falsecount="2"/>
          <line num="42" count="0" type="cond" truecount="0" falsecount="2"/>
          <line num="43" count="0" type="stmt"/>
          <line num="44" count="0" type="stmt"/>
          <line num="46" count="0" type="stmt"/>
          <line num="52" count="0" type="stmt"/>
          <line num="53" count="0" type="stmt"/>
          <line num="54" count="0" type="stmt"/>
          <line num="68" count="0" type="stmt"/>
          <line num="78" count="0" type="stmt"/>
          <line num="88" count="0" type="stmt"/>
          <line num="98" count="0" type="stmt"/>
          <line num="104" count="0" type="stmt"/>
          <line num="105" count="0" type="stmt"/>
          <line num="106" count="0" type="stmt"/>
          <line num="121" count="1" type="stmt"/>
          <line num="128" count="1" type="stmt"/>
          <line num="132" count="1" type="stmt"/>
          <line num="133" count="0" type="stmt"/>
          <line num="134" count="0" type="stmt"/>
        </file>
        <file name="SettingPage.js" path="/Users/hacktiv8/Desktop/habilhusni/grandma-care-client/src/components/SettingPage.js">
          <metrics statements="9" coveredstatements="1" conditionals="0" coveredconditionals="0" methods="5" coveredmethods="0"/>
          <line num="20" count="0" type="stmt"/>
          <line num="24" count="0" type="stmt"/>
          <line num="25" count="0" type="stmt"/>
          <line num="26" count="0" type="stmt"/>
          <line num="27" count="0" type="stmt"/>
          <line num="28" count="0" type="stmt"/>
          <line num="33" count="0" type="stmt"/>
          <line num="89" count="0" type="stmt"/>
          <line num="101" count="1" type="stmt"/>
        </file>
        <file name="SplashScreen.js" path="/Users/hacktiv8/Desktop/habilhusni/grandma-care-client/src/components/SplashScreen.js">
          <metrics statements="14" coveredstatements="1" conditionals="8" coveredconditionals="0" methods="6" coveredmethods="0"/>
          <line num="13" count="0" type="stmt"/>
          <line num="15" count="0" type="cond" truecount="0" falsecount="4"/>
          <line num="16" count="0" type="stmt"/>
          <line num="17" count="0" type="stmt"/>
          <line num="18" count="0" type="stmt"/>
          <line num="19" count="0" type="stmt"/>
          <line num="25" count="0" type="stmt"/>
          <line num="26" count="0" type="cond" truecount="0" falsecount="2"/>
          <line num="27" count="0" type="cond" truecount="0" falsecount="2"/>
          <line num="28" count="0" type="stmt"/>
          <line num="30" count="0" type="stmt"/>
          <line num="31" count="0" type="stmt"/>
          <line num="39" count="0" type="stmt"/>
          <line num="55" count="1" type="stmt"/>
        </file>
        <file name="UserList.js" path="/Users/hacktiv8/Desktop/habilhusni/grandma-care-client/src/components/UserList.js">
          <metrics statements="9" coveredstatements="2" conditionals="2" coveredconditionals="0" methods="6" coveredmethods="0"/>
          <line num="16" count="0" type="stmt"/>
          <line num="17" count="0" type="stmt"/>
          <line num="21" count="0" type="stmt"/>
          <line num="22" count="0" type="stmt"/>
          <line num="27" count="0" type="stmt"/>
          <line num="38" count="0" type="stmt"/>
          <line num="66" count="1" type="stmt"/>
          <line num="74" count="1" type="stmt"/>
          <line num="75" count="0" type="stmt"/>
        </file>
        <file name="UserListButton.js" path="/Users/hacktiv8/Desktop/habilhusni/grandma-care-client/src/components/UserListButton.js">
          <metrics statements="3" coveredstatements="2" conditionals="0" coveredconditionals="0" methods="2" coveredmethods="1"/>
          <line num="9" count="1" type="stmt"/>
          <line num="11" count="0" type="stmt"/>
          <line num="19" count="1" type="stmt"/>
        </file>
      </package>
      <package name="grandma-care-client.src.constants">
        <metrics statements="23" coveredstatements="23" conditionals="0" coveredconditionals="0" methods="0" coveredmethods="0"/>
        <file name="index.js" path="/Users/hacktiv8/Desktop/habilhusni/grandma-care-client/src/constants/index.js">
          <metrics statements="23" coveredstatements="23" conditionals="0" coveredconditionals="0" methods="0" coveredmethods="0"/>
          <line num="1" count="2" type="stmt"/>
          <line num="2" count="2" type="stmt"/>
          <line num="3" count="2" type="stmt"/>
          <line num="4" count="2" type="stmt"/>
          <line num="5" count="2" type="stmt"/>
          <line num="6" count="2" type="stmt"/>
          <line num="7" count="2" type="stmt"/>
          <line num="8" count="2" type="stmt"/>
          <line num="9" count="2" type="stmt"/>
          <line num="10" count="2" type="stmt"/>
          <line num="11" count="2" type="stmt"/>
          <line num="12" count="2" type="stmt"/>
          <line num="13" count="2" type="stmt"/>
          <line num="14" count="2" type="stmt"/>
          <line num="15" count="2" type="stmt"/>
          <line num="16" count="2" type="stmt"/>
          <line num="17" count="2" type="stmt"/>
          <line num="18" count="2" type="stmt"/>
          <line num="19" count="2" type="stmt"/>
          <line num="20" count="2" type="stmt"/>
          <line num="21" count="2" type="stmt"/>
          <line num="22" count="2" type="stmt"/>
          <line num="23" count="2" type="stmt"/>
        </file>
      </package>
      <package name="grandma-care-client.src.helpers">
        <metrics statements="7" coveredstatements="0" conditionals="0" coveredconditionals="0" methods="4" coveredmethods="0"/>
        <file name="backgroundjob.js" path="/Users/hacktiv8/Desktop/habilhusni/grandma-care-client/src/helpers/backgroundjob.js">
          <metrics statements="7" coveredstatements="0" conditionals="0" coveredconditionals="0" methods="4" coveredmethods="0"/>
          <line num="4" count="0" type="stmt"/>
          <line num="5" count="0" type="stmt"/>
          <line num="7" count="0" type="stmt"/>
          <line num="11" count="0" type="stmt"/>
          <line num="17" count="0" type="stmt"/>
          <line num="18" count="0" type="stmt"/>
          <line num="20" count="0" type="stmt"/>
        </file>
      </package>
      <package name="grandma-care-client.src.reducers">
        <metrics statements="38" coveredstatements="38" conditionals="31" coveredconditionals="31" methods="7" coveredmethods="7"/>
        <file name="UserListReducer.js" path="/Users/hacktiv8/Desktop/habilhusni/grandma-care-client/src/reducers/UserListReducer.js">
          <metrics statements="5" coveredstatements="5" conditionals="4" coveredconditionals="4" methods="1" coveredmethods="1"/>
          <line num="3" count="2" type="cond" truecount="1" falsecount="0"/>
          <line num="4" count="6" type="cond" truecount="3" falsecount="0"/>
          <line num="5" count="1" type="stmt"/>
          <line num="6" count="1" type="stmt"/>
          <line num="7" count="4" type="stmt"/>
        </file>
        <file name="addFriendReducer.js" path="/Users/hacktiv8/Desktop/habilhusni/grandma-care-client/src/reducers/addFriendReducer.js">
          <metrics statements="6" coveredstatements="6" conditionals="5" coveredconditionals="5" methods="1" coveredmethods="1"/>
          <line num="3" count="2" type="cond" truecount="1" falsecount="0"/>
          <line num="4" count="7" type="cond" truecount="4" falsecount="0"/>
          <line num="5" count="1" type="stmt"/>
          <line num="6" count="1" type="stmt"/>
          <line num="7" count="1" type="stmt"/>
          <line num="8" count="4" type="stmt"/>
        </file>
        <file name="authReducer.js" path="/Users/hacktiv8/Desktop/habilhusni/grandma-care-client/src/reducers/authReducer.js">
          <metrics statements="5" coveredstatements="5" conditionals="4" coveredconditionals="4" methods="1" coveredmethods="1"/>
          <line num="3" count="2" type="cond" truecount="1" falsecount="0"/>
          <line num="4" count="6" type="cond" truecount="3" falsecount="0"/>
          <line num="5" count="1" type="stmt"/>
          <line num="6" count="1" type="stmt"/>
          <line num="7" count="4" type="stmt"/>
        </file>
        <file name="deactivateReducer.js" path="/Users/hacktiv8/Desktop/habilhusni/grandma-care-client/src/reducers/deactivateReducer.js">
          <metrics statements="5" coveredstatements="5" conditionals="4" coveredconditionals="4" methods="1" coveredmethods="1"/>
          <line num="3" count="2" type="cond" truecount="1" falsecount="0"/>
          <line num="4" count="6" type="cond" truecount="3" falsecount="0"/>
          <line num="5" count="1" type="stmt"/>
          <line num="6" count="1" type="stmt"/>
          <line num="7" count="4" type="stmt"/>
        </file>
        <file name="deleteFriendReducer.js" path="/Users/hacktiv8/Desktop/habilhusni/grandma-care-client/src/reducers/deleteFriendReducer.js">
          <metrics statements="6" coveredstatements="6" conditionals="5" coveredconditionals="5" methods="1" coveredmethods="1"/>
          <line num="3" count="2" type="cond" truecount="1" falsecount="0"/>
          <line num="4" count="7" type="cond" truecount="4" falsecount="0"/>
          <line num="5" count="1" type="stmt"/>
          <line num="6" count="1" type="stmt"/>
          <line num="7" count="1" type="stmt"/>
          <line num="8" count="4" type="stmt"/>
        </file>
        <file name="index.js" path="/Users/hacktiv8/Desktop/habilhusni/grandma-care-client/src/reducers/index.js">
          <metrics statements="0" coveredstatements="0" conditionals="0" coveredconditionals="0" methods="0" coveredmethods="0"/>
        </file>
        <file name="registerReducer.js" path="/Users/hacktiv8/Desktop/habilhusni/grandma-care-client/src/reducers/registerReducer.js">
          <metrics statements="6" coveredstatements="6" conditionals="5" coveredconditionals="5" methods="1" coveredmethods="1"/>
          <line num="3" count="2" type="cond" truecount="1" falsecount="0"/>
          <line num="4" count="7" type="cond" truecount="4" falsecount="0"/>
          <line num="5" count="1" type="stmt"/>
          <line num="6" count="1" type="stmt"/>
          <line num="7" count="1" type="stmt"/>
          <line num="8" count="4" type="stmt"/>
        </file>
        <file name="userReducer.js" path="/Users/hacktiv8/Desktop/habilhusni/grandma-care-client/src/reducers/userReducer.js">
          <metrics statements="5" coveredstatements="5" conditionals="4" coveredconditionals="4" methods="1" coveredmethods="1"/>
          <line num="3" count="2" type="cond" truecount="1" falsecount="0"/>
          <line num="4" count="6" type="cond" truecount="3" falsecount="0"/>
          <line num="5" count="1" type="stmt"/>
          <line num="6" count="1" type="stmt"/>
          <line num="7" count="4" type="stmt"/>
        </file>
      </package>
      <package name="grandma-care-client.src.styles">
        <metrics statements="1" coveredstatements="1" conditionals="0" coveredconditionals="0" methods="0" coveredmethods="0"/>
        <file name="index.js" path="/Users/hacktiv8/Desktop/habilhusni/grandma-care-client/src/styles/index.js">
          <metrics statements="1" coveredstatements="1" conditionals="0" coveredconditionals="0" methods="0" coveredmethods="0"/>
          <line num="3" count="1" type="stmt"/>
        </file>
      </package>
    </metrics>
  </project>
</coverage>
