{"/Users/hacktiv8/Desktop/habilhusni/grandma-care-client/index.android.js": {"path":"/Users/hacktiv8/Desktop/habilhusni/grandma-care-client/index.android.js","statementMap":{"0":{"start":{"line":17,"column":14},"end":{"line":17,"column":67}},"1":{"start":{"line":21,"column":4},"end":{"line":25,"column":6}},"2":{"start":{"line":29,"column":0},"end":{"line":29,"column":54}},"3":{"start":{"line":29,"column":46},"end":{"line":29,"column":52}}},"fnMap":{"0":{"name":"(anonymous_0)","decl":{"start":{"line":20,"column":2},"end":{"line":20,"column":3}},"loc":{"start":{"line":20,"column":11},"end":{"line":26,"column":3}},"line":20},"1":{"name":"(anonymous_1)","decl":{"start":{"line":29,"column":40},"end":{"line":29,"column":41}},"loc":{"start":{"line":29,"column":46},"end":{"line":29,"column":52}},"line":29}},"branchMap":{},"s":{"0":1,"1":0,"2":1,"3":0},"f":{"0":0,"1":0},"b":{},"_coverageSchema":"332fd63041d2c1bcb487cc26dd0d5f7d97098a6c","hash":"58488ff198bb4b4539cdd5d653d8f49c635b5bad"}
,"/Users/hacktiv8/Desktop/habilhusni/grandma-care-client/jest/setup.js": {"path":"/Users/hacktiv8/Desktop/habilhusni/grandma-care-client/jest/setup.js","statementMap":{"0":{"start":{"line":1,"column":0},"end":{"line":9,"column":2}},"1":{"start":{"line":2,"column":2},"end":{"line":8,"column":3}}},"fnMap":{"0":{"name":"(anonymous_0)","decl":{"start":{"line":1,"column":21},"end":{"line":1,"column":22}},"loc":{"start":{"line":1,"column":27},"end":{"line":9,"column":1}},"line":1}},"branchMap":{},"s":{"0":2,"1":1},"f":{"0":1},"b":{},"_coverageSchema":"332fd63041d2c1bcb487cc26dd0d5f7d97098a6c","hash":"17d5c20314bc3ac7e474f1536589e3aa0ec073ae"}
,"/Users/hacktiv8/Desktop/habilhusni/grandma-care-client/src/index.js": {"path":"/Users/hacktiv8/Desktop/habilhusni/grandma-care-client/src/index.js","statementMap":{"0":{"start":{"line":9,"column":12},"end":{"line":19,"column":1}}},"fnMap":{},"branchMap":{},"s":{"0":1},"f":{},"b":{},"_coverageSchema":"332fd63041d2c1bcb487cc26dd0d5f7d97098a6c","hash":"a432c12f320b87037030ce70e520f60b1e937f13"}
,"/Users/hacktiv8/Desktop/habilhusni/grandma-care-client/src/actions/index.js": {"path":"/Users/hacktiv8/Desktop/habilhusni/grandma-care-client/src/actions/index.js","statementMap":{"0":{"start":{"line":3,"column":31},"end":{"line":5,"column":2}},"1":{"start":{"line":3,"column":38},"end":{"line":5,"column":1}},"2":{"start":{"line":7,"column":28},"end":{"line":9,"column":2}},"3":{"start":{"line":7,"column":35},"end":{"line":9,"column":1}},"4":{"start":{"line":11,"column":28},"end":{"line":14,"column":2}},"5":{"start":{"line":11,"column":38},"end":{"line":14,"column":1}},"6":{"start":{"line":16,"column":28},"end":{"line":19,"column":2}},"7":{"start":{"line":16,"column":40},"end":{"line":19,"column":1}},"8":{"start":{"line":21,"column":25},"end":{"line":24,"column":2}},"9":{"start":{"line":21,"column":35},"end":{"line":24,"column":1}},"10":{"start":{"line":26,"column":33},"end":{"line":29,"column":2}},"11":{"start":{"line":26,"column":45},"end":{"line":29,"column":1}},"12":{"start":{"line":31,"column":30},"end":{"line":34,"column":2}},"13":{"start":{"line":31,"column":40},"end":{"line":34,"column":1}},"14":{"start":{"line":36,"column":35},"end":{"line":39,"column":2}},"15":{"start":{"line":36,"column":47},"end":{"line":39,"column":1}},"16":{"start":{"line":41,"column":32},"end":{"line":44,"column":2}},"17":{"start":{"line":41,"column":42},"end":{"line":44,"column":1}},"18":{"start":{"line":46,"column":37},"end":{"line":49,"column":2}},"19":{"start":{"line":46,"column":49},"end":{"line":49,"column":1}},"20":{"start":{"line":51,"column":34},"end":{"line":54,"column":2}},"21":{"start":{"line":51,"column":44},"end":{"line":54,"column":1}},"22":{"start":{"line":56,"column":35},"end":{"line":59,"column":2}},"23":{"start":{"line":56,"column":47},"end":{"line":59,"column":1}},"24":{"start":{"line":61,"column":32},"end":{"line":64,"column":2}},"25":{"start":{"line":61,"column":42},"end":{"line":64,"column":1}},"26":{"start":{"line":66,"column":32},"end":{"line":68,"column":2}},"27":{"start":{"line":66,"column":39},"end":{"line":68,"column":1}},"28":{"start":{"line":70,"column":29},"end":{"line":73,"column":2}},"29":{"start":{"line":70,"column":39},"end":{"line":73,"column":1}},"30":{"start":{"line":75,"column":29},"end":{"line":77,"column":2}},"31":{"start":{"line":75,"column":36},"end":{"line":77,"column":1}},"32":{"start":{"line":79,"column":35},"end":{"line":81,"column":2}},"33":{"start":{"line":79,"column":42},"end":{"line":81,"column":1}},"34":{"start":{"line":83,"column":32},"end":{"line":85,"column":2}},"35":{"start":{"line":83,"column":39},"end":{"line":85,"column":1}},"36":{"start":{"line":87,"column":32},"end":{"line":89,"column":2}},"37":{"start":{"line":87,"column":39},"end":{"line":89,"column":1}},"38":{"start":{"line":92,"column":33},"end":{"line":94,"column":2}},"39":{"start":{"line":92,"column":40},"end":{"line":94,"column":1}},"40":{"start":{"line":96,"column":30},"end":{"line":99,"column":2}},"41":{"start":{"line":96,"column":40},"end":{"line":99,"column":1}},"42":{"start":{"line":101,"column":33},"end":{"line":104,"column":2}},"43":{"start":{"line":101,"column":45},"end":{"line":104,"column":1}},"44":{"start":{"line":106,"column":30},"end":{"line":109,"column":2}},"45":{"start":{"line":106,"column":40},"end":{"line":109,"column":1}},"46":{"start":{"line":111,"column":28},"end":{"line":124,"column":1}},"47":{"start":{"line":112,"column":2},"end":{"line":123,"column":3}},"48":{"start":{"line":113,"column":4},"end":{"line":122,"column":52}},"49":{"start":{"line":120,"column":19},"end":{"line":120,"column":29}},"50":{"start":{"line":121,"column":20},"end":{"line":121,"column":55}},"51":{"start":{"line":122,"column":20},"end":{"line":122,"column":51}},"52":{"start":{"line":126,"column":26},"end":{"line":139,"column":1}},"53":{"start":{"line":127,"column":2},"end":{"line":138,"column":3}},"54":{"start":{"line":128,"column":4},"end":{"line":137,"column":50}},"55":{"start":{"line":135,"column":19},"end":{"line":135,"column":29}},"56":{"start":{"line":136,"column":20},"end":{"line":136,"column":53}},"57":{"start":{"line":137,"column":20},"end":{"line":137,"column":49}},"58":{"start":{"line":141,"column":21},"end":{"line":154,"column":1}},"59":{"start":{"line":142,"column":2},"end":{"line":153,"column":3}},"60":{"start":{"line":143,"column":4},"end":{"line":152,"column":45}},"61":{"start":{"line":150,"column":19},"end":{"line":150,"column":29}},"62":{"start":{"line":151,"column":20},"end":{"line":151,"column":48}},"63":{"start":{"line":152,"column":20},"end":{"line":152,"column":44}},"64":{"start":{"line":156,"column":24},"end":{"line":173,"column":1}},"65":{"start":{"line":157,"column":2},"end":{"line":172,"column":3}},"66":{"start":{"line":158,"column":4},"end":{"line":171,"column":48}},"67":{"start":{"line":166,"column":6},"end":{"line":170,"column":7}},"68":{"start":{"line":167,"column":8},"end":{"line":167,"column":48}},"69":{"start":{"line":169,"column":8},"end":{"line":169,"column":35}},"70":{"start":{"line":171,"column":20},"end":{"line":171,"column":47}},"71":{"start":{"line":175,"column":30},"end":{"line":189,"column":1}},"72":{"start":{"line":176,"column":2},"end":{"line":188,"column":3}},"73":{"start":{"line":177,"column":4},"end":{"line":187,"column":54}},"74":{"start":{"line":185,"column":19},"end":{"line":185,"column":29}},"75":{"start":{"line":186,"column":20},"end":{"line":186,"column":57}},"76":{"start":{"line":187,"column":20},"end":{"line":187,"column":53}},"77":{"start":{"line":191,"column":28},"end":{"line":205,"column":1}},"78":{"start":{"line":192,"column":2},"end":{"line":204,"column":3}},"79":{"start":{"line":193,"column":4},"end":{"line":203,"column":52}},"80":{"start":{"line":201,"column":19},"end":{"line":201,"column":29}},"81":{"start":{"line":202,"column":20},"end":{"line":202,"column":55}},"82":{"start":{"line":203,"column":20},"end":{"line":203,"column":51}},"83":{"start":{"line":207,"column":25},"end":{"line":219,"column":1}},"84":{"start":{"line":208,"column":2},"end":{"line":218,"column":3}},"85":{"start":{"line":209,"column":4},"end":{"line":217,"column":49}},"86":{"start":{"line":216,"column":18},"end":{"line":216,"column":46}},"87":{"start":{"line":217,"column":20},"end":{"line":217,"column":48}},"88":{"start":{"line":221,"column":28},"end":{"line":233,"column":1}},"89":{"start":{"line":222,"column":2},"end":{"line":232,"column":3}},"90":{"start":{"line":223,"column":4},"end":{"line":231,"column":52}},"91":{"start":{"line":230,"column":18},"end":{"line":230,"column":49}},"92":{"start":{"line":231,"column":20},"end":{"line":231,"column":51}},"93":{"start":{"line":235,"column":26},"end":{"line":247,"column":1}},"94":{"start":{"line":236,"column":2},"end":{"line":246,"column":3}},"95":{"start":{"line":237,"column":4},"end":{"line":245,"column":50}},"96":{"start":{"line":244,"column":18},"end":{"line":244,"column":47}},"97":{"start":{"line":245,"column":20},"end":{"line":245,"column":49}},"98":{"start":{"line":249,"column":26},"end":{"line":264,"column":1}},"99":{"start":{"line":250,"column":2},"end":{"line":263,"column":3}},"100":{"start":{"line":251,"column":4},"end":{"line":262,"column":48}},"101":{"start":{"line":260,"column":19},"end":{"line":260,"column":29}},"102":{"start":{"line":261,"column":20},"end":{"line":261,"column":53}},"103":{"start":{"line":262,"column":18},"end":{"line":262,"column":47}}},"fnMap":{"0":{"name":"(anonymous_0)","decl":{"start":{"line":3,"column":31},"end":{"line":3,"column":32}},"loc":{"start":{"line":3,"column":38},"end":{"line":5,"column":1}},"line":3},"1":{"name":"(anonymous_1)","decl":{"start":{"line":7,"column":28},"end":{"line":7,"column":29}},"loc":{"start":{"line":7,"column":35},"end":{"line":9,"column":1}},"line":7},"2":{"name":"(anonymous_2)","decl":{"start":{"line":11,"column":28},"end":{"line":11,"column":29}},"loc":{"start":{"line":11,"column":38},"end":{"line":14,"column":1}},"line":11},"3":{"name":"(anonymous_3)","decl":{"start":{"line":16,"column":28},"end":{"line":16,"column":29}},"loc":{"start":{"line":16,"column":40},"end":{"line":19,"column":1}},"line":16},"4":{"name":"(anonymous_4)","decl":{"start":{"line":21,"column":25},"end":{"line":21,"column":26}},"loc":{"start":{"line":21,"column":35},"end":{"line":24,"column":1}},"line":21},"5":{"name":"(anonymous_5)","decl":{"start":{"line":26,"column":33},"end":{"line":26,"column":34}},"loc":{"start":{"line":26,"column":45},"end":{"line":29,"column":1}},"line":26},"6":{"name":"(anonymous_6)","decl":{"start":{"line":31,"column":30},"end":{"line":31,"column":31}},"loc":{"start":{"line":31,"column":40},"end":{"line":34,"column":1}},"line":31},"7":{"name":"(anonymous_7)","decl":{"start":{"line":36,"column":35},"end":{"line":36,"column":36}},"loc":{"start":{"line":36,"column":47},"end":{"line":39,"column":1}},"line":36},"8":{"name":"(anonymous_8)","decl":{"start":{"line":41,"column":32},"end":{"line":41,"column":33}},"loc":{"start":{"line":41,"column":42},"end":{"line":44,"column":1}},"line":41},"9":{"name":"(anonymous_9)","decl":{"start":{"line":46,"column":37},"end":{"line":46,"column":38}},"loc":{"start":{"line":46,"column":49},"end":{"line":49,"column":1}},"line":46},"10":{"name":"(anonymous_10)","decl":{"start":{"line":51,"column":34},"end":{"line":51,"column":35}},"loc":{"start":{"line":51,"column":44},"end":{"line":54,"column":1}},"line":51},"11":{"name":"(anonymous_11)","decl":{"start":{"line":56,"column":35},"end":{"line":56,"column":36}},"loc":{"start":{"line":56,"column":47},"end":{"line":59,"column":1}},"line":56},"12":{"name":"(anonymous_12)","decl":{"start":{"line":61,"column":32},"end":{"line":61,"column":33}},"loc":{"start":{"line":61,"column":42},"end":{"line":64,"column":1}},"line":61},"13":{"name":"(anonymous_13)","decl":{"start":{"line":66,"column":32},"end":{"line":66,"column":33}},"loc":{"start":{"line":66,"column":39},"end":{"line":68,"column":1}},"line":66},"14":{"name":"(anonymous_14)","decl":{"start":{"line":70,"column":29},"end":{"line":70,"column":30}},"loc":{"start":{"line":70,"column":39},"end":{"line":73,"column":1}},"line":70},"15":{"name":"(anonymous_15)","decl":{"start":{"line":75,"column":29},"end":{"line":75,"column":30}},"loc":{"start":{"line":75,"column":36},"end":{"line":77,"column":1}},"line":75},"16":{"name":"(anonymous_16)","decl":{"start":{"line":79,"column":35},"end":{"line":79,"column":36}},"loc":{"start":{"line":79,"column":42},"end":{"line":81,"column":1}},"line":79},"17":{"name":"(anonymous_17)","decl":{"start":{"line":83,"column":32},"end":{"line":83,"column":33}},"loc":{"start":{"line":83,"column":39},"end":{"line":85,"column":1}},"line":83},"18":{"name":"(anonymous_18)","decl":{"start":{"line":87,"column":32},"end":{"line":87,"column":33}},"loc":{"start":{"line":87,"column":39},"end":{"line":89,"column":1}},"line":87},"19":{"name":"(anonymous_19)","decl":{"start":{"line":92,"column":33},"end":{"line":92,"column":34}},"loc":{"start":{"line":92,"column":40},"end":{"line":94,"column":1}},"line":92},"20":{"name":"(anonymous_20)","decl":{"start":{"line":96,"column":30},"end":{"line":96,"column":31}},"loc":{"start":{"line":96,"column":40},"end":{"line":99,"column":1}},"line":96},"21":{"name":"(anonymous_21)","decl":{"start":{"line":101,"column":33},"end":{"line":101,"column":34}},"loc":{"start":{"line":101,"column":45},"end":{"line":104,"column":1}},"line":101},"22":{"name":"(anonymous_22)","decl":{"start":{"line":106,"column":30},"end":{"line":106,"column":31}},"loc":{"start":{"line":106,"column":40},"end":{"line":109,"column":1}},"line":106},"23":{"name":"(anonymous_23)","decl":{"start":{"line":111,"column":28},"end":{"line":111,"column":29}},"loc":{"start":{"line":112,"column":2},"end":{"line":123,"column":3}},"line":112},"24":{"name":"(anonymous_24)","decl":{"start":{"line":112,"column":2},"end":{"line":112,"column":3}},"loc":{"start":{"line":113,"column":4},"end":{"line":122,"column":52}},"line":113},"25":{"name":"(anonymous_25)","decl":{"start":{"line":120,"column":12},"end":{"line":120,"column":13}},"loc":{"start":{"line":120,"column":19},"end":{"line":120,"column":29}},"line":120},"26":{"name":"(anonymous_26)","decl":{"start":{"line":121,"column":12},"end":{"line":121,"column":13}},"loc":{"start":{"line":121,"column":20},"end":{"line":121,"column":55}},"line":121},"27":{"name":"(anonymous_27)","decl":{"start":{"line":122,"column":13},"end":{"line":122,"column":14}},"loc":{"start":{"line":122,"column":20},"end":{"line":122,"column":51}},"line":122},"28":{"name":"(anonymous_28)","decl":{"start":{"line":126,"column":26},"end":{"line":126,"column":27}},"loc":{"start":{"line":127,"column":2},"end":{"line":138,"column":3}},"line":127},"29":{"name":"(anonymous_29)","decl":{"start":{"line":127,"column":2},"end":{"line":127,"column":3}},"loc":{"start":{"line":128,"column":4},"end":{"line":137,"column":50}},"line":128},"30":{"name":"(anonymous_30)","decl":{"start":{"line":135,"column":12},"end":{"line":135,"column":13}},"loc":{"start":{"line":135,"column":19},"end":{"line":135,"column":29}},"line":135},"31":{"name":"(anonymous_31)","decl":{"start":{"line":136,"column":12},"end":{"line":136,"column":13}},"loc":{"start":{"line":136,"column":20},"end":{"line":136,"column":53}},"line":136},"32":{"name":"(anonymous_32)","decl":{"start":{"line":137,"column":13},"end":{"line":137,"column":14}},"loc":{"start":{"line":137,"column":20},"end":{"line":137,"column":49}},"line":137},"33":{"name":"(anonymous_33)","decl":{"start":{"line":141,"column":21},"end":{"line":141,"column":22}},"loc":{"start":{"line":142,"column":2},"end":{"line":153,"column":3}},"line":142},"34":{"name":"(anonymous_34)","decl":{"start":{"line":142,"column":2},"end":{"line":142,"column":3}},"loc":{"start":{"line":143,"column":4},"end":{"line":152,"column":45}},"line":143},"35":{"name":"(anonymous_35)","decl":{"start":{"line":150,"column":12},"end":{"line":150,"column":13}},"loc":{"start":{"line":150,"column":19},"end":{"line":150,"column":29}},"line":150},"36":{"name":"(anonymous_36)","decl":{"start":{"line":151,"column":12},"end":{"line":151,"column":13}},"loc":{"start":{"line":151,"column":20},"end":{"line":151,"column":48}},"line":151},"37":{"name":"(anonymous_37)","decl":{"start":{"line":152,"column":13},"end":{"line":152,"column":14}},"loc":{"start":{"line":152,"column":20},"end":{"line":152,"column":44}},"line":152},"38":{"name":"(anonymous_38)","decl":{"start":{"line":156,"column":24},"end":{"line":156,"column":25}},"loc":{"start":{"line":157,"column":2},"end":{"line":172,"column":3}},"line":157},"39":{"name":"(anonymous_39)","decl":{"start":{"line":157,"column":2},"end":{"line":157,"column":3}},"loc":{"start":{"line":158,"column":4},"end":{"line":171,"column":48}},"line":158},"40":{"name":"(anonymous_40)","decl":{"start":{"line":165,"column":12},"end":{"line":165,"column":13}},"loc":{"start":{"line":165,"column":19},"end":{"line":171,"column":5}},"line":165},"41":{"name":"(anonymous_41)","decl":{"start":{"line":171,"column":13},"end":{"line":171,"column":14}},"loc":{"start":{"line":171,"column":20},"end":{"line":171,"column":47}},"line":171},"42":{"name":"(anonymous_42)","decl":{"start":{"line":175,"column":30},"end":{"line":175,"column":31}},"loc":{"start":{"line":176,"column":2},"end":{"line":188,"column":3}},"line":176},"43":{"name":"(anonymous_43)","decl":{"start":{"line":176,"column":2},"end":{"line":176,"column":3}},"loc":{"start":{"line":177,"column":4},"end":{"line":187,"column":54}},"line":177},"44":{"name":"(anonymous_44)","decl":{"start":{"line":185,"column":10},"end":{"line":185,"column":11}},"loc":{"start":{"line":185,"column":19},"end":{"line":185,"column":29}},"line":185},"45":{"name":"(anonymous_45)","decl":{"start":{"line":186,"column":10},"end":{"line":186,"column":11}},"loc":{"start":{"line":186,"column":20},"end":{"line":186,"column":57}},"line":186},"46":{"name":"(anonymous_46)","decl":{"start":{"line":187,"column":11},"end":{"line":187,"column":12}},"loc":{"start":{"line":187,"column":20},"end":{"line":187,"column":53}},"line":187},"47":{"name":"(anonymous_47)","decl":{"start":{"line":191,"column":28},"end":{"line":191,"column":29}},"loc":{"start":{"line":192,"column":2},"end":{"line":204,"column":3}},"line":192},"48":{"name":"(anonymous_48)","decl":{"start":{"line":192,"column":2},"end":{"line":192,"column":3}},"loc":{"start":{"line":193,"column":4},"end":{"line":203,"column":52}},"line":193},"49":{"name":"(anonymous_49)","decl":{"start":{"line":201,"column":10},"end":{"line":201,"column":11}},"loc":{"start":{"line":201,"column":19},"end":{"line":201,"column":29}},"line":201},"50":{"name":"(anonymous_50)","decl":{"start":{"line":202,"column":10},"end":{"line":202,"column":11}},"loc":{"start":{"line":202,"column":20},"end":{"line":202,"column":55}},"line":202},"51":{"name":"(anonymous_51)","decl":{"start":{"line":203,"column":11},"end":{"line":203,"column":12}},"loc":{"start":{"line":203,"column":20},"end":{"line":203,"column":51}},"line":203},"52":{"name":"(anonymous_52)","decl":{"start":{"line":207,"column":25},"end":{"line":207,"column":26}},"loc":{"start":{"line":208,"column":2},"end":{"line":218,"column":3}},"line":208},"53":{"name":"(anonymous_53)","decl":{"start":{"line":208,"column":2},"end":{"line":208,"column":3}},"loc":{"start":{"line":209,"column":4},"end":{"line":217,"column":49}},"line":209},"54":{"name":"(anonymous_54)","decl":{"start":{"line":216,"column":12},"end":{"line":216,"column":13}},"loc":{"start":{"line":216,"column":18},"end":{"line":216,"column":46}},"line":216},"55":{"name":"(anonymous_55)","decl":{"start":{"line":217,"column":13},"end":{"line":217,"column":14}},"loc":{"start":{"line":217,"column":20},"end":{"line":217,"column":48}},"line":217},"56":{"name":"(anonymous_56)","decl":{"start":{"line":221,"column":28},"end":{"line":221,"column":29}},"loc":{"start":{"line":222,"column":2},"end":{"line":232,"column":3}},"line":222},"57":{"name":"(anonymous_57)","decl":{"start":{"line":222,"column":2},"end":{"line":222,"column":3}},"loc":{"start":{"line":223,"column":4},"end":{"line":231,"column":52}},"line":223},"58":{"name":"(anonymous_58)","decl":{"start":{"line":230,"column":12},"end":{"line":230,"column":13}},"loc":{"start":{"line":230,"column":18},"end":{"line":230,"column":49}},"line":230},"59":{"name":"(anonymous_59)","decl":{"start":{"line":231,"column":13},"end":{"line":231,"column":14}},"loc":{"start":{"line":231,"column":20},"end":{"line":231,"column":51}},"line":231},"60":{"name":"(anonymous_60)","decl":{"start":{"line":235,"column":26},"end":{"line":235,"column":27}},"loc":{"start":{"line":236,"column":2},"end":{"line":246,"column":3}},"line":236},"61":{"name":"(anonymous_61)","decl":{"start":{"line":236,"column":2},"end":{"line":236,"column":3}},"loc":{"start":{"line":237,"column":4},"end":{"line":245,"column":50}},"line":237},"62":{"name":"(anonymous_62)","decl":{"start":{"line":244,"column":12},"end":{"line":244,"column":13}},"loc":{"start":{"line":244,"column":18},"end":{"line":244,"column":47}},"line":244},"63":{"name":"(anonymous_63)","decl":{"start":{"line":245,"column":13},"end":{"line":245,"column":14}},"loc":{"start":{"line":245,"column":20},"end":{"line":245,"column":49}},"line":245},"64":{"name":"(anonymous_64)","decl":{"start":{"line":249,"column":26},"end":{"line":249,"column":27}},"loc":{"start":{"line":250,"column":2},"end":{"line":263,"column":3}},"line":250},"65":{"name":"(anonymous_65)","decl":{"start":{"line":250,"column":2},"end":{"line":250,"column":3}},"loc":{"start":{"line":251,"column":4},"end":{"line":262,"column":48}},"line":251},"66":{"name":"(anonymous_66)","decl":{"start":{"line":260,"column":10},"end":{"line":260,"column":11}},"loc":{"start":{"line":260,"column":19},"end":{"line":260,"column":29}},"line":260},"67":{"name":"(anonymous_67)","decl":{"start":{"line":261,"column":10},"end":{"line":261,"column":11}},"loc":{"start":{"line":261,"column":20},"end":{"line":261,"column":53}},"line":261},"68":{"name":"(anonymous_68)","decl":{"start":{"line":262,"column":11},"end":{"line":262,"column":12}},"loc":{"start":{"line":262,"column":18},"end":{"line":262,"column":47}},"line":262}},"branchMap":{"0":{"loc":{"start":{"line":166,"column":6},"end":{"line":170,"column":7}},"type":"if","locations":[{"start":{"line":166,"column":6},"end":{"line":170,"column":7}},{"start":{"line":166,"column":6},"end":{"line":170,"column":7}}],"line":166}},"s":{"0":2,"1":1,"2":2,"3":1,"4":2,"5":1,"6":2,"7":1,"8":2,"9":1,"10":2,"11":1,"12":2,"13":1,"14":2,"15":1,"16":2,"17":1,"18":2,"19":0,"20":2,"21":0,"22":2,"23":0,"24":2,"25":0,"26":2,"27":1,"28":2,"29":1,"30":2,"31":1,"32":2,"33":1,"34":2,"35":1,"36":2,"37":1,"38":2,"39":1,"40":2,"41":1,"42":2,"43":0,"44":2,"45":0,"46":2,"47":0,"48":0,"49":0,"50":0,"51":0,"52":2,"53":0,"54":0,"55":0,"56":0,"57":0,"58":2,"59":0,"60":0,"61":0,"62":0,"63":0,"64":2,"65":0,"66":0,"67":0,"68":0,"69":0,"70":0,"71":2,"72":0,"73":0,"74":0,"75":0,"76":0,"77":2,"78":0,"79":0,"80":0,"81":0,"82":0,"83":2,"84":0,"85":0,"86":0,"87":0,"88":2,"89":0,"90":0,"91":0,"92":0,"93":2,"94":0,"95":0,"96":0,"97":0,"98":2,"99":0,"100":0,"101":0,"102":0,"103":0},"f":{"0":1,"1":1,"2":1,"3":1,"4":1,"5":1,"6":1,"7":1,"8":1,"9":0,"10":0,"11":0,"12":0,"13":1,"14":1,"15":1,"16":1,"17":1,"18":1,"19":1,"20":1,"21":0,"22":0,"23":0,"24":0,"25":0,"26":0,"27":0,"28":0,"29":0,"30":0,"31":0,"32":0,"33":0,"34":0,"35":0,"36":0,"37":0,"38":0,"39":0,"40":0,"41":0,"42":0,"43":0,"44":0,"45":0,"46":0,"47":0,"48":0,"49":0,"50":0,"51":0,"52":0,"53":0,"54":0,"55":0,"56":0,"57":0,"58":0,"59":0,"60":0,"61":0,"62":0,"63":0,"64":0,"65":0,"66":0,"67":0,"68":0},"b":{"0":[0,0]},"_coverageSchema":"332fd63041d2c1bcb487cc26dd0d5f7d97098a6c","hash":"22a5967e73f2bdcedffde7a75e5f8f07ea26ba8c"}
,"/Users/hacktiv8/Desktop/habilhusni/grandma-care-client/src/components/AddFriend.js": {"path":"/Users/hacktiv8/Desktop/habilhusni/grandma-care-client/src/components/AddFriend.js","statementMap":{"0":{"start":{"line":17,"column":4},"end":{"line":19,"column":6}},"1":{"start":{"line":23,"column":75},"end":{"line":23,"column":85}},"2":{"start":{"line":24,"column":4},"end":{"line":24,"column":30}},"3":{"start":{"line":26,"column":4},"end":{"line":33,"column":5}},"4":{"start":{"line":27,"column":6},"end":{"line":32,"column":7}},"5":{"start":{"line":28,"column":8},"end":{"line":28,"column":95}},"6":{"start":{"line":29,"column":8},"end":{"line":29,"column":23}},"7":{"start":{"line":31,"column":8},"end":{"line":31,"column":86}},"8":{"start":{"line":37,"column":68},"end":{"line":37,"column":78}},"9":{"start":{"line":38,"column":28},"end":{"line":38,"column":38}},"10":{"start":{"line":39,"column":30},"end":{"line":39,"column":54}},"11":{"start":{"line":40,"column":4},"end":{"line":92,"column":5}},"12":{"start":{"line":56,"column":28},"end":{"line":56,"column":60}},"13":{"start":{"line":71,"column":35},"end":{"line":71,"column":77}},"14":{"start":{"line":78,"column":20},"end":{"line":78,"column":55}},"15":{"start":{"line":79,"column":20},"end":{"line":81,"column":27}},"16":{"start":{"line":80,"column":22},"end":{"line":80,"column":54}},"17":{"start":{"line":96,"column":0},"end":{"line":103,"column":1}},"18":{"start":{"line":105,"column":24},"end":{"line":107,"column":2}},"19":{"start":{"line":105,"column":34},"end":{"line":107,"column":1}},"20":{"start":{"line":109,"column":27},"end":{"line":113,"column":2}},"21":{"start":{"line":109,"column":40},"end":{"line":113,"column":1}},"22":{"start":{"line":110,"column":45},"end":{"line":110,"column":90}},"23":{"start":{"line":111,"column":23},"end":{"line":111,"column":48}},"24":{"start":{"line":112,"column":34},"end":{"line":112,"column":70}}},"fnMap":{"0":{"name":"(anonymous_0)","decl":{"start":{"line":16,"column":22},"end":{"line":16,"column":23}},"loc":{"start":{"line":16,"column":30},"end":{"line":20,"column":3}},"line":16},"1":{"name":"(anonymous_1)","decl":{"start":{"line":22,"column":2},"end":{"line":22,"column":3}},"loc":{"start":{"line":22,"column":25},"end":{"line":34,"column":3}},"line":22},"2":{"name":"(anonymous_2)","decl":{"start":{"line":36,"column":2},"end":{"line":36,"column":3}},"loc":{"start":{"line":36,"column":11},"end":{"line":93,"column":3}},"line":36},"3":{"name":"(anonymous_3)","decl":{"start":{"line":56,"column":23},"end":{"line":56,"column":24}},"loc":{"start":{"line":56,"column":28},"end":{"line":56,"column":60}},"line":56},"4":{"name":"(anonymous_4)","decl":{"start":{"line":71,"column":28},"end":{"line":71,"column":29}},"loc":{"start":{"line":71,"column":35},"end":{"line":71,"column":77}},"line":71},"5":{"name":"(anonymous_5)","decl":{"start":{"line":77,"column":27},"end":{"line":77,"column":28}},"loc":{"start":{"line":77,"column":33},"end":{"line":82,"column":19}},"line":77},"6":{"name":"(anonymous_6)","decl":{"start":{"line":79,"column":31},"end":{"line":79,"column":32}},"loc":{"start":{"line":79,"column":36},"end":{"line":81,"column":21}},"line":79},"7":{"name":"(anonymous_7)","decl":{"start":{"line":105,"column":24},"end":{"line":105,"column":25}},"loc":{"start":{"line":105,"column":34},"end":{"line":107,"column":1}},"line":105},"8":{"name":"(anonymous_8)","decl":{"start":{"line":109,"column":27},"end":{"line":109,"column":28}},"loc":{"start":{"line":109,"column":40},"end":{"line":113,"column":1}},"line":109},"9":{"name":"(anonymous_9)","decl":{"start":{"line":110,"column":13},"end":{"line":110,"column":14}},"loc":{"start":{"line":110,"column":45},"end":{"line":110,"column":90}},"line":110},"10":{"name":"(anonymous_10)","decl":{"start":{"line":111,"column":17},"end":{"line":111,"column":18}},"loc":{"start":{"line":111,"column":23},"end":{"line":111,"column":48}},"line":111},"11":{"name":"(anonymous_11)","decl":{"start":{"line":112,"column":16},"end":{"line":112,"column":17}},"loc":{"start":{"line":112,"column":34},"end":{"line":112,"column":70}},"line":112}},"branchMap":{"0":{"loc":{"start":{"line":26,"column":4},"end":{"line":33,"column":5}},"type":"if","locations":[{"start":{"line":26,"column":4},"end":{"line":33,"column":5}},{"start":{"line":26,"column":4},"end":{"line":33,"column":5}}],"line":26},"1":{"loc":{"start":{"line":27,"column":6},"end":{"line":32,"column":7}},"type":"if","locations":[{"start":{"line":27,"column":6},"end":{"line":32,"column":7}},{"start":{"line":27,"column":6},"end":{"line":32,"column":7}}],"line":27}},"s":{"0":0,"1":0,"2":0,"3":0,"4":0,"5":0,"6":0,"7":0,"8":0,"9":0,"10":0,"11":0,"12":0,"13":0,"14":0,"15":0,"16":0,"17":1,"18":1,"19":0,"20":1,"21":0,"22":0,"23":0,"24":0},"f":{"0":0,"1":0,"2":0,"3":0,"4":0,"5":0,"6":0,"7":0,"8":0,"9":0,"10":0,"11":0},"b":{"0":[0,0],"1":[0,0]},"_coverageSchema":"332fd63041d2c1bcb487cc26dd0d5f7d97098a6c","hash":"f0a820ca531b3ae0fe947e5264acc430c7849755"}
,"/Users/hacktiv8/Desktop/habilhusni/grandma-care-client/src/components/AddFriendButton.js": {"path":"/Users/hacktiv8/Desktop/habilhusni/grandma-care-client/src/components/AddFriendButton.js","statementMap":{"0":{"start":{"line":9,"column":4},"end":{"line":15,"column":5}},"1":{"start":{"line":11,"column":23},"end":{"line":11,"column":65}},"2":{"start":{"line":19,"column":0},"end":{"line":21,"column":1}}},"fnMap":{"0":{"name":"(anonymous_0)","decl":{"start":{"line":8,"column":2},"end":{"line":8,"column":3}},"loc":{"start":{"line":8,"column":11},"end":{"line":16,"column":3}},"line":8},"1":{"name":"(anonymous_1)","decl":{"start":{"line":11,"column":17},"end":{"line":11,"column":18}},"loc":{"start":{"line":11,"column":23},"end":{"line":11,"column":65}},"line":11}},"branchMap":{},"s":{"0":1,"1":0,"2":1},"f":{"0":1,"1":0},"b":{},"_coverageSchema":"332fd63041d2c1bcb487cc26dd0d5f7d97098a6c","hash":"6768aedc40d73c310ca8a7bb60b04d1761d345a4"}
,"/Users/hacktiv8/Desktop/habilhusni/grandma-care-client/src/components/DeactivateAccountButton.js": {"path":"/Users/hacktiv8/Desktop/habilhusni/grandma-care-client/src/components/DeactivateAccountButton.js","statementMap":{"0":{"start":{"line":13,"column":58},"end":{"line":13,"column":68}},"1":{"start":{"line":14,"column":30},"end":{"line":14,"column":51}},"2":{"start":{"line":15,"column":4},"end":{"line":34,"column":5}},"3":{"start":{"line":19,"column":36},"end":{"line":19,"column":40}},"4":{"start":{"line":21,"column":10},"end":{"line":21,"column":34}},"5":{"start":{"line":22,"column":10},"end":{"line":31,"column":12}},"6":{"start":{"line":23,"column":12},"end":{"line":23,"column":106}},"7":{"start":{"line":24,"column":12},"end":{"line":30,"column":19}},"8":{"start":{"line":25,"column":14},"end":{"line":29,"column":15}},"9":{"start":{"line":26,"column":16},"end":{"line":26,"column":45}},"10":{"start":{"line":28,"column":16},"end":{"line":28,"column":28}},"11":{"start":{"line":38,"column":4},"end":{"line":43,"column":5}},"12":{"start":{"line":40,"column":23},"end":{"line":40,"column":41}},"13":{"start":{"line":47,"column":0},"end":{"line":53,"column":1}},"14":{"start":{"line":55,"column":27},"end":{"line":58,"column":2}},"15":{"start":{"line":55,"column":40},"end":{"line":58,"column":1}},"16":{"start":{"line":56,"column":32},"end":{"line":56,"column":66}},"17":{"start":{"line":57,"column":24},"end":{"line":57,"column":50}}},"fnMap":{"0":{"name":"(anonymous_0)","decl":{"start":{"line":12,"column":16},"end":{"line":12,"column":17}},"loc":{"start":{"line":12,"column":22},"end":{"line":35,"column":3}},"line":12},"1":{"name":"(anonymous_1)","decl":{"start":{"line":19,"column":30},"end":{"line":19,"column":31}},"loc":{"start":{"line":19,"column":36},"end":{"line":19,"column":40}},"line":19},"2":{"name":"(anonymous_2)","decl":{"start":{"line":20,"column":31},"end":{"line":20,"column":32}},"loc":{"start":{"line":20,"column":37},"end":{"line":32,"column":9}},"line":20},"3":{"name":"(anonymous_3)","decl":{"start":{"line":22,"column":51},"end":{"line":22,"column":52}},"loc":{"start":{"line":22,"column":59},"end":{"line":31,"column":11}},"line":22},"4":{"name":"(anonymous_4)","decl":{"start":{"line":24,"column":23},"end":{"line":24,"column":24}},"loc":{"start":{"line":24,"column":28},"end":{"line":30,"column":13}},"line":24},"5":{"name":"(anonymous_5)","decl":{"start":{"line":37,"column":2},"end":{"line":37,"column":3}},"loc":{"start":{"line":37,"column":11},"end":{"line":44,"column":3}},"line":37},"6":{"name":"(anonymous_6)","decl":{"start":{"line":40,"column":17},"end":{"line":40,"column":18}},"loc":{"start":{"line":40,"column":23},"end":{"line":40,"column":41}},"line":40},"7":{"name":"(anonymous_7)","decl":{"start":{"line":55,"column":27},"end":{"line":55,"column":28}},"loc":{"start":{"line":55,"column":40},"end":{"line":58,"column":1}},"line":55},"8":{"name":"(anonymous_8)","decl":{"start":{"line":56,"column":14},"end":{"line":56,"column":15}},"loc":{"start":{"line":56,"column":32},"end":{"line":56,"column":66}},"line":56},"9":{"name":"(anonymous_9)","decl":{"start":{"line":57,"column":18},"end":{"line":57,"column":19}},"loc":{"start":{"line":57,"column":24},"end":{"line":57,"column":50}},"line":57}},"branchMap":{"0":{"loc":{"start":{"line":25,"column":14},"end":{"line":29,"column":15}},"type":"if","locations":[{"start":{"line":25,"column":14},"end":{"line":29,"column":15}},{"start":{"line":25,"column":14},"end":{"line":29,"column":15}}],"line":25}},"s":{"0":0,"1":0,"2":0,"3":0,"4":0,"5":0,"6":0,"7":0,"8":0,"9":0,"10":0,"11":0,"12":0,"13":1,"14":1,"15":0,"16":0,"17":0},"f":{"0":0,"1":0,"2":0,"3":0,"4":0,"5":0,"6":0,"7":0,"8":0,"9":0},"b":{"0":[0,0]},"_coverageSchema":"332fd63041d2c1bcb487cc26dd0d5f7d97098a6c","hash":"fdf3328fba8e6594aa4f9c3feb5e84211133a8f2"}
,"/Users/hacktiv8/Desktop/habilhusni/grandma-care-client/src/components/DeleteFriendButton.js": {"path":"/Users/hacktiv8/Desktop/habilhusni/grandma-care-client/src/components/DeleteFriendButton.js","statementMap":{"0":{"start":{"line":13,"column":67},"end":{"line":13,"column":77}},"1":{"start":{"line":14,"column":4},"end":{"line":14,"column":30}},"2":{"start":{"line":15,"column":4},"end":{"line":22,"column":5}},"3":{"start":{"line":16,"column":6},"end":{"line":21,"column":7}},"4":{"start":{"line":17,"column":8},"end":{"line":17,"column":90}},"5":{"start":{"line":18,"column":8},"end":{"line":18,"column":26}},"6":{"start":{"line":20,"column":8},"end":{"line":20,"column":94}},"7":{"start":{"line":26,"column":80},"end":{"line":26,"column":90}},"8":{"start":{"line":27,"column":4},"end":{"line":37,"column":5}},"9":{"start":{"line":30,"column":10},"end":{"line":30,"column":45}},"10":{"start":{"line":31,"column":10},"end":{"line":33,"column":16}},"11":{"start":{"line":32,"column":12},"end":{"line":32,"column":43}},"12":{"start":{"line":41,"column":0},"end":{"line":48,"column":1}},"13":{"start":{"line":50,"column":24},"end":{"line":52,"column":2}},"14":{"start":{"line":50,"column":34},"end":{"line":52,"column":1}},"15":{"start":{"line":54,"column":27},"end":{"line":57,"column":2}},"16":{"start":{"line":54,"column":40},"end":{"line":57,"column":1}},"17":{"start":{"line":55,"column":43},"end":{"line":55,"column":88}},"18":{"start":{"line":56,"column":26},"end":{"line":56,"column":54}}},"fnMap":{"0":{"name":"(anonymous_0)","decl":{"start":{"line":12,"column":2},"end":{"line":12,"column":3}},"loc":{"start":{"line":12,"column":25},"end":{"line":23,"column":3}},"line":12},"1":{"name":"(anonymous_1)","decl":{"start":{"line":25,"column":2},"end":{"line":25,"column":3}},"loc":{"start":{"line":25,"column":11},"end":{"line":38,"column":3}},"line":25},"2":{"name":"(anonymous_2)","decl":{"start":{"line":29,"column":17},"end":{"line":29,"column":18}},"loc":{"start":{"line":29,"column":23},"end":{"line":34,"column":9}},"line":29},"3":{"name":"(anonymous_3)","decl":{"start":{"line":31,"column":21},"end":{"line":31,"column":22}},"loc":{"start":{"line":31,"column":27},"end":{"line":33,"column":11}},"line":31},"4":{"name":"(anonymous_4)","decl":{"start":{"line":50,"column":24},"end":{"line":50,"column":25}},"loc":{"start":{"line":50,"column":34},"end":{"line":52,"column":1}},"line":50},"5":{"name":"(anonymous_5)","decl":{"start":{"line":54,"column":27},"end":{"line":54,"column":28}},"loc":{"start":{"line":54,"column":40},"end":{"line":57,"column":1}},"line":54},"6":{"name":"(anonymous_6)","decl":{"start":{"line":55,"column":16},"end":{"line":55,"column":17}},"loc":{"start":{"line":55,"column":43},"end":{"line":55,"column":88}},"line":55},"7":{"name":"(anonymous_7)","decl":{"start":{"line":56,"column":20},"end":{"line":56,"column":21}},"loc":{"start":{"line":56,"column":26},"end":{"line":56,"column":54}},"line":56}},"branchMap":{"0":{"loc":{"start":{"line":15,"column":4},"end":{"line":22,"column":5}},"type":"if","locations":[{"start":{"line":15,"column":4},"end":{"line":22,"column":5}},{"start":{"line":15,"column":4},"end":{"line":22,"column":5}}],"line":15},"1":{"loc":{"start":{"line":16,"column":6},"end":{"line":21,"column":7}},"type":"if","locations":[{"start":{"line":16,"column":6},"end":{"line":21,"column":7}},{"start":{"line":16,"column":6},"end":{"line":21,"column":7}}],"line":16}},"s":{"0":0,"1":0,"2":0,"3":0,"4":0,"5":0,"6":0,"7":0,"8":0,"9":0,"10":0,"11":0,"12":1,"13":1,"14":0,"15":1,"16":0,"17":0,"18":0},"f":{"0":0,"1":0,"2":0,"3":0,"4":0,"5":0,"6":0,"7":0},"b":{"0":[0,0],"1":[0,0]},"_coverageSchema":"332fd63041d2c1bcb487cc26dd0d5f7d97098a6c","hash":"7dee0900f73061f842475a3d0c9c5e378ad35457"}
,"/Users/hacktiv8/Desktop/habilhusni/grandma-care-client/src/components/EditProfile.js": {"path":"/Users/hacktiv8/Desktop/habilhusni/grandma-care-client/src/components/EditProfile.js","statementMap":{"0":{"start":{"line":20,"column":4},"end":{"line":22,"column":6}},"1":{"start":{"line":25,"column":4},"end":{"line":27,"column":6}},"2":{"start":{"line":30,"column":4},"end":{"line":32,"column":6}},"3":{"start":{"line":36,"column":4},"end":{"line":41,"column":6}},"4":{"start":{"line":45,"column":50},"end":{"line":45,"column":60}},"5":{"start":{"line":46,"column":4},"end":{"line":46,"column":31}},"6":{"start":{"line":50,"column":77},"end":{"line":50,"column":87}},"7":{"start":{"line":51,"column":49},"end":{"line":51,"column":59}},"8":{"start":{"line":52,"column":4},"end":{"line":112,"column":5}},"9":{"start":{"line":66,"column":33},"end":{"line":66,"column":77}},"10":{"start":{"line":76,"column":33},"end":{"line":76,"column":74}},"11":{"start":{"line":86,"column":33},"end":{"line":86,"column":74}},"12":{"start":{"line":92,"column":20},"end":{"line":92,"column":67}},"13":{"start":{"line":93,"column":20},"end":{"line":95,"column":27}},"14":{"start":{"line":94,"column":22},"end":{"line":94,"column":56}},"15":{"start":{"line":103,"column":20},"end":{"line":103,"column":54}},"16":{"start":{"line":116,"column":0},"end":{"line":122,"column":1}},"17":{"start":{"line":124,"column":27},"end":{"line":127,"column":2}},"18":{"start":{"line":124,"column":40},"end":{"line":127,"column":1}},"19":{"start":{"line":125,"column":34},"end":{"line":125,"column":70}},"20":{"start":{"line":126,"column":40},"end":{"line":126,"column":82}}},"fnMap":{"0":{"name":"(anonymous_0)","decl":{"start":{"line":19,"column":24},"end":{"line":19,"column":25}},"loc":{"start":{"line":19,"column":32},"end":{"line":23,"column":3}},"line":19},"1":{"name":"(anonymous_1)","decl":{"start":{"line":24,"column":21},"end":{"line":24,"column":22}},"loc":{"start":{"line":24,"column":29},"end":{"line":28,"column":3}},"line":24},"2":{"name":"(anonymous_2)","decl":{"start":{"line":29,"column":21},"end":{"line":29,"column":22}},"loc":{"start":{"line":29,"column":29},"end":{"line":33,"column":3}},"line":29},"3":{"name":"(anonymous_3)","decl":{"start":{"line":35,"column":2},"end":{"line":35,"column":3}},"loc":{"start":{"line":35,"column":22},"end":{"line":42,"column":3}},"line":35},"4":{"name":"(anonymous_4)","decl":{"start":{"line":44,"column":2},"end":{"line":44,"column":3}},"loc":{"start":{"line":44,"column":25},"end":{"line":47,"column":3}},"line":44},"5":{"name":"(anonymous_5)","decl":{"start":{"line":49,"column":2},"end":{"line":49,"column":3}},"loc":{"start":{"line":49,"column":11},"end":{"line":113,"column":3}},"line":49},"6":{"name":"(anonymous_6)","decl":{"start":{"line":66,"column":28},"end":{"line":66,"column":29}},"loc":{"start":{"line":66,"column":33},"end":{"line":66,"column":77}},"line":66},"7":{"name":"(anonymous_7)","decl":{"start":{"line":76,"column":28},"end":{"line":76,"column":29}},"loc":{"start":{"line":76,"column":33},"end":{"line":76,"column":74}},"line":76},"8":{"name":"(anonymous_8)","decl":{"start":{"line":86,"column":28},"end":{"line":86,"column":29}},"loc":{"start":{"line":86,"column":33},"end":{"line":86,"column":74}},"line":86},"9":{"name":"(anonymous_9)","decl":{"start":{"line":91,"column":27},"end":{"line":91,"column":28}},"loc":{"start":{"line":91,"column":32},"end":{"line":96,"column":19}},"line":91},"10":{"name":"(anonymous_10)","decl":{"start":{"line":93,"column":31},"end":{"line":93,"column":32}},"loc":{"start":{"line":93,"column":36},"end":{"line":95,"column":21}},"line":93},"11":{"name":"(anonymous_11)","decl":{"start":{"line":102,"column":27},"end":{"line":102,"column":28}},"loc":{"start":{"line":102,"column":32},"end":{"line":104,"column":19}},"line":102},"12":{"name":"(anonymous_12)","decl":{"start":{"line":124,"column":27},"end":{"line":124,"column":28}},"loc":{"start":{"line":124,"column":40},"end":{"line":127,"column":1}},"line":124},"13":{"name":"(anonymous_13)","decl":{"start":{"line":125,"column":16},"end":{"line":125,"column":17}},"loc":{"start":{"line":125,"column":34},"end":{"line":125,"column":70}},"line":125},"14":{"name":"(anonymous_14)","decl":{"start":{"line":126,"column":14},"end":{"line":126,"column":15}},"loc":{"start":{"line":126,"column":40},"end":{"line":126,"column":82}},"line":126}},"branchMap":{},"s":{"0":0,"1":0,"2":0,"3":0,"4":0,"5":0,"6":0,"7":0,"8":0,"9":0,"10":0,"11":0,"12":0,"13":0,"14":0,"15":0,"16":1,"17":1,"18":0,"19":0,"20":0},"f":{"0":0,"1":0,"2":0,"3":0,"4":0,"5":0,"6":0,"7":0,"8":0,"9":0,"10":0,"11":0,"12":0,"13":0,"14":0},"b":{},"_coverageSchema":"332fd63041d2c1bcb487cc26dd0d5f7d97098a6c","hash":"28addda9a173974d8570539bff2bcf364971e932"}
,"/Users/hacktiv8/Desktop/habilhusni/grandma-care-client/src/components/EditProfileButton.js": {"path":"/Users/hacktiv8/Desktop/habilhusni/grandma-care-client/src/components/EditProfileButton.js","statementMap":{"0":{"start":{"line":9,"column":4},"end":{"line":14,"column":5}},"1":{"start":{"line":11,"column":23},"end":{"line":11,"column":67}},"2":{"start":{"line":18,"column":0},"end":{"line":20,"column":1}}},"fnMap":{"0":{"name":"(anonymous_0)","decl":{"start":{"line":8,"column":2},"end":{"line":8,"column":3}},"loc":{"start":{"line":8,"column":11},"end":{"line":15,"column":3}},"line":8},"1":{"name":"(anonymous_1)","decl":{"start":{"line":11,"column":17},"end":{"line":11,"column":18}},"loc":{"start":{"line":11,"column":23},"end":{"line":11,"column":67}},"line":11}},"branchMap":{},"s":{"0":1,"1":0,"2":1},"f":{"0":1,"1":0},"b":{},"_coverageSchema":"332fd63041d2c1bcb487cc26dd0d5f7d97098a6c","hash":"5a17aae572e05759a8a5d762c345a86cc3685b0c"}
,"/Users/hacktiv8/Desktop/habilhusni/grandma-care-client/src/components/Login.js": {"path":"/Users/hacktiv8/Desktop/habilhusni/grandma-care-client/src/components/Login.js","statementMap":{"0":{"start":{"line":24,"column":15},"end":{"line":24,"column":19}},"1":{"start":{"line":26,"column":4},"end":{"line":30,"column":6}},"2":{"start":{"line":27,"column":6},"end":{"line":29,"column":7}},"3":{"start":{"line":28,"column":8},"end":{"line":28,"column":46}},"4":{"start":{"line":34,"column":4},"end":{"line":36,"column":6}},"5":{"start":{"line":39,"column":4},"end":{"line":41,"column":6}},"6":{"start":{"line":45,"column":4},"end":{"line":47,"column":6}},"7":{"start":{"line":51,"column":34},"end":{"line":51,"column":44}},"8":{"start":{"line":53,"column":4},"end":{"line":53,"column":16}},"9":{"start":{"line":54,"column":4},"end":{"line":54,"column":39}},"10":{"start":{"line":58,"column":49},"end":{"line":58,"column":59}},"11":{"start":{"line":59,"column":34},"end":{"line":59,"column":44}},"12":{"start":{"line":60,"column":4},"end":{"line":111,"column":5}},"13":{"start":{"line":74,"column":33},"end":{"line":74,"column":77}},"14":{"start":{"line":84,"column":33},"end":{"line":84,"column":77}},"15":{"start":{"line":90,"column":20},"end":{"line":90,"column":38}},"16":{"start":{"line":91,"column":20},"end":{"line":91,"column":58}},"17":{"start":{"line":96,"column":33},"end":{"line":96,"column":60}},"18":{"start":{"line":107,"column":32},"end":{"line":107,"column":60}},"19":{"start":{"line":116,"column":0},"end":{"line":119,"column":1}},"20":{"start":{"line":121,"column":24},"end":{"line":123,"column":2}},"21":{"start":{"line":121,"column":34},"end":{"line":123,"column":1}},"22":{"start":{"line":125,"column":27},"end":{"line":127,"column":2}},"23":{"start":{"line":125,"column":40},"end":{"line":127,"column":1}},"24":{"start":{"line":126,"column":17},"end":{"line":126,"column":38}}},"fnMap":{"0":{"name":"(anonymous_0)","decl":{"start":{"line":23,"column":2},"end":{"line":23,"column":3}},"loc":{"start":{"line":23,"column":23},"end":{"line":31,"column":3}},"line":23},"1":{"name":"(anonymous_1)","decl":{"start":{"line":26,"column":34},"end":{"line":26,"column":35}},"loc":{"start":{"line":26,"column":50},"end":{"line":30,"column":5}},"line":26},"2":{"name":"(anonymous_2)","decl":{"start":{"line":33,"column":24},"end":{"line":33,"column":25}},"loc":{"start":{"line":33,"column":32},"end":{"line":37,"column":3}},"line":33},"3":{"name":"(anonymous_3)","decl":{"start":{"line":38,"column":24},"end":{"line":38,"column":25}},"loc":{"start":{"line":38,"column":32},"end":{"line":42,"column":3}},"line":38},"4":{"name":"(anonymous_4)","decl":{"start":{"line":44,"column":21},"end":{"line":44,"column":22}},"loc":{"start":{"line":44,"column":28},"end":{"line":48,"column":3}},"line":44},"5":{"name":"(anonymous_5)","decl":{"start":{"line":50,"column":16},"end":{"line":50,"column":17}},"loc":{"start":{"line":50,"column":27},"end":{"line":55,"column":3}},"line":50},"6":{"name":"(anonymous_6)","decl":{"start":{"line":57,"column":2},"end":{"line":57,"column":3}},"loc":{"start":{"line":57,"column":11},"end":{"line":112,"column":3}},"line":57},"7":{"name":"(anonymous_7)","decl":{"start":{"line":74,"column":28},"end":{"line":74,"column":29}},"loc":{"start":{"line":74,"column":33},"end":{"line":74,"column":77}},"line":74},"8":{"name":"(anonymous_8)","decl":{"start":{"line":84,"column":28},"end":{"line":84,"column":29}},"loc":{"start":{"line":84,"column":33},"end":{"line":84,"column":77}},"line":84},"9":{"name":"(anonymous_9)","decl":{"start":{"line":89,"column":27},"end":{"line":89,"column":28}},"loc":{"start":{"line":89,"column":34},"end":{"line":92,"column":19}},"line":89},"10":{"name":"(anonymous_10)","decl":{"start":{"line":96,"column":27},"end":{"line":96,"column":28}},"loc":{"start":{"line":96,"column":33},"end":{"line":96,"column":60}},"line":96},"11":{"name":"(anonymous_11)","decl":{"start":{"line":107,"column":26},"end":{"line":107,"column":27}},"loc":{"start":{"line":107,"column":32},"end":{"line":107,"column":60}},"line":107},"12":{"name":"(anonymous_12)","decl":{"start":{"line":121,"column":24},"end":{"line":121,"column":25}},"loc":{"start":{"line":121,"column":34},"end":{"line":123,"column":1}},"line":121},"13":{"name":"(anonymous_13)","decl":{"start":{"line":125,"column":27},"end":{"line":125,"column":28}},"loc":{"start":{"line":125,"column":40},"end":{"line":127,"column":1}},"line":125},"14":{"name":"(anonymous_14)","decl":{"start":{"line":126,"column":9},"end":{"line":126,"column":10}},"loc":{"start":{"line":126,"column":17},"end":{"line":126,"column":38}},"line":126}},"branchMap":{"0":{"loc":{"start":{"line":27,"column":6},"end":{"line":29,"column":7}},"type":"if","locations":[{"start":{"line":27,"column":6},"end":{"line":29,"column":7}},{"start":{"line":27,"column":6},"end":{"line":29,"column":7}}],"line":27}},"s":{"0":0,"1":0,"2":0,"3":0,"4":0,"5":0,"6":0,"7":0,"8":0,"9":0,"10":0,"11":0,"12":0,"13":0,"14":0,"15":0,"16":0,"17":0,"18":0,"19":1,"20":1,"21":0,"22":1,"23":0,"24":0},"f":{"0":0,"1":0,"2":0,"3":0,"4":0,"5":0,"6":0,"7":0,"8":0,"9":0,"10":0,"11":0,"12":0,"13":0,"14":0},"b":{"0":[0,0]},"_coverageSchema":"332fd63041d2c1bcb487cc26dd0d5f7d97098a6c","hash":"d1f706f3e767ecc148b12da331db30ccb1ca3310"}
,"/Users/hacktiv8/Desktop/habilhusni/grandma-care-client/src/components/LogoutButton.js": {"path":"/Users/hacktiv8/Desktop/habilhusni/grandma-care-client/src/components/LogoutButton.js","statementMap":{"0":{"start":{"line":11,"column":30},"end":{"line":11,"column":51}},"1":{"start":{"line":12,"column":4},"end":{"line":32,"column":6}},"2":{"start":{"line":13,"column":6},"end":{"line":31,"column":7}},"3":{"start":{"line":14,"column":8},"end":{"line":17,"column":9}},"4":{"start":{"line":19,"column":8},"end":{"line":23,"column":9}},"5":{"start":{"line":24,"column":8},"end":{"line":30,"column":15}},"6":{"start":{"line":25,"column":10},"end":{"line":29,"column":11}},"7":{"start":{"line":26,"column":12},"end":{"line":26,"column":41}},"8":{"start":{"line":28,"column":12},"end":{"line":28,"column":24}},"9":{"start":{"line":36,"column":4},"end":{"line":42,"column":5}},"10":{"start":{"line":38,"column":24},"end":{"line":38,"column":38}},"11":{"start":{"line":47,"column":0},"end":{"line":49,"column":1}}},"fnMap":{"0":{"name":"(anonymous_0)","decl":{"start":{"line":10,"column":12},"end":{"line":10,"column":13}},"loc":{"start":{"line":10,"column":18},"end":{"line":33,"column":3}},"line":10},"1":{"name":"(anonymous_1)","decl":{"start":{"line":12,"column":45},"end":{"line":12,"column":46}},"loc":{"start":{"line":12,"column":53},"end":{"line":32,"column":5}},"line":12},"2":{"name":"(anonymous_2)","decl":{"start":{"line":24,"column":19},"end":{"line":24,"column":20}},"loc":{"start":{"line":24,"column":24},"end":{"line":30,"column":9}},"line":24},"3":{"name":"(anonymous_3)","decl":{"start":{"line":35,"column":2},"end":{"line":35,"column":3}},"loc":{"start":{"line":35,"column":11},"end":{"line":43,"column":3}},"line":35},"4":{"name":"(anonymous_4)","decl":{"start":{"line":38,"column":17},"end":{"line":38,"column":18}},"loc":{"start":{"line":38,"column":22},"end":{"line":38,"column":40}},"line":38}},"branchMap":{"0":{"loc":{"start":{"line":13,"column":6},"end":{"line":31,"column":7}},"type":"if","locations":[{"start":{"line":13,"column":6},"end":{"line":31,"column":7}},{"start":{"line":13,"column":6},"end":{"line":31,"column":7}}],"line":13},"1":{"loc":{"start":{"line":25,"column":10},"end":{"line":29,"column":11}},"type":"if","locations":[{"start":{"line":25,"column":10},"end":{"line":29,"column":11}},{"start":{"line":25,"column":10},"end":{"line":29,"column":11}}],"line":25}},"s":{"0":0,"1":0,"2":0,"3":0,"4":0,"5":0,"6":0,"7":0,"8":0,"9":1,"10":0,"11":1},"f":{"0":0,"1":0,"2":0,"3":1,"4":0},"b":{"0":[0,0],"1":[0,0]},"_coverageSchema":"332fd63041d2c1bcb487cc26dd0d5f7d97098a6c","hash":"e39d9d846acbcebbc43c5d12453776c11ef55321"}
,"/Users/hacktiv8/Desktop/habilhusni/grandma-care-client/src/components/Main.js": {"path":"/Users/hacktiv8/Desktop/habilhusni/grandma-care-client/src/components/Main.js","statementMap":{"0":{"start":{"line":37,"column":15},"end":{"line":37,"column":19}},"1":{"start":{"line":38,"column":4},"end":{"line":38,"column":42}},"2":{"start":{"line":39,"column":4},"end":{"line":60,"column":7}},"3":{"start":{"line":40,"column":6},"end":{"line":59,"column":7}},"4":{"start":{"line":41,"column":29},"end":{"line":47,"column":9}},"5":{"start":{"line":48,"column":8},"end":{"line":48,"column":46}},"6":{"start":{"line":50,"column":11},"end":{"line":59,"column":7}},"7":{"start":{"line":51,"column":29},"end":{"line":57,"column":9}},"8":{"start":{"line":58,"column":8},"end":{"line":58,"column":46}},"9":{"start":{"line":64,"column":4},"end":{"line":64,"column":48}},"10":{"start":{"line":68,"column":4},"end":{"line":68,"column":49}},"11":{"start":{"line":72,"column":4},"end":{"line":75,"column":6}},"12":{"start":{"line":79,"column":30},"end":{"line":79,"column":51}},"13":{"start":{"line":80,"column":29},"end":{"line":80,"column":39}},"14":{"start":{"line":82,"column":4},"end":{"line":101,"column":6}},"15":{"start":{"line":83,"column":6},"end":{"line":100,"column":7}},"16":{"start":{"line":84,"column":8},"end":{"line":84,"column":37}},"17":{"start":{"line":85,"column":8},"end":{"line":88,"column":9}},"18":{"start":{"line":90,"column":8},"end":{"line":99,"column":10}},"19":{"start":{"line":91,"column":10},"end":{"line":98,"column":11}},"20":{"start":{"line":92,"column":12},"end":{"line":92,"column":51}},"21":{"start":{"line":94,"column":12},"end":{"line":96,"column":14}},"22":{"start":{"line":97,"column":12},"end":{"line":97,"column":39}},"23":{"start":{"line":102,"column":4},"end":{"line":102,"column":73}},"24":{"start":{"line":106,"column":4},"end":{"line":106,"column":19}},"25":{"start":{"line":110,"column":4},"end":{"line":110,"column":38}},"26":{"start":{"line":111,"column":4},"end":{"line":111,"column":76}},"27":{"start":{"line":115,"column":30},"end":{"line":115,"column":51}},"28":{"start":{"line":116,"column":17},"end":{"line":116,"column":52}},"29":{"start":{"line":117,"column":4},"end":{"line":120,"column":5}},"30":{"start":{"line":118,"column":6},"end":{"line":118,"column":35}},"31":{"start":{"line":119,"column":6},"end":{"line":119,"column":17}},"32":{"start":{"line":121,"column":4},"end":{"line":121,"column":16}},"33":{"start":{"line":125,"column":123},"end":{"line":125,"column":133}},"34":{"start":{"line":126,"column":21},"end":{"line":126,"column":31}},"35":{"start":{"line":127,"column":25},"end":{"line":127,"column":46}},"36":{"start":{"line":128,"column":23},"end":{"line":128,"column":50}},"37":{"start":{"line":129,"column":4},"end":{"line":129,"column":44}},"38":{"start":{"line":130,"column":4},"end":{"line":186,"column":5}},"39":{"start":{"line":134,"column":47},"end":{"line":137,"column":15}},"40":{"start":{"line":143,"column":32},"end":{"line":143,"column":55}},"41":{"start":{"line":168,"column":31},"end":{"line":168,"column":35}},"42":{"start":{"line":179,"column":31},"end":{"line":179,"column":35}},"43":{"start":{"line":190,"column":0},"end":{"line":193,"column":1}},"44":{"start":{"line":195,"column":24},"end":{"line":197,"column":2}},"45":{"start":{"line":195,"column":34},"end":{"line":197,"column":1}},"46":{"start":{"line":199,"column":27},"end":{"line":202,"column":2}},"47":{"start":{"line":199,"column":40},"end":{"line":202,"column":1}},"48":{"start":{"line":200,"column":34},"end":{"line":200,"column":70}},"49":{"start":{"line":201,"column":34},"end":{"line":201,"column":70}}},"fnMap":{"0":{"name":"(anonymous_0)","decl":{"start":{"line":36,"column":2},"end":{"line":36,"column":3}},"loc":{"start":{"line":36,"column":12},"end":{"line":61,"column":3}},"line":36},"1":{"name":"(anonymous_1)","decl":{"start":{"line":39,"column":52},"end":{"line":39,"column":53}},"loc":{"start":{"line":39,"column":68},"end":{"line":60,"column":5}},"line":39},"2":{"name":"(anonymous_2)","decl":{"start":{"line":63,"column":29},"end":{"line":63,"column":30}},"loc":{"start":{"line":63,"column":38},"end":{"line":65,"column":3}},"line":63},"3":{"name":"(anonymous_3)","decl":{"start":{"line":67,"column":30},"end":{"line":67,"column":31}},"loc":{"start":{"line":67,"column":39},"end":{"line":69,"column":3}},"line":67},"4":{"name":"(anonymous_4)","decl":{"start":{"line":71,"column":20},"end":{"line":71,"column":21}},"loc":{"start":{"line":71,"column":27},"end":{"line":76,"column":3}},"line":71},"5":{"name":"(anonymous_5)","decl":{"start":{"line":78,"column":2},"end":{"line":78,"column":3}},"loc":{"start":{"line":78,"column":23},"end":{"line":103,"column":3}},"line":78},"6":{"name":"(anonymous_6)","decl":{"start":{"line":82,"column":34},"end":{"line":82,"column":35}},"loc":{"start":{"line":82,"column":48},"end":{"line":101,"column":5}},"line":82},"7":{"name":"(anonymous_7)","decl":{"start":{"line":90,"column":35},"end":{"line":90,"column":36}},"loc":{"start":{"line":90,"column":51},"end":{"line":99,"column":9}},"line":90},"8":{"name":"(anonymous_8)","decl":{"start":{"line":105,"column":2},"end":{"line":105,"column":3}},"loc":{"start":{"line":105,"column":21},"end":{"line":107,"column":3}},"line":105},"9":{"name":"(anonymous_9)","decl":{"start":{"line":109,"column":2},"end":{"line":109,"column":3}},"loc":{"start":{"line":109,"column":25},"end":{"line":112,"column":3}},"line":109},"10":{"name":"(anonymous_10)","decl":{"start":{"line":114,"column":17},"end":{"line":114,"column":18}},"loc":{"start":{"line":114,"column":29},"end":{"line":122,"column":3}},"line":114},"11":{"name":"(anonymous_11)","decl":{"start":{"line":124,"column":2},"end":{"line":124,"column":3}},"loc":{"start":{"line":124,"column":11},"end":{"line":187,"column":3}},"line":124},"12":{"name":"(anonymous_12)","decl":{"start":{"line":134,"column":41},"end":{"line":134,"column":42}},"loc":{"start":{"line":134,"column":47},"end":{"line":137,"column":15}},"line":134},"13":{"name":"(anonymous_13)","decl":{"start":{"line":143,"column":27},"end":{"line":143,"column":28}},"loc":{"start":{"line":143,"column":32},"end":{"line":143,"column":55}},"line":143},"14":{"name":"(anonymous_14)","decl":{"start":{"line":168,"column":26},"end":{"line":168,"column":27}},"loc":{"start":{"line":168,"column":31},"end":{"line":168,"column":35}},"line":168},"15":{"name":"(anonymous_15)","decl":{"start":{"line":179,"column":26},"end":{"line":179,"column":27}},"loc":{"start":{"line":179,"column":31},"end":{"line":179,"column":35}},"line":179},"16":{"name":"(anonymous_16)","decl":{"start":{"line":195,"column":24},"end":{"line":195,"column":25}},"loc":{"start":{"line":195,"column":34},"end":{"line":197,"column":1}},"line":195},"17":{"name":"(anonymous_17)","decl":{"start":{"line":199,"column":27},"end":{"line":199,"column":28}},"loc":{"start":{"line":199,"column":40},"end":{"line":202,"column":1}},"line":199},"18":{"name":"(anonymous_18)","decl":{"start":{"line":200,"column":16},"end":{"line":200,"column":17}},"loc":{"start":{"line":200,"column":34},"end":{"line":200,"column":70}},"line":200},"19":{"name":"(anonymous_19)","decl":{"start":{"line":201,"column":16},"end":{"line":201,"column":17}},"loc":{"start":{"line":201,"column":34},"end":{"line":201,"column":70}},"line":201}},"branchMap":{"0":{"loc":{"start":{"line":40,"column":6},"end":{"line":59,"column":7}},"type":"if","locations":[{"start":{"line":40,"column":6},"end":{"line":59,"column":7}},{"start":{"line":40,"column":6},"end":{"line":59,"column":7}}],"line":40},"1":{"loc":{"start":{"line":40,"column":9},"end":{"line":40,"column":80}},"type":"binary-expr","locations":[{"start":{"line":40,"column":9},"end":{"line":40,"column":30}},{"start":{"line":40,"column":34},"end":{"line":40,"column":55}},{"start":{"line":40,"column":59},"end":{"line":40,"column":80}}],"line":40},"2":{"loc":{"start":{"line":50,"column":11},"end":{"line":59,"column":7}},"type":"if","locations":[{"start":{"line":50,"column":11},"end":{"line":59,"column":7}},{"start":{"line":50,"column":11},"end":{"line":59,"column":7}}],"line":50},"3":{"loc":{"start":{"line":50,"column":14},"end":{"line":50,"column":82}},"type":"binary-expr","locations":[{"start":{"line":50,"column":14},"end":{"line":50,"column":34}},{"start":{"line":50,"column":38},"end":{"line":50,"column":58}},{"start":{"line":50,"column":62},"end":{"line":50,"column":82}}],"line":50},"4":{"loc":{"start":{"line":83,"column":6},"end":{"line":100,"column":7}},"type":"if","locations":[{"start":{"line":83,"column":6},"end":{"line":100,"column":7}},{"start":{"line":83,"column":6},"end":{"line":100,"column":7}}],"line":83},"5":{"loc":{"start":{"line":91,"column":10},"end":{"line":98,"column":11}},"type":"if","locations":[{"start":{"line":91,"column":10},"end":{"line":98,"column":11}},{"start":{"line":91,"column":10},"end":{"line":98,"column":11}}],"line":91},"6":{"loc":{"start":{"line":117,"column":4},"end":{"line":120,"column":5}},"type":"if","locations":[{"start":{"line":117,"column":4},"end":{"line":120,"column":5}},{"start":{"line":117,"column":4},"end":{"line":120,"column":5}}],"line":117},"7":{"loc":{"start":{"line":144,"column":12},"end":{"line":153,"column":42}},"type":"cond-expr","locations":[{"start":{"line":145,"column":12},"end":{"line":147,"column":19}},{"start":{"line":149,"column":12},"end":{"line":153,"column":42}}],"line":144},"8":{"loc":{"start":{"line":144,"column":12},"end":{"line":144,"column":41}},"type":"binary-expr","locations":[{"start":{"line":144,"column":12},"end":{"line":144,"column":24}},{"start":{"line":144,"column":28},"end":{"line":144,"column":41}}],"line":144}},"s":{"0":0,"1":0,"2":0,"3":0,"4":0,"5":0,"6":0,"7":0,"8":0,"9":0,"10":0,"11":0,"12":0,"13":0,"14":0,"15":0,"16":0,"17":0,"18":0,"19":0,"20":0,"21":0,"22":0,"23":0,"24":0,"25":0,"26":0,"27":0,"28":0,"29":0,"30":0,"31":0,"32":0,"33":0,"34":0,"35":0,"36":0,"37":0,"38":0,"39":0,"40":0,"41":0,"42":0,"43":1,"44":1,"45":0,"46":1,"47":0,"48":0,"49":0},"f":{"0":0,"1":0,"2":0,"3":0,"4":0,"5":0,"6":0,"7":0,"8":0,"9":0,"10":0,"11":0,"12":0,"13":0,"14":0,"15":0,"16":0,"17":0,"18":0,"19":0},"b":{"0":[0,0],"1":[0,0,0],"2":[0,0],"3":[0,0,0],"4":[0,0],"5":[0,0],"6":[0,0],"7":[0,0],"8":[0,0]},"_coverageSchema":"332fd63041d2c1bcb487cc26dd0d5f7d97098a6c","hash":"ba91d0335914430a9a822917a0949b325f2cf5a0"}
,"/Users/hacktiv8/Desktop/habilhusni/grandma-care-client/src/components/Maps.js": {"path":"/Users/hacktiv8/Desktop/habilhusni/grandma-care-client/src/components/Maps.js","statementMap":{"0":{"start":{"line":14,"column":4},"end":{"line":14,"column":16}},"1":{"start":{"line":15,"column":4},"end":{"line":24,"column":5}},"2":{"start":{"line":30,"column":23},"end":{"line":30,"column":33}},"3":{"start":{"line":31,"column":4},"end":{"line":46,"column":6}},"4":{"start":{"line":33,"column":8},"end":{"line":36,"column":10}},"5":{"start":{"line":37,"column":8},"end":{"line":42,"column":10}},"6":{"start":{"line":44,"column":17},"end":{"line":44,"column":65}},"7":{"start":{"line":50,"column":30},"end":{"line":50,"column":40}},"8":{"start":{"line":51,"column":4},"end":{"line":51,"column":49}},"9":{"start":{"line":55,"column":4},"end":{"line":55,"column":25}},"10":{"start":{"line":59,"column":4},"end":{"line":59,"column":48}},"11":{"start":{"line":63,"column":4},"end":{"line":63,"column":29}},"12":{"start":{"line":67,"column":21},"end":{"line":67,"column":31}},"13":{"start":{"line":68,"column":44},"end":{"line":68,"column":54}},"14":{"start":{"line":69,"column":4},"end":{"line":98,"column":5}},"15":{"start":{"line":70,"column":6},"end":{"line":86,"column":7}},"16":{"start":{"line":80,"column":12},"end":{"line":83,"column":39}},"17":{"start":{"line":88,"column":6},"end":{"line":97,"column":7}},"18":{"start":{"line":102,"column":0},"end":{"line":104,"column":1}},"19":{"start":{"line":106,"column":27},"end":{"line":109,"column":2}},"20":{"start":{"line":106,"column":40},"end":{"line":109,"column":1}},"21":{"start":{"line":107,"column":33},"end":{"line":107,"column":68}},"22":{"start":{"line":108,"column":34},"end":{"line":108,"column":70}}},"fnMap":{"0":{"name":"(anonymous_0)","decl":{"start":{"line":13,"column":2},"end":{"line":13,"column":3}},"loc":{"start":{"line":13,"column":20},"end":{"line":25,"column":3}},"line":13},"1":{"name":"(anonymous_1)","decl":{"start":{"line":29,"column":2},"end":{"line":29,"column":3}},"loc":{"start":{"line":29,"column":18},"end":{"line":47,"column":3}},"line":29},"2":{"name":"(anonymous_2)","decl":{"start":{"line":32,"column":6},"end":{"line":32,"column":7}},"loc":{"start":{"line":32,"column":20},"end":{"line":43,"column":7}},"line":32},"3":{"name":"(anonymous_3)","decl":{"start":{"line":44,"column":6},"end":{"line":44,"column":7}},"loc":{"start":{"line":44,"column":17},"end":{"line":44,"column":65}},"line":44},"4":{"name":"(anonymous_4)","decl":{"start":{"line":49,"column":2},"end":{"line":49,"column":3}},"loc":{"start":{"line":49,"column":22},"end":{"line":52,"column":3}},"line":49},"5":{"name":"(anonymous_5)","decl":{"start":{"line":54,"column":2},"end":{"line":54,"column":3}},"loc":{"start":{"line":54,"column":23},"end":{"line":56,"column":3}},"line":54},"6":{"name":"(anonymous_6)","decl":{"start":{"line":58,"column":2},"end":{"line":58,"column":3}},"loc":{"start":{"line":58,"column":25},"end":{"line":60,"column":3}},"line":58},"7":{"name":"(anonymous_7)","decl":{"start":{"line":62,"column":20},"end":{"line":62,"column":21}},"loc":{"start":{"line":62,"column":32},"end":{"line":64,"column":3}},"line":62},"8":{"name":"(anonymous_8)","decl":{"start":{"line":66,"column":2},"end":{"line":66,"column":3}},"loc":{"start":{"line":66,"column":11},"end":{"line":99,"column":3}},"line":66},"9":{"name":"(anonymous_9)","decl":{"start":{"line":79,"column":30},"end":{"line":79,"column":31}},"loc":{"start":{"line":80,"column":12},"end":{"line":83,"column":39}},"line":80},"10":{"name":"(anonymous_10)","decl":{"start":{"line":106,"column":27},"end":{"line":106,"column":28}},"loc":{"start":{"line":106,"column":40},"end":{"line":109,"column":1}},"line":106},"11":{"name":"(anonymous_11)","decl":{"start":{"line":107,"column":18},"end":{"line":107,"column":19}},"loc":{"start":{"line":107,"column":33},"end":{"line":107,"column":68}},"line":107},"12":{"name":"(anonymous_12)","decl":{"start":{"line":108,"column":16},"end":{"line":108,"column":17}},"loc":{"start":{"line":108,"column":34},"end":{"line":108,"column":70}},"line":108}},"branchMap":{"0":{"loc":{"start":{"line":69,"column":4},"end":{"line":98,"column":5}},"type":"if","locations":[{"start":{"line":69,"column":4},"end":{"line":98,"column":5}},{"start":{"line":69,"column":4},"end":{"line":98,"column":5}}],"line":69}},"s":{"0":0,"1":0,"2":0,"3":0,"4":0,"5":0,"6":0,"7":0,"8":0,"9":0,"10":0,"11":0,"12":0,"13":0,"14":0,"15":0,"16":0,"17":0,"18":1,"19":1,"20":0,"21":0,"22":0},"f":{"0":0,"1":0,"2":0,"3":0,"4":0,"5":0,"6":0,"7":0,"8":0,"9":0,"10":0,"11":0,"12":0},"b":{"0":[0,0]},"_coverageSchema":"332fd63041d2c1bcb487cc26dd0d5f7d97098a6c","hash":"df35b9f7fef54e2aca29422a00e920822675f0e3"}
,"/Users/hacktiv8/Desktop/habilhusni/grandma-care-client/src/components/PanicButton.js": {"path":"/Users/hacktiv8/Desktop/habilhusni/grandma-care-client/src/components/PanicButton.js","statementMap":{"0":{"start":{"line":13,"column":44},"end":{"line":13,"column":54}},"1":{"start":{"line":14,"column":4},"end":{"line":28,"column":5}},"2":{"start":{"line":20,"column":10},"end":{"line":23,"column":12}},"3":{"start":{"line":24,"column":10},"end":{"line":24,"column":114}},"4":{"start":{"line":32,"column":0},"end":{"line":36,"column":1}},"5":{"start":{"line":38,"column":27},"end":{"line":40,"column":2}},"6":{"start":{"line":38,"column":40},"end":{"line":40,"column":1}},"7":{"start":{"line":39,"column":25},"end":{"line":39,"column":52}}},"fnMap":{"0":{"name":"(anonymous_0)","decl":{"start":{"line":12,"column":2},"end":{"line":12,"column":3}},"loc":{"start":{"line":12,"column":11},"end":{"line":29,"column":3}},"line":12},"1":{"name":"(anonymous_1)","decl":{"start":{"line":19,"column":17},"end":{"line":19,"column":18}},"loc":{"start":{"line":19,"column":22},"end":{"line":25,"column":9}},"line":19},"2":{"name":"(anonymous_2)","decl":{"start":{"line":38,"column":27},"end":{"line":38,"column":28}},"loc":{"start":{"line":38,"column":40},"end":{"line":40,"column":1}},"line":38},"3":{"name":"(anonymous_3)","decl":{"start":{"line":39,"column":16},"end":{"line":39,"column":17}},"loc":{"start":{"line":39,"column":25},"end":{"line":39,"column":52}},"line":39}},"branchMap":{},"s":{"0":0,"1":0,"2":0,"3":0,"4":1,"5":1,"6":0,"7":0},"f":{"0":0,"1":0,"2":0,"3":0},"b":{},"_coverageSchema":"332fd63041d2c1bcb487cc26dd0d5f7d97098a6c","hash":"6bb5cda113b9a514b295a03c7ef18d83e6585026"}
,"/Users/hacktiv8/Desktop/habilhusni/grandma-care-client/src/components/Register.js": {"path":"/Users/hacktiv8/Desktop/habilhusni/grandma-care-client/src/components/Register.js","statementMap":{"0":{"start":{"line":20,"column":4},"end":{"line":22,"column":6}},"1":{"start":{"line":25,"column":4},"end":{"line":27,"column":6}},"2":{"start":{"line":30,"column":4},"end":{"line":32,"column":6}},"3":{"start":{"line":35,"column":4},"end":{"line":37,"column":6}},"4":{"start":{"line":41,"column":4},"end":{"line":48,"column":5}},"5":{"start":{"line":42,"column":6},"end":{"line":47,"column":7}},"6":{"start":{"line":43,"column":8},"end":{"line":43,"column":39}},"7":{"start":{"line":44,"column":8},"end":{"line":44,"column":33}},"8":{"start":{"line":46,"column":8},"end":{"line":46,"column":38}},"9":{"start":{"line":52,"column":49},"end":{"line":52,"column":59}},"10":{"start":{"line":53,"column":43},"end":{"line":53,"column":53}},"11":{"start":{"line":54,"column":4},"end":{"line":116,"column":5}},"12":{"start":{"line":68,"column":33},"end":{"line":68,"column":77}},"13":{"start":{"line":78,"column":33},"end":{"line":78,"column":77}},"14":{"start":{"line":88,"column":33},"end":{"line":88,"column":74}},"15":{"start":{"line":98,"column":33},"end":{"line":98,"column":74}},"16":{"start":{"line":104,"column":20},"end":{"line":104,"column":61}},"17":{"start":{"line":105,"column":20},"end":{"line":107,"column":27}},"18":{"start":{"line":106,"column":22},"end":{"line":106,"column":45}},"19":{"start":{"line":121,"column":0},"end":{"line":126,"column":1}},"20":{"start":{"line":128,"column":24},"end":{"line":130,"column":2}},"21":{"start":{"line":128,"column":34},"end":{"line":130,"column":1}},"22":{"start":{"line":132,"column":27},"end":{"line":135,"column":2}},"23":{"start":{"line":132,"column":40},"end":{"line":135,"column":1}},"24":{"start":{"line":133,"column":20},"end":{"line":133,"column":44}},"25":{"start":{"line":134,"column":22},"end":{"line":134,"column":46}}},"fnMap":{"0":{"name":"(anonymous_0)","decl":{"start":{"line":19,"column":24},"end":{"line":19,"column":25}},"loc":{"start":{"line":19,"column":32},"end":{"line":23,"column":3}},"line":19},"1":{"name":"(anonymous_1)","decl":{"start":{"line":24,"column":24},"end":{"line":24,"column":25}},"loc":{"start":{"line":24,"column":32},"end":{"line":28,"column":3}},"line":24},"2":{"name":"(anonymous_2)","decl":{"start":{"line":29,"column":21},"end":{"line":29,"column":22}},"loc":{"start":{"line":29,"column":29},"end":{"line":33,"column":3}},"line":29},"3":{"name":"(anonymous_3)","decl":{"start":{"line":34,"column":21},"end":{"line":34,"column":22}},"loc":{"start":{"line":34,"column":29},"end":{"line":38,"column":3}},"line":34},"4":{"name":"(anonymous_4)","decl":{"start":{"line":40,"column":2},"end":{"line":40,"column":3}},"loc":{"start":{"line":40,"column":25},"end":{"line":49,"column":3}},"line":40},"5":{"name":"(anonymous_5)","decl":{"start":{"line":51,"column":2},"end":{"line":51,"column":3}},"loc":{"start":{"line":51,"column":11},"end":{"line":117,"column":3}},"line":51},"6":{"name":"(anonymous_6)","decl":{"start":{"line":68,"column":28},"end":{"line":68,"column":29}},"loc":{"start":{"line":68,"column":33},"end":{"line":68,"column":77}},"line":68},"7":{"name":"(anonymous_7)","decl":{"start":{"line":78,"column":28},"end":{"line":78,"column":29}},"loc":{"start":{"line":78,"column":33},"end":{"line":78,"column":77}},"line":78},"8":{"name":"(anonymous_8)","decl":{"start":{"line":88,"column":28},"end":{"line":88,"column":29}},"loc":{"start":{"line":88,"column":33},"end":{"line":88,"column":74}},"line":88},"9":{"name":"(anonymous_9)","decl":{"start":{"line":98,"column":28},"end":{"line":98,"column":29}},"loc":{"start":{"line":98,"column":33},"end":{"line":98,"column":74}},"line":98},"10":{"name":"(anonymous_10)","decl":{"start":{"line":103,"column":27},"end":{"line":103,"column":28}},"loc":{"start":{"line":103,"column":32},"end":{"line":108,"column":19}},"line":103},"11":{"name":"(anonymous_11)","decl":{"start":{"line":105,"column":31},"end":{"line":105,"column":32}},"loc":{"start":{"line":105,"column":36},"end":{"line":107,"column":21}},"line":105},"12":{"name":"(anonymous_12)","decl":{"start":{"line":128,"column":24},"end":{"line":128,"column":25}},"loc":{"start":{"line":128,"column":34},"end":{"line":130,"column":1}},"line":128},"13":{"name":"(anonymous_13)","decl":{"start":{"line":132,"column":27},"end":{"line":132,"column":28}},"loc":{"start":{"line":132,"column":40},"end":{"line":135,"column":1}},"line":132},"14":{"name":"(anonymous_14)","decl":{"start":{"line":133,"column":12},"end":{"line":133,"column":13}},"loc":{"start":{"line":133,"column":20},"end":{"line":133,"column":44}},"line":133},"15":{"name":"(anonymous_15)","decl":{"start":{"line":134,"column":16},"end":{"line":134,"column":17}},"loc":{"start":{"line":134,"column":22},"end":{"line":134,"column":46}},"line":134}},"branchMap":{"0":{"loc":{"start":{"line":41,"column":4},"end":{"line":48,"column":5}},"type":"if","locations":[{"start":{"line":41,"column":4},"end":{"line":48,"column":5}},{"start":{"line":41,"column":4},"end":{"line":48,"column":5}}],"line":41},"1":{"loc":{"start":{"line":42,"column":6},"end":{"line":47,"column":7}},"type":"if","locations":[{"start":{"line":42,"column":6},"end":{"line":47,"column":7}},{"start":{"line":42,"column":6},"end":{"line":47,"column":7}}],"line":42}},"s":{"0":0,"1":0,"2":0,"3":0,"4":0,"5":0,"6":0,"7":0,"8":0,"9":0,"10":0,"11":0,"12":0,"13":0,"14":0,"15":0,"16":0,"17":0,"18":0,"19":1,"20":1,"21":0,"22":1,"23":0,"24":0,"25":0},"f":{"0":0,"1":0,"2":0,"3":0,"4":0,"5":0,"6":0,"7":0,"8":0,"9":0,"10":0,"11":0,"12":0,"13":0,"14":0,"15":0},"b":{"0":[0,0],"1":[0,0]},"_coverageSchema":"332fd63041d2c1bcb487cc26dd0d5f7d97098a6c","hash":"32c8ee5ce82b6e1b8c3b56dc805460fab96c4b89"}
,"/Users/hacktiv8/Desktop/habilhusni/grandma-care-client/src/components/SettingPage.js": {"path":"/Users/hacktiv8/Desktop/habilhusni/grandma-care-client/src/components/SettingPage.js","statementMap":{"0":{"start":{"line":20,"column":4},"end":{"line":20,"column":51}},"1":{"start":{"line":24,"column":32},"end":{"line":24,"column":53}},"2":{"start":{"line":25,"column":21},"end":{"line":25,"column":31}},"3":{"start":{"line":26,"column":32},"end":{"line":26,"column":66}},"4":{"start":{"line":27,"column":40},"end":{"line":27,"column":50}},"5":{"start":{"line":28,"column":4},"end":{"line":97,"column":6}},"6":{"start":{"line":33,"column":29},"end":{"line":33,"column":37}},"7":{"start":{"line":89,"column":31},"end":{"line":89,"column":35}},"8":{"start":{"line":101,"column":24},"end":{"line":103,"column":2}},"9":{"start":{"line":101,"column":34},"end":{"line":103,"column":1}}},"fnMap":{"0":{"name":"(anonymous_0)","decl":{"start":{"line":19,"column":32},"end":{"line":19,"column":33}},"loc":{"start":{"line":19,"column":41},"end":{"line":21,"column":3}},"line":19},"1":{"name":"(anonymous_1)","decl":{"start":{"line":23,"column":2},"end":{"line":23,"column":3}},"loc":{"start":{"line":23,"column":11},"end":{"line":98,"column":3}},"line":23},"2":{"name":"(anonymous_2)","decl":{"start":{"line":33,"column":23},"end":{"line":33,"column":24}},"loc":{"start":{"line":33,"column":29},"end":{"line":33,"column":37}},"line":33},"3":{"name":"(anonymous_3)","decl":{"start":{"line":89,"column":26},"end":{"line":89,"column":27}},"loc":{"start":{"line":89,"column":31},"end":{"line":89,"column":35}},"line":89},"4":{"name":"(anonymous_4)","decl":{"start":{"line":101,"column":24},"end":{"line":101,"column":25}},"loc":{"start":{"line":101,"column":34},"end":{"line":103,"column":1}},"line":101}},"branchMap":{},"s":{"0":0,"1":0,"2":0,"3":0,"4":0,"5":0,"6":0,"7":0,"8":1,"9":0},"f":{"0":0,"1":0,"2":0,"3":0,"4":0},"b":{},"_coverageSchema":"332fd63041d2c1bcb487cc26dd0d5f7d97098a6c","hash":"348218309321956f1e1ad9121223bdb9d0970f8f"}
,"/Users/hacktiv8/Desktop/habilhusni/grandma-care-client/src/components/SplashScreen.js": {"path":"/Users/hacktiv8/Desktop/habilhusni/grandma-care-client/src/components/SplashScreen.js","statementMap":{"0":{"start":{"line":13,"column":27},"end":{"line":13,"column":37}},"1":{"start":{"line":15,"column":4},"end":{"line":35,"column":5}},"2":{"start":{"line":16,"column":6},"end":{"line":16,"column":25}},"3":{"start":{"line":17,"column":6},"end":{"line":23,"column":13}},"4":{"start":{"line":18,"column":8},"end":{"line":18,"column":27}},"5":{"start":{"line":19,"column":8},"end":{"line":22,"column":9}},"6":{"start":{"line":25,"column":6},"end":{"line":34,"column":8}},"7":{"start":{"line":26,"column":8},"end":{"line":26,"column":69}},"8":{"start":{"line":26,"column":27},"end":{"line":26,"column":69}},"9":{"start":{"line":27,"column":8},"end":{"line":33,"column":9}},"10":{"start":{"line":28,"column":10},"end":{"line":28,"column":64}},"11":{"start":{"line":30,"column":10},"end":{"line":32,"column":17}},"12":{"start":{"line":31,"column":12},"end":{"line":31,"column":72}},"13":{"start":{"line":39,"column":4},"end":{"line":51,"column":5}},"14":{"start":{"line":55,"column":24},"end":{"line":57,"column":2}},"15":{"start":{"line":55,"column":34},"end":{"line":57,"column":1}}},"fnMap":{"0":{"name":"(anonymous_0)","decl":{"start":{"line":12,"column":2},"end":{"line":12,"column":3}},"loc":{"start":{"line":12,"column":36},"end":{"line":36,"column":3}},"line":12},"1":{"name":"(anonymous_1)","decl":{"start":{"line":17,"column":17},"end":{"line":17,"column":18}},"loc":{"start":{"line":17,"column":22},"end":{"line":23,"column":7}},"line":17},"2":{"name":"(anonymous_2)","decl":{"start":{"line":25,"column":55},"end":{"line":25,"column":56}},"loc":{"start":{"line":25,"column":63},"end":{"line":34,"column":7}},"line":25},"3":{"name":"(anonymous_3)","decl":{"start":{"line":30,"column":21},"end":{"line":30,"column":22}},"loc":{"start":{"line":30,"column":26},"end":{"line":32,"column":11}},"line":30},"4":{"name":"(anonymous_4)","decl":{"start":{"line":38,"column":2},"end":{"line":38,"column":3}},"loc":{"start":{"line":38,"column":11},"end":{"line":52,"column":3}},"line":38},"5":{"name":"(anonymous_5)","decl":{"start":{"line":55,"column":24},"end":{"line":55,"column":25}},"loc":{"start":{"line":55,"column":34},"end":{"line":57,"column":1}},"line":55}},"branchMap":{"0":{"loc":{"start":{"line":15,"column":4},"end":{"line":35,"column":5}},"type":"if","locations":[{"start":{"line":15,"column":4},"end":{"line":35,"column":5}},{"start":{"line":15,"column":4},"end":{"line":35,"column":5}}],"line":15},"1":{"loc":{"start":{"line":15,"column":7},"end":{"line":15,"column":66}},"type":"binary-expr","locations":[{"start":{"line":15,"column":7},"end":{"line":15,"column":27}},{"start":{"line":15,"column":31},"end":{"line":15,"column":66}}],"line":15},"2":{"loc":{"start":{"line":26,"column":8},"end":{"line":26,"column":69}},"type":"if","locations":[{"start":{"line":26,"column":8},"end":{"line":26,"column":69}},{"start":{"line":26,"column":8},"end":{"line":26,"column":69}}],"line":26},"3":{"loc":{"start":{"line":27,"column":8},"end":{"line":33,"column":9}},"type":"if","locations":[{"start":{"line":27,"column":8},"end":{"line":33,"column":9}},{"start":{"line":27,"column":8},"end":{"line":33,"column":9}}],"line":27}},"s":{"0":0,"1":0,"2":0,"3":0,"4":0,"5":0,"6":0,"7":0,"8":0,"9":0,"10":0,"11":0,"12":0,"13":0,"14":1,"15":0},"f":{"0":0,"1":0,"2":0,"3":0,"4":0,"5":0},"b":{"0":[0,0],"1":[0,0],"2":[0,0],"3":[0,0]},"_coverageSchema":"332fd63041d2c1bcb487cc26dd0d5f7d97098a6c","hash":"0ece37dc731dd80bcc916d285e6da8677a9fd80c"}
,"/Users/hacktiv8/Desktop/habilhusni/grandma-care-client/src/components/UserList.js": {"path":"/Users/hacktiv8/Desktop/habilhusni/grandma-care-client/src/components/UserList.js","statementMap":{"0":{"start":{"line":16,"column":50},"end":{"line":16,"column":60}},"1":{"start":{"line":17,"column":4},"end":{"line":17,"column":31}},"2":{"start":{"line":21,"column":62},"end":{"line":21,"column":72}},"3":{"start":{"line":22,"column":4},"end":{"line":61,"column":5}},"4":{"start":{"line":27,"column":28},"end":{"line":27,"column":59}},"5":{"start":{"line":38,"column":16},"end":{"line":49,"column":27}},"6":{"start":{"line":66,"column":0},"end":{"line":72,"column":1}},"7":{"start":{"line":74,"column":27},"end":{"line":76,"column":2}},"8":{"start":{"line":74,"column":40},"end":{"line":76,"column":1}},"9":{"start":{"line":75,"column":34},"end":{"line":75,"column":70}}},"fnMap":{"0":{"name":"(anonymous_0)","decl":{"start":{"line":15,"column":2},"end":{"line":15,"column":3}},"loc":{"start":{"line":15,"column":25},"end":{"line":18,"column":3}},"line":15},"1":{"name":"(anonymous_1)","decl":{"start":{"line":20,"column":2},"end":{"line":20,"column":3}},"loc":{"start":{"line":20,"column":11},"end":{"line":62,"column":3}},"line":20},"2":{"name":"(anonymous_2)","decl":{"start":{"line":27,"column":23},"end":{"line":27,"column":24}},"loc":{"start":{"line":27,"column":28},"end":{"line":27,"column":59}},"line":27},"3":{"name":"(anonymous_3)","decl":{"start":{"line":37,"column":31},"end":{"line":37,"column":32}},"loc":{"start":{"line":38,"column":16},"end":{"line":49,"column":27}},"line":38},"4":{"name":"(anonymous_4)","decl":{"start":{"line":74,"column":27},"end":{"line":74,"column":28}},"loc":{"start":{"line":74,"column":40},"end":{"line":76,"column":1}},"line":74},"5":{"name":"(anonymous_5)","decl":{"start":{"line":75,"column":16},"end":{"line":75,"column":17}},"loc":{"start":{"line":75,"column":34},"end":{"line":75,"column":70}},"line":75}},"branchMap":{"0":{"loc":{"start":{"line":35,"column":14},"end":{"line":56,"column":44}},"type":"cond-expr","locations":[{"start":{"line":37,"column":14},"end":{"line":50,"column":16}},{"start":{"line":52,"column":14},"end":{"line":56,"column":44}}],"line":35}},"s":{"0":0,"1":0,"2":0,"3":0,"4":0,"5":0,"6":1,"7":1,"8":0,"9":0},"f":{"0":0,"1":0,"2":0,"3":0,"4":0,"5":0},"b":{"0":[0,0]},"_coverageSchema":"332fd63041d2c1bcb487cc26dd0d5f7d97098a6c","hash":"7eceee8cdc2ac87caacdd615972658322b7d5c41"}
,"/Users/hacktiv8/Desktop/habilhusni/grandma-care-client/src/components/UserListButton.js": {"path":"/Users/hacktiv8/Desktop/habilhusni/grandma-care-client/src/components/UserListButton.js","statementMap":{"0":{"start":{"line":9,"column":4},"end":{"line":15,"column":5}},"1":{"start":{"line":11,"column":23},"end":{"line":11,"column":64}},"2":{"start":{"line":19,"column":0},"end":{"line":21,"column":1}}},"fnMap":{"0":{"name":"(anonymous_0)","decl":{"start":{"line":8,"column":2},"end":{"line":8,"column":3}},"loc":{"start":{"line":8,"column":11},"end":{"line":16,"column":3}},"line":8},"1":{"name":"(anonymous_1)","decl":{"start":{"line":11,"column":17},"end":{"line":11,"column":18}},"loc":{"start":{"line":11,"column":23},"end":{"line":11,"column":64}},"line":11}},"branchMap":{},"s":{"0":1,"1":0,"2":1},"f":{"0":1,"1":0},"b":{},"_coverageSchema":"332fd63041d2c1bcb487cc26dd0d5f7d97098a6c","hash":"139211b6091c25433223aeaf267cedbc748b17a0"}
,"/Users/hacktiv8/Desktop/habilhusni/grandma-care-client/src/constants/index.js": {"path":"/Users/hacktiv8/Desktop/habilhusni/grandma-care-client/src/constants/index.js","statementMap":{"0":{"start":{"line":1,"column":29},"end":{"line":1,"column":44}},"1":{"start":{"line":2,"column":26},"end":{"line":2,"column":38}},"2":{"start":{"line":3,"column":32},"end":{"line":3,"column":50}},"3":{"start":{"line":4,"column":29},"end":{"line":4,"column":44}},"4":{"start":{"line":5,"column":29},"end":{"line":5,"column":44}},"5":{"start":{"line":6,"column":38},"end":{"line":6,"column":62}},"6":{"start":{"line":7,"column":35},"end":{"line":7,"column":56}},"7":{"start":{"line":8,"column":37},"end":{"line":8,"column":60}},"8":{"start":{"line":9,"column":34},"end":{"line":9,"column":54}},"9":{"start":{"line":10,"column":39},"end":{"line":10,"column":64}},"10":{"start":{"line":11,"column":36},"end":{"line":11,"column":58}},"11":{"start":{"line":12,"column":34},"end":{"line":12,"column":54}},"12":{"start":{"line":13,"column":31},"end":{"line":13,"column":48}},"13":{"start":{"line":14,"column":31},"end":{"line":14,"column":48}},"14":{"start":{"line":15,"column":39},"end":{"line":15,"column":64}},"15":{"start":{"line":16,"column":36},"end":{"line":16,"column":58}},"16":{"start":{"line":17,"column":37},"end":{"line":17,"column":60}},"17":{"start":{"line":18,"column":34},"end":{"line":18,"column":54}},"18":{"start":{"line":19,"column":34},"end":{"line":19,"column":54}},"19":{"start":{"line":20,"column":34},"end":{"line":20,"column":54}},"20":{"start":{"line":21,"column":31},"end":{"line":21,"column":48}},"21":{"start":{"line":22,"column":37},"end":{"line":22,"column":60}},"22":{"start":{"line":23,"column":34},"end":{"line":23,"column":54}}},"fnMap":{},"branchMap":{},"s":{"0":2,"1":2,"2":2,"3":2,"4":2,"5":2,"6":2,"7":2,"8":2,"9":2,"10":2,"11":2,"12":2,"13":2,"14":2,"15":2,"16":2,"17":2,"18":2,"19":2,"20":2,"21":2,"22":2},"f":{},"b":{},"_coverageSchema":"332fd63041d2c1bcb487cc26dd0d5f7d97098a6c","hash":"6eac320ab2a31d00b1391fc7879fdc6812f7aef6"}
,"/Users/hacktiv8/Desktop/habilhusni/grandma-care-client/src/helpers/backgroundjob.js": {"path":"/Users/hacktiv8/Desktop/habilhusni/grandma-care-client/src/helpers/backgroundjob.js","statementMap":{"0":{"start":{"line":4,"column":2},"end":{"line":23,"column":11}},"1":{"start":{"line":5,"column":4},"end":{"line":22,"column":6}},"2":{"start":{"line":7,"column":8},"end":{"line":10,"column":10}},"3":{"start":{"line":11,"column":26},"end":{"line":16,"column":9}},"4":{"start":{"line":17,"column":8},"end":{"line":17,"column":48}},"5":{"start":{"line":18,"column":8},"end":{"line":18,"column":79}},"6":{"start":{"line":20,"column":17},"end":{"line":20,"column":65}}},"fnMap":{"0":{"name":"(anonymous_0)","decl":{"start":{"line":3,"column":28},"end":{"line":3,"column":29}},"loc":{"start":{"line":3,"column":55},"end":{"line":24,"column":1}},"line":3},"1":{"name":"(anonymous_1)","decl":{"start":{"line":4,"column":37},"end":{"line":4,"column":38}},"loc":{"start":{"line":4,"column":43},"end":{"line":23,"column":3}},"line":4},"2":{"name":"(anonymous_2)","decl":{"start":{"line":6,"column":6},"end":{"line":6,"column":7}},"loc":{"start":{"line":6,"column":20},"end":{"line":19,"column":7}},"line":6},"3":{"name":"(anonymous_3)","decl":{"start":{"line":20,"column":6},"end":{"line":20,"column":7}},"loc":{"start":{"line":20,"column":17},"end":{"line":20,"column":65}},"line":20}},"branchMap":{},"s":{"0":0,"1":0,"2":0,"3":0,"4":0,"5":0,"6":0},"f":{"0":0,"1":0,"2":0,"3":0},"b":{},"_coverageSchema":"332fd63041d2c1bcb487cc26dd0d5f7d97098a6c","hash":"24ac1fdec97f8ec9b731ec24e10ce18d0c235676"}
,"/Users/hacktiv8/Desktop/habilhusni/grandma-care-client/src/reducers/UserListReducer.js": {"path":"/Users/hacktiv8/Desktop/habilhusni/grandma-care-client/src/reducers/UserListReducer.js","statementMap":{"0":{"start":{"line":3,"column":31},"end":{"line":9,"column":1}},"1":{"start":{"line":4,"column":2},"end":{"line":8,"column":3}},"2":{"start":{"line":5,"column":39},"end":{"line":5,"column":60}},"3":{"start":{"line":6,"column":36},"end":{"line":6,"column":64}},"4":{"start":{"line":7,"column":13},"end":{"line":7,"column":25}}},"fnMap":{"0":{"name":"(anonymous_0)","decl":{"start":{"line":3,"column":31},"end":{"line":3,"column":32}},"loc":{"start":{"line":3,"column":55},"end":{"line":9,"column":1}},"line":3}},"branchMap":{"0":{"loc":{"start":{"line":3,"column":32},"end":{"line":3,"column":42}},"type":"default-arg","locations":[{"start":{"line":3,"column":40},"end":{"line":3,"column":42}}],"line":3},"1":{"loc":{"start":{"line":4,"column":2},"end":{"line":8,"column":3}},"type":"switch","locations":[{"start":{"line":5,"column":4},"end":{"line":5,"column":60}},{"start":{"line":6,"column":4},"end":{"line":6,"column":64}},{"start":{"line":7,"column":4},"end":{"line":7,"column":25}}],"line":4}},"s":{"0":2,"1":6,"2":1,"3":1,"4":4},"f":{"0":6},"b":{"0":[4],"1":[1,1,4]},"_coverageSchema":"332fd63041d2c1bcb487cc26dd0d5f7d97098a6c","hash":"38daa263a4a8827b6013e8b5aaebc53b8d26e84d"}
,"/Users/hacktiv8/Desktop/habilhusni/grandma-care-client/src/reducers/addFriendReducer.js": {"path":"/Users/hacktiv8/Desktop/habilhusni/grandma-care-client/src/reducers/addFriendReducer.js","statementMap":{"0":{"start":{"line":3,"column":32},"end":{"line":10,"column":1}},"1":{"start":{"line":4,"column":2},"end":{"line":9,"column":3}},"2":{"start":{"line":5,"column":35},"end":{"line":5,"column":57}},"3":{"start":{"line":6,"column":32},"end":{"line":6,"column":55}},"4":{"start":{"line":7,"column":32},"end":{"line":7,"column":53}},"5":{"start":{"line":8,"column":13},"end":{"line":8,"column":25}}},"fnMap":{"0":{"name":"(anonymous_0)","decl":{"start":{"line":3,"column":32},"end":{"line":3,"column":33}},"loc":{"start":{"line":3,"column":56},"end":{"line":10,"column":1}},"line":3}},"branchMap":{"0":{"loc":{"start":{"line":3,"column":33},"end":{"line":3,"column":43}},"type":"default-arg","locations":[{"start":{"line":3,"column":41},"end":{"line":3,"column":43}}],"line":3},"1":{"loc":{"start":{"line":4,"column":2},"end":{"line":9,"column":3}},"type":"switch","locations":[{"start":{"line":5,"column":4},"end":{"line":5,"column":57}},{"start":{"line":6,"column":4},"end":{"line":6,"column":55}},{"start":{"line":7,"column":4},"end":{"line":7,"column":53}},{"start":{"line":8,"column":4},"end":{"line":8,"column":25}}],"line":4}},"s":{"0":2,"1":7,"2":1,"3":1,"4":1,"5":4},"f":{"0":7},"b":{"0":[4],"1":[1,1,1,4]},"_coverageSchema":"332fd63041d2c1bcb487cc26dd0d5f7d97098a6c","hash":"a75e31e34e84907eb329c14e75f00674dde5f4df"}
,"/Users/hacktiv8/Desktop/habilhusni/grandma-care-client/src/reducers/authReducer.js": {"path":"/Users/hacktiv8/Desktop/habilhusni/grandma-care-client/src/reducers/authReducer.js","statementMap":{"0":{"start":{"line":3,"column":27},"end":{"line":9,"column":1}},"1":{"start":{"line":4,"column":2},"end":{"line":8,"column":3}},"2":{"start":{"line":5,"column":31},"end":{"line":5,"column":52}},"3":{"start":{"line":6,"column":27},"end":{"line":6,"column":55}},"4":{"start":{"line":7,"column":13},"end":{"line":7,"column":25}}},"fnMap":{"0":{"name":"(anonymous_0)","decl":{"start":{"line":3,"column":27},"end":{"line":3,"column":28}},"loc":{"start":{"line":3,"column":53},"end":{"line":9,"column":1}},"line":3}},"branchMap":{"0":{"loc":{"start":{"line":3,"column":28},"end":{"line":3,"column":40}},"type":"default-arg","locations":[{"start":{"line":3,"column":36},"end":{"line":3,"column":40}}],"line":3},"1":{"loc":{"start":{"line":4,"column":2},"end":{"line":8,"column":3}},"type":"switch","locations":[{"start":{"line":5,"column":4},"end":{"line":5,"column":52}},{"start":{"line":6,"column":4},"end":{"line":6,"column":55}},{"start":{"line":7,"column":4},"end":{"line":7,"column":25}}],"line":4}},"s":{"0":2,"1":6,"2":1,"3":1,"4":4},"f":{"0":6},"b":{"0":[4],"1":[1,1,4]},"_coverageSchema":"332fd63041d2c1bcb487cc26dd0d5f7d97098a6c","hash":"72b14c83aa9c582ccd4472e20e0385ce5fffd8a7"}
,"/Users/hacktiv8/Desktop/habilhusni/grandma-care-client/src/reducers/deactivateReducer.js": {"path":"/Users/hacktiv8/Desktop/habilhusni/grandma-care-client/src/reducers/deactivateReducer.js","statementMap":{"0":{"start":{"line":3,"column":33},"end":{"line":9,"column":1}},"1":{"start":{"line":4,"column":2},"end":{"line":8,"column":3}},"2":{"start":{"line":5,"column":35},"end":{"line":5,"column":62}},"3":{"start":{"line":6,"column":32},"end":{"line":6,"column":60}},"4":{"start":{"line":7,"column":13},"end":{"line":7,"column":25}}},"fnMap":{"0":{"name":"(anonymous_0)","decl":{"start":{"line":3,"column":33},"end":{"line":3,"column":34}},"loc":{"start":{"line":3,"column":57},"end":{"line":9,"column":1}},"line":3}},"branchMap":{"0":{"loc":{"start":{"line":3,"column":34},"end":{"line":3,"column":44}},"type":"default-arg","locations":[{"start":{"line":3,"column":42},"end":{"line":3,"column":44}}],"line":3},"1":{"loc":{"start":{"line":4,"column":2},"end":{"line":8,"column":3}},"type":"switch","locations":[{"start":{"line":5,"column":4},"end":{"line":5,"column":62}},{"start":{"line":6,"column":4},"end":{"line":6,"column":60}},{"start":{"line":7,"column":4},"end":{"line":7,"column":25}}],"line":4}},"s":{"0":2,"1":6,"2":1,"3":1,"4":4},"f":{"0":6},"b":{"0":[4],"1":[1,1,4]},"_coverageSchema":"332fd63041d2c1bcb487cc26dd0d5f7d97098a6c","hash":"9fed86a849e04f6afd5fdcb2a7f9f4e9434729c8"}
,"/Users/hacktiv8/Desktop/habilhusni/grandma-care-client/src/reducers/deleteFriendReducer.js": {"path":"/Users/hacktiv8/Desktop/habilhusni/grandma-care-client/src/reducers/deleteFriendReducer.js","statementMap":{"0":{"start":{"line":3,"column":35},"end":{"line":10,"column":1}},"1":{"start":{"line":4,"column":2},"end":{"line":9,"column":3}},"2":{"start":{"line":5,"column":38},"end":{"line":5,"column":62}},"3":{"start":{"line":6,"column":35},"end":{"line":6,"column":60}},"4":{"start":{"line":7,"column":35},"end":{"line":7,"column":56}},"5":{"start":{"line":8,"column":13},"end":{"line":8,"column":25}}},"fnMap":{"0":{"name":"(anonymous_0)","decl":{"start":{"line":3,"column":35},"end":{"line":3,"column":36}},"loc":{"start":{"line":3,"column":59},"end":{"line":10,"column":1}},"line":3}},"branchMap":{"0":{"loc":{"start":{"line":3,"column":36},"end":{"line":3,"column":46}},"type":"default-arg","locations":[{"start":{"line":3,"column":44},"end":{"line":3,"column":46}}],"line":3},"1":{"loc":{"start":{"line":4,"column":2},"end":{"line":9,"column":3}},"type":"switch","locations":[{"start":{"line":5,"column":4},"end":{"line":5,"column":62}},{"start":{"line":6,"column":4},"end":{"line":6,"column":60}},{"start":{"line":7,"column":4},"end":{"line":7,"column":56}},{"start":{"line":8,"column":4},"end":{"line":8,"column":25}}],"line":4}},"s":{"0":2,"1":7,"2":1,"3":1,"4":1,"5":4},"f":{"0":7},"b":{"0":[4],"1":[1,1,1,4]},"_coverageSchema":"332fd63041d2c1bcb487cc26dd0d5f7d97098a6c","hash":"175eb438b404fbea9d3031d911d2244f48028b57"}
,"/Users/hacktiv8/Desktop/habilhusni/grandma-care-client/src/reducers/index.js": {"path":"/Users/hacktiv8/Desktop/habilhusni/grandma-care-client/src/reducers/index.js","statementMap":{},"fnMap":{},"branchMap":{},"s":{},"f":{},"b":{},"_coverageSchema":"332fd63041d2c1bcb487cc26dd0d5f7d97098a6c","hash":"4f7e0f27661ba099e110e4107ab04840707fe06d"}
,"/Users/hacktiv8/Desktop/habilhusni/grandma-care-client/src/reducers/registerReducer.js": {"path":"/Users/hacktiv8/Desktop/habilhusni/grandma-care-client/src/reducers/registerReducer.js","statementMap":{"0":{"start":{"line":3,"column":31},"end":{"line":10,"column":1}},"1":{"start":{"line":4,"column":2},"end":{"line":9,"column":3}},"2":{"start":{"line":5,"column":33},"end":{"line":5,"column":57}},"3":{"start":{"line":6,"column":30},"end":{"line":6,"column":55}},"4":{"start":{"line":7,"column":30},"end":{"line":7,"column":51}},"5":{"start":{"line":8,"column":13},"end":{"line":8,"column":25}}},"fnMap":{"0":{"name":"(anonymous_0)","decl":{"start":{"line":3,"column":31},"end":{"line":3,"column":32}},"loc":{"start":{"line":3,"column":55},"end":{"line":10,"column":1}},"line":3}},"branchMap":{"0":{"loc":{"start":{"line":3,"column":32},"end":{"line":3,"column":42}},"type":"default-arg","locations":[{"start":{"line":3,"column":40},"end":{"line":3,"column":42}}],"line":3},"1":{"loc":{"start":{"line":4,"column":2},"end":{"line":9,"column":3}},"type":"switch","locations":[{"start":{"line":5,"column":4},"end":{"line":5,"column":57}},{"start":{"line":6,"column":4},"end":{"line":6,"column":55}},{"start":{"line":7,"column":4},"end":{"line":7,"column":51}},{"start":{"line":8,"column":4},"end":{"line":8,"column":25}}],"line":4}},"s":{"0":2,"1":7,"2":1,"3":1,"4":1,"5":4},"f":{"0":7},"b":{"0":[4],"1":[1,1,1,4]},"_coverageSchema":"332fd63041d2c1bcb487cc26dd0d5f7d97098a6c","hash":"b7e084eb1f96464605eebfdc77d1874532ea844c"}
,"/Users/hacktiv8/Desktop/habilhusni/grandma-care-client/src/reducers/userReducer.js": {"path":"/Users/hacktiv8/Desktop/habilhusni/grandma-care-client/src/reducers/userReducer.js","statementMap":{"0":{"start":{"line":3,"column":27},"end":{"line":9,"column":1}},"1":{"start":{"line":4,"column":2},"end":{"line":8,"column":3}},"2":{"start":{"line":5,"column":38},"end":{"line":5,"column":59}},"3":{"start":{"line":6,"column":36},"end":{"line":6,"column":64}},"4":{"start":{"line":7,"column":13},"end":{"line":7,"column":25}}},"fnMap":{"0":{"name":"(anonymous_0)","decl":{"start":{"line":3,"column":27},"end":{"line":3,"column":28}},"loc":{"start":{"line":3,"column":51},"end":{"line":9,"column":1}},"line":3}},"branchMap":{"0":{"loc":{"start":{"line":3,"column":28},"end":{"line":3,"column":38}},"type":"default-arg","locations":[{"start":{"line":3,"column":36},"end":{"line":3,"column":38}}],"line":3},"1":{"loc":{"start":{"line":4,"column":2},"end":{"line":8,"column":3}},"type":"switch","locations":[{"start":{"line":5,"column":4},"end":{"line":5,"column":59}},{"start":{"line":6,"column":4},"end":{"line":6,"column":64}},{"start":{"line":7,"column":4},"end":{"line":7,"column":25}}],"line":4}},"s":{"0":2,"1":6,"2":1,"3":1,"4":4},"f":{"0":6},"b":{"0":[4],"1":[1,1,4]},"_coverageSchema":"332fd63041d2c1bcb487cc26dd0d5f7d97098a6c","hash":"00d590957d5c2c19b4e72674b2d55f2feb5c5ed2"}
,"/Users/hacktiv8/Desktop/habilhusni/grandma-care-client/src/styles/index.js": {"path":"/Users/hacktiv8/Desktop/habilhusni/grandma-care-client/src/styles/index.js","statementMap":{"0":{"start":{"line":3,"column":22},"end":{"line":34,"column":2}}},"fnMap":{},"branchMap":{},"s":{"0":1},"f":{},"b":{},"_coverageSchema":"332fd63041d2c1bcb487cc26dd0d5f7d97098a6c","hash":"fd1e8eeb135107546611eb336fce3303dc55ab27"}
}
