{"/media/husnihabil/01D2BAF36AB9DAB0/E/Github Backup/Hacktiv8/phase 3/WEEK 4/grandma-care-client/index.android.js": {"path":"/media/husnihabil/01D2BAF36AB9DAB0/E/Github Backup/Hacktiv8/phase 3/WEEK 4/grandma-care-client/index.android.js","statementMap":{"0":{"start":{"line":17,"column":14},"end":{"line":17,"column":67}},"1":{"start":{"line":21,"column":4},"end":{"line":25,"column":6}},"2":{"start":{"line":29,"column":0},"end":{"line":29,"column":54}},"3":{"start":{"line":29,"column":46},"end":{"line":29,"column":52}}},"fnMap":{"0":{"name":"(anonymous_0)","decl":{"start":{"line":20,"column":2},"end":{"line":20,"column":3}},"loc":{"start":{"line":20,"column":11},"end":{"line":26,"column":3}},"line":20},"1":{"name":"(anonymous_1)","decl":{"start":{"line":29,"column":40},"end":{"line":29,"column":41}},"loc":{"start":{"line":29,"column":46},"end":{"line":29,"column":52}},"line":29}},"branchMap":{},"s":{"0":1,"1":0,"2":1,"3":0},"f":{"0":0,"1":0},"b":{},"_coverageSchema":"332fd63041d2c1bcb487cc26dd0d5f7d97098a6c","hash":"e496c81fd510ca7a25adb6794c3b67231933958a"}
,"/media/husnihabil/01D2BAF36AB9DAB0/E/Github Backup/Hacktiv8/phase 3/WEEK 4/grandma-care-client/index.ios.js": {"path":"/media/husnihabil/01D2BAF36AB9DAB0/E/Github Backup/Hacktiv8/phase 3/WEEK 4/grandma-care-client/index.ios.js","statementMap":{"0":{"start":{"line":17,"column":4},"end":{"line":30,"column":6}},"1":{"start":{"line":34,"column":15},"end":{"line":51,"column":2}},"2":{"start":{"line":53,"column":0},"end":{"line":53,"column":54}},"3":{"start":{"line":53,"column":46},"end":{"line":53,"column":52}}},"fnMap":{"0":{"name":"(anonymous_0)","decl":{"start":{"line":16,"column":2},"end":{"line":16,"column":3}},"loc":{"start":{"line":16,"column":11},"end":{"line":31,"column":3}},"line":16},"1":{"name":"(anonymous_1)","decl":{"start":{"line":53,"column":40},"end":{"line":53,"column":41}},"loc":{"start":{"line":53,"column":46},"end":{"line":53,"column":52}},"line":53}},"branchMap":{},"s":{"0":1,"1":1,"2":1,"3":0},"f":{"0":1,"1":0},"b":{},"_coverageSchema":"332fd63041d2c1bcb487cc26dd0d5f7d97098a6c","hash":"a4abcc7acd9ca4ee1d916ccc67df7cb50b081474"}
,"/media/husnihabil/01D2BAF36AB9DAB0/E/Github Backup/Hacktiv8/phase 3/WEEK 4/grandma-care-client/math.js": {"path":"/media/husnihabil/01D2BAF36AB9DAB0/E/Github Backup/Hacktiv8/phase 3/WEEK 4/grandma-care-client/math.js","statementMap":{"0":{"start":{"line":1,"column":0},"end":{"line":1,"column":21}},"1":{"start":{"line":4,"column":2},"end":{"line":4,"column":17}}},"fnMap":{"0":{"name":"sum","decl":{"start":{"line":3,"column":9},"end":{"line":3,"column":12}},"loc":{"start":{"line":3,"column":19},"end":{"line":5,"column":1}},"line":3}},"branchMap":{},"s":{"0":1,"1":1},"f":{"0":1},"b":{},"_coverageSchema":"332fd63041d2c1bcb487cc26dd0d5f7d97098a6c","hash":"0c941386410e06d07c8a2734d100f633d47d9fdb"}
,"/media/husnihabil/01D2BAF36AB9DAB0/E/Github Backup/Hacktiv8/phase 3/WEEK 4/grandma-care-client/jest/setup.js": {"path":"/media/husnihabil/01D2BAF36AB9DAB0/E/Github Backup/Hacktiv8/phase 3/WEEK 4/grandma-care-client/jest/setup.js","statementMap":{"0":{"start":{"line":1,"column":0},"end":{"line":9,"column":2}},"1":{"start":{"line":2,"column":2},"end":{"line":8,"column":3}}},"fnMap":{"0":{"name":"(anonymous_0)","decl":{"start":{"line":1,"column":21},"end":{"line":1,"column":22}},"loc":{"start":{"line":1,"column":27},"end":{"line":9,"column":1}},"line":1}},"branchMap":{},"s":{"0":2,"1":1},"f":{"0":1},"b":{},"_coverageSchema":"332fd63041d2c1bcb487cc26dd0d5f7d97098a6c","hash":"3664553678470a2ee10572281d529b042bb164b8"}
,"/media/husnihabil/01D2BAF36AB9DAB0/E/Github Backup/Hacktiv8/phase 3/WEEK 4/grandma-care-client/src/index.js": {"path":"/media/husnihabil/01D2BAF36AB9DAB0/E/Github Backup/Hacktiv8/phase 3/WEEK 4/grandma-care-client/src/index.js","statementMap":{"0":{"start":{"line":9,"column":12},"end":{"line":19,"column":1}}},"fnMap":{},"branchMap":{},"s":{"0":1},"f":{},"b":{},"_coverageSchema":"332fd63041d2c1bcb487cc26dd0d5f7d97098a6c","hash":"e4bd194e0298edc34f699b4d9f76dbe2e67ff986"}
,"/media/husnihabil/01D2BAF36AB9DAB0/E/Github Backup/Hacktiv8/phase 3/WEEK 4/grandma-care-client/src/actions/index.js": {"path":"/media/husnihabil/01D2BAF36AB9DAB0/E/Github Backup/Hacktiv8/phase 3/WEEK 4/grandma-care-client/src/actions/index.js","statementMap":{"0":{"start":{"line":3,"column":31},"end":{"line":5,"column":2}},"1":{"start":{"line":3,"column":38},"end":{"line":5,"column":1}},"2":{"start":{"line":7,"column":28},"end":{"line":9,"column":2}},"3":{"start":{"line":7,"column":35},"end":{"line":9,"column":1}},"4":{"start":{"line":11,"column":28},"end":{"line":14,"column":2}},"5":{"start":{"line":11,"column":38},"end":{"line":14,"column":1}},"6":{"start":{"line":16,"column":28},"end":{"line":19,"column":2}},"7":{"start":{"line":16,"column":40},"end":{"line":19,"column":1}},"8":{"start":{"line":21,"column":25},"end":{"line":24,"column":2}},"9":{"start":{"line":21,"column":35},"end":{"line":24,"column":1}},"10":{"start":{"line":26,"column":22},"end":{"line":28,"column":2}},"11":{"start":{"line":26,"column":29},"end":{"line":28,"column":1}},"12":{"start":{"line":30,"column":33},"end":{"line":33,"column":2}},"13":{"start":{"line":30,"column":45},"end":{"line":33,"column":1}},"14":{"start":{"line":35,"column":30},"end":{"line":38,"column":2}},"15":{"start":{"line":35,"column":40},"end":{"line":38,"column":1}},"16":{"start":{"line":40,"column":35},"end":{"line":43,"column":2}},"17":{"start":{"line":40,"column":47},"end":{"line":43,"column":1}},"18":{"start":{"line":45,"column":32},"end":{"line":48,"column":2}},"19":{"start":{"line":45,"column":42},"end":{"line":48,"column":1}},"20":{"start":{"line":50,"column":37},"end":{"line":53,"column":2}},"21":{"start":{"line":50,"column":49},"end":{"line":53,"column":1}},"22":{"start":{"line":55,"column":34},"end":{"line":58,"column":2}},"23":{"start":{"line":55,"column":44},"end":{"line":58,"column":1}},"24":{"start":{"line":60,"column":35},"end":{"line":63,"column":2}},"25":{"start":{"line":60,"column":47},"end":{"line":63,"column":1}},"26":{"start":{"line":65,"column":32},"end":{"line":68,"column":2}},"27":{"start":{"line":65,"column":42},"end":{"line":68,"column":1}},"28":{"start":{"line":70,"column":32},"end":{"line":72,"column":2}},"29":{"start":{"line":70,"column":39},"end":{"line":72,"column":1}},"30":{"start":{"line":74,"column":29},"end":{"line":77,"column":2}},"31":{"start":{"line":74,"column":39},"end":{"line":77,"column":1}},"32":{"start":{"line":79,"column":29},"end":{"line":81,"column":2}},"33":{"start":{"line":79,"column":36},"end":{"line":81,"column":1}},"34":{"start":{"line":83,"column":35},"end":{"line":85,"column":2}},"35":{"start":{"line":83,"column":42},"end":{"line":85,"column":1}},"36":{"start":{"line":87,"column":32},"end":{"line":89,"column":2}},"37":{"start":{"line":87,"column":39},"end":{"line":89,"column":1}},"38":{"start":{"line":91,"column":32},"end":{"line":93,"column":2}},"39":{"start":{"line":91,"column":39},"end":{"line":93,"column":1}},"40":{"start":{"line":95,"column":28},"end":{"line":108,"column":1}},"41":{"start":{"line":96,"column":2},"end":{"line":107,"column":3}},"42":{"start":{"line":97,"column":4},"end":{"line":106,"column":52}},"43":{"start":{"line":104,"column":19},"end":{"line":104,"column":29}},"44":{"start":{"line":105,"column":20},"end":{"line":105,"column":55}},"45":{"start":{"line":106,"column":20},"end":{"line":106,"column":51}},"46":{"start":{"line":110,"column":26},"end":{"line":123,"column":1}},"47":{"start":{"line":111,"column":2},"end":{"line":122,"column":3}},"48":{"start":{"line":112,"column":4},"end":{"line":121,"column":50}},"49":{"start":{"line":119,"column":19},"end":{"line":119,"column":29}},"50":{"start":{"line":120,"column":20},"end":{"line":120,"column":53}},"51":{"start":{"line":121,"column":20},"end":{"line":121,"column":49}},"52":{"start":{"line":125,"column":21},"end":{"line":138,"column":1}},"53":{"start":{"line":126,"column":2},"end":{"line":137,"column":3}},"54":{"start":{"line":127,"column":4},"end":{"line":136,"column":45}},"55":{"start":{"line":134,"column":19},"end":{"line":134,"column":29}},"56":{"start":{"line":135,"column":20},"end":{"line":135,"column":48}},"57":{"start":{"line":136,"column":20},"end":{"line":136,"column":44}},"58":{"start":{"line":140,"column":24},"end":{"line":157,"column":1}},"59":{"start":{"line":141,"column":2},"end":{"line":156,"column":3}},"60":{"start":{"line":142,"column":4},"end":{"line":155,"column":48}},"61":{"start":{"line":150,"column":6},"end":{"line":154,"column":7}},"62":{"start":{"line":151,"column":8},"end":{"line":151,"column":48}},"63":{"start":{"line":153,"column":8},"end":{"line":153,"column":35}},"64":{"start":{"line":155,"column":20},"end":{"line":155,"column":47}},"65":{"start":{"line":159,"column":30},"end":{"line":173,"column":1}},"66":{"start":{"line":160,"column":2},"end":{"line":172,"column":3}},"67":{"start":{"line":161,"column":4},"end":{"line":171,"column":54}},"68":{"start":{"line":169,"column":19},"end":{"line":169,"column":29}},"69":{"start":{"line":170,"column":20},"end":{"line":170,"column":57}},"70":{"start":{"line":171,"column":20},"end":{"line":171,"column":53}},"71":{"start":{"line":175,"column":28},"end":{"line":189,"column":1}},"72":{"start":{"line":176,"column":2},"end":{"line":188,"column":3}},"73":{"start":{"line":177,"column":4},"end":{"line":187,"column":52}},"74":{"start":{"line":185,"column":19},"end":{"line":185,"column":29}},"75":{"start":{"line":186,"column":20},"end":{"line":186,"column":55}},"76":{"start":{"line":187,"column":20},"end":{"line":187,"column":51}},"77":{"start":{"line":191,"column":25},"end":{"line":203,"column":1}},"78":{"start":{"line":192,"column":2},"end":{"line":202,"column":3}},"79":{"start":{"line":193,"column":4},"end":{"line":201,"column":49}},"80":{"start":{"line":200,"column":18},"end":{"line":200,"column":46}},"81":{"start":{"line":201,"column":20},"end":{"line":201,"column":48}},"82":{"start":{"line":205,"column":28},"end":{"line":217,"column":1}},"83":{"start":{"line":206,"column":2},"end":{"line":216,"column":3}},"84":{"start":{"line":207,"column":4},"end":{"line":215,"column":52}},"85":{"start":{"line":214,"column":18},"end":{"line":214,"column":49}},"86":{"start":{"line":215,"column":20},"end":{"line":215,"column":51}}},"fnMap":{"0":{"name":"(anonymous_0)","decl":{"start":{"line":3,"column":31},"end":{"line":3,"column":32}},"loc":{"start":{"line":3,"column":38},"end":{"line":5,"column":1}},"line":3},"1":{"name":"(anonymous_1)","decl":{"start":{"line":7,"column":28},"end":{"line":7,"column":29}},"loc":{"start":{"line":7,"column":35},"end":{"line":9,"column":1}},"line":7},"2":{"name":"(anonymous_2)","decl":{"start":{"line":11,"column":28},"end":{"line":11,"column":29}},"loc":{"start":{"line":11,"column":38},"end":{"line":14,"column":1}},"line":11},"3":{"name":"(anonymous_3)","decl":{"start":{"line":16,"column":28},"end":{"line":16,"column":29}},"loc":{"start":{"line":16,"column":40},"end":{"line":19,"column":1}},"line":16},"4":{"name":"(anonymous_4)","decl":{"start":{"line":21,"column":25},"end":{"line":21,"column":26}},"loc":{"start":{"line":21,"column":35},"end":{"line":24,"column":1}},"line":21},"5":{"name":"(anonymous_5)","decl":{"start":{"line":26,"column":22},"end":{"line":26,"column":23}},"loc":{"start":{"line":26,"column":29},"end":{"line":28,"column":1}},"line":26},"6":{"name":"(anonymous_6)","decl":{"start":{"line":30,"column":33},"end":{"line":30,"column":34}},"loc":{"start":{"line":30,"column":45},"end":{"line":33,"column":1}},"line":30},"7":{"name":"(anonymous_7)","decl":{"start":{"line":35,"column":30},"end":{"line":35,"column":31}},"loc":{"start":{"line":35,"column":40},"end":{"line":38,"column":1}},"line":35},"8":{"name":"(anonymous_8)","decl":{"start":{"line":40,"column":35},"end":{"line":40,"column":36}},"loc":{"start":{"line":40,"column":47},"end":{"line":43,"column":1}},"line":40},"9":{"name":"(anonymous_9)","decl":{"start":{"line":45,"column":32},"end":{"line":45,"column":33}},"loc":{"start":{"line":45,"column":42},"end":{"line":48,"column":1}},"line":45},"10":{"name":"(anonymous_10)","decl":{"start":{"line":50,"column":37},"end":{"line":50,"column":38}},"loc":{"start":{"line":50,"column":49},"end":{"line":53,"column":1}},"line":50},"11":{"name":"(anonymous_11)","decl":{"start":{"line":55,"column":34},"end":{"line":55,"column":35}},"loc":{"start":{"line":55,"column":44},"end":{"line":58,"column":1}},"line":55},"12":{"name":"(anonymous_12)","decl":{"start":{"line":60,"column":35},"end":{"line":60,"column":36}},"loc":{"start":{"line":60,"column":47},"end":{"line":63,"column":1}},"line":60},"13":{"name":"(anonymous_13)","decl":{"start":{"line":65,"column":32},"end":{"line":65,"column":33}},"loc":{"start":{"line":65,"column":42},"end":{"line":68,"column":1}},"line":65},"14":{"name":"(anonymous_14)","decl":{"start":{"line":70,"column":32},"end":{"line":70,"column":33}},"loc":{"start":{"line":70,"column":39},"end":{"line":72,"column":1}},"line":70},"15":{"name":"(anonymous_15)","decl":{"start":{"line":74,"column":29},"end":{"line":74,"column":30}},"loc":{"start":{"line":74,"column":39},"end":{"line":77,"column":1}},"line":74},"16":{"name":"(anonymous_16)","decl":{"start":{"line":79,"column":29},"end":{"line":79,"column":30}},"loc":{"start":{"line":79,"column":36},"end":{"line":81,"column":1}},"line":79},"17":{"name":"(anonymous_17)","decl":{"start":{"line":83,"column":35},"end":{"line":83,"column":36}},"loc":{"start":{"line":83,"column":42},"end":{"line":85,"column":1}},"line":83},"18":{"name":"(anonymous_18)","decl":{"start":{"line":87,"column":32},"end":{"line":87,"column":33}},"loc":{"start":{"line":87,"column":39},"end":{"line":89,"column":1}},"line":87},"19":{"name":"(anonymous_19)","decl":{"start":{"line":91,"column":32},"end":{"line":91,"column":33}},"loc":{"start":{"line":91,"column":39},"end":{"line":93,"column":1}},"line":91},"20":{"name":"(anonymous_20)","decl":{"start":{"line":95,"column":28},"end":{"line":95,"column":29}},"loc":{"start":{"line":96,"column":2},"end":{"line":107,"column":3}},"line":96},"21":{"name":"(anonymous_21)","decl":{"start":{"line":96,"column":2},"end":{"line":96,"column":3}},"loc":{"start":{"line":97,"column":4},"end":{"line":106,"column":52}},"line":97},"22":{"name":"(anonymous_22)","decl":{"start":{"line":104,"column":12},"end":{"line":104,"column":13}},"loc":{"start":{"line":104,"column":19},"end":{"line":104,"column":29}},"line":104},"23":{"name":"(anonymous_23)","decl":{"start":{"line":105,"column":12},"end":{"line":105,"column":13}},"loc":{"start":{"line":105,"column":20},"end":{"line":105,"column":55}},"line":105},"24":{"name":"(anonymous_24)","decl":{"start":{"line":106,"column":13},"end":{"line":106,"column":14}},"loc":{"start":{"line":106,"column":20},"end":{"line":106,"column":51}},"line":106},"25":{"name":"(anonymous_25)","decl":{"start":{"line":110,"column":26},"end":{"line":110,"column":27}},"loc":{"start":{"line":111,"column":2},"end":{"line":122,"column":3}},"line":111},"26":{"name":"(anonymous_26)","decl":{"start":{"line":111,"column":2},"end":{"line":111,"column":3}},"loc":{"start":{"line":112,"column":4},"end":{"line":121,"column":50}},"line":112},"27":{"name":"(anonymous_27)","decl":{"start":{"line":119,"column":12},"end":{"line":119,"column":13}},"loc":{"start":{"line":119,"column":19},"end":{"line":119,"column":29}},"line":119},"28":{"name":"(anonymous_28)","decl":{"start":{"line":120,"column":12},"end":{"line":120,"column":13}},"loc":{"start":{"line":120,"column":20},"end":{"line":120,"column":53}},"line":120},"29":{"name":"(anonymous_29)","decl":{"start":{"line":121,"column":13},"end":{"line":121,"column":14}},"loc":{"start":{"line":121,"column":20},"end":{"line":121,"column":49}},"line":121},"30":{"name":"(anonymous_30)","decl":{"start":{"line":125,"column":21},"end":{"line":125,"column":22}},"loc":{"start":{"line":126,"column":2},"end":{"line":137,"column":3}},"line":126},"31":{"name":"(anonymous_31)","decl":{"start":{"line":126,"column":2},"end":{"line":126,"column":3}},"loc":{"start":{"line":127,"column":4},"end":{"line":136,"column":45}},"line":127},"32":{"name":"(anonymous_32)","decl":{"start":{"line":134,"column":12},"end":{"line":134,"column":13}},"loc":{"start":{"line":134,"column":19},"end":{"line":134,"column":29}},"line":134},"33":{"name":"(anonymous_33)","decl":{"start":{"line":135,"column":12},"end":{"line":135,"column":13}},"loc":{"start":{"line":135,"column":20},"end":{"line":135,"column":48}},"line":135},"34":{"name":"(anonymous_34)","decl":{"start":{"line":136,"column":13},"end":{"line":136,"column":14}},"loc":{"start":{"line":136,"column":20},"end":{"line":136,"column":44}},"line":136},"35":{"name":"(anonymous_35)","decl":{"start":{"line":140,"column":24},"end":{"line":140,"column":25}},"loc":{"start":{"line":141,"column":2},"end":{"line":156,"column":3}},"line":141},"36":{"name":"(anonymous_36)","decl":{"start":{"line":141,"column":2},"end":{"line":141,"column":3}},"loc":{"start":{"line":142,"column":4},"end":{"line":155,"column":48}},"line":142},"37":{"name":"(anonymous_37)","decl":{"start":{"line":149,"column":12},"end":{"line":149,"column":13}},"loc":{"start":{"line":149,"column":19},"end":{"line":155,"column":5}},"line":149},"38":{"name":"(anonymous_38)","decl":{"start":{"line":155,"column":13},"end":{"line":155,"column":14}},"loc":{"start":{"line":155,"column":20},"end":{"line":155,"column":47}},"line":155},"39":{"name":"(anonymous_39)","decl":{"start":{"line":159,"column":30},"end":{"line":159,"column":31}},"loc":{"start":{"line":160,"column":2},"end":{"line":172,"column":3}},"line":160},"40":{"name":"(anonymous_40)","decl":{"start":{"line":160,"column":2},"end":{"line":160,"column":3}},"loc":{"start":{"line":161,"column":4},"end":{"line":171,"column":54}},"line":161},"41":{"name":"(anonymous_41)","decl":{"start":{"line":169,"column":10},"end":{"line":169,"column":11}},"loc":{"start":{"line":169,"column":19},"end":{"line":169,"column":29}},"line":169},"42":{"name":"(anonymous_42)","decl":{"start":{"line":170,"column":10},"end":{"line":170,"column":11}},"loc":{"start":{"line":170,"column":20},"end":{"line":170,"column":57}},"line":170},"43":{"name":"(anonymous_43)","decl":{"start":{"line":171,"column":11},"end":{"line":171,"column":12}},"loc":{"start":{"line":171,"column":20},"end":{"line":171,"column":53}},"line":171},"44":{"name":"(anonymous_44)","decl":{"start":{"line":175,"column":28},"end":{"line":175,"column":29}},"loc":{"start":{"line":176,"column":2},"end":{"line":188,"column":3}},"line":176},"45":{"name":"(anonymous_45)","decl":{"start":{"line":176,"column":2},"end":{"line":176,"column":3}},"loc":{"start":{"line":177,"column":4},"end":{"line":187,"column":52}},"line":177},"46":{"name":"(anonymous_46)","decl":{"start":{"line":185,"column":10},"end":{"line":185,"column":11}},"loc":{"start":{"line":185,"column":19},"end":{"line":185,"column":29}},"line":185},"47":{"name":"(anonymous_47)","decl":{"start":{"line":186,"column":10},"end":{"line":186,"column":11}},"loc":{"start":{"line":186,"column":20},"end":{"line":186,"column":55}},"line":186},"48":{"name":"(anonymous_48)","decl":{"start":{"line":187,"column":11},"end":{"line":187,"column":12}},"loc":{"start":{"line":187,"column":20},"end":{"line":187,"column":51}},"line":187},"49":{"name":"(anonymous_49)","decl":{"start":{"line":191,"column":25},"end":{"line":191,"column":26}},"loc":{"start":{"line":192,"column":2},"end":{"line":202,"column":3}},"line":192},"50":{"name":"(anonymous_50)","decl":{"start":{"line":192,"column":2},"end":{"line":192,"column":3}},"loc":{"start":{"line":193,"column":4},"end":{"line":201,"column":49}},"line":193},"51":{"name":"(anonymous_51)","decl":{"start":{"line":200,"column":12},"end":{"line":200,"column":13}},"loc":{"start":{"line":200,"column":18},"end":{"line":200,"column":46}},"line":200},"52":{"name":"(anonymous_52)","decl":{"start":{"line":201,"column":13},"end":{"line":201,"column":14}},"loc":{"start":{"line":201,"column":20},"end":{"line":201,"column":48}},"line":201},"53":{"name":"(anonymous_53)","decl":{"start":{"line":205,"column":28},"end":{"line":205,"column":29}},"loc":{"start":{"line":206,"column":2},"end":{"line":216,"column":3}},"line":206},"54":{"name":"(anonymous_54)","decl":{"start":{"line":206,"column":2},"end":{"line":206,"column":3}},"loc":{"start":{"line":207,"column":4},"end":{"line":215,"column":52}},"line":207},"55":{"name":"(anonymous_55)","decl":{"start":{"line":214,"column":12},"end":{"line":214,"column":13}},"loc":{"start":{"line":214,"column":18},"end":{"line":214,"column":49}},"line":214},"56":{"name":"(anonymous_56)","decl":{"start":{"line":215,"column":13},"end":{"line":215,"column":14}},"loc":{"start":{"line":215,"column":20},"end":{"line":215,"column":51}},"line":215}},"branchMap":{"0":{"loc":{"start":{"line":150,"column":6},"end":{"line":154,"column":7}},"type":"if","locations":[{"start":{"line":150,"column":6},"end":{"line":154,"column":7}},{"start":{"line":150,"column":6},"end":{"line":154,"column":7}}],"line":150}},"s":{"0":1,"1":0,"2":1,"3":0,"4":1,"5":0,"6":1,"7":0,"8":1,"9":0,"10":1,"11":0,"12":1,"13":0,"14":1,"15":0,"16":1,"17":0,"18":1,"19":0,"20":1,"21":0,"22":1,"23":0,"24":1,"25":0,"26":1,"27":0,"28":1,"29":0,"30":1,"31":0,"32":1,"33":0,"34":1,"35":0,"36":1,"37":0,"38":1,"39":0,"40":1,"41":0,"42":0,"43":0,"44":0,"45":0,"46":1,"47":0,"48":0,"49":0,"50":0,"51":0,"52":1,"53":0,"54":0,"55":0,"56":0,"57":0,"58":1,"59":0,"60":0,"61":0,"62":0,"63":0,"64":0,"65":1,"66":0,"67":0,"68":0,"69":0,"70":0,"71":1,"72":0,"73":0,"74":0,"75":0,"76":0,"77":1,"78":0,"79":0,"80":0,"81":0,"82":1,"83":0,"84":0,"85":0,"86":0},"f":{"0":0,"1":0,"2":0,"3":0,"4":0,"5":0,"6":0,"7":0,"8":0,"9":0,"10":0,"11":0,"12":0,"13":0,"14":0,"15":0,"16":0,"17":0,"18":0,"19":0,"20":0,"21":0,"22":0,"23":0,"24":0,"25":0,"26":0,"27":0,"28":0,"29":0,"30":0,"31":0,"32":0,"33":0,"34":0,"35":0,"36":0,"37":0,"38":0,"39":0,"40":0,"41":0,"42":0,"43":0,"44":0,"45":0,"46":0,"47":0,"48":0,"49":0,"50":0,"51":0,"52":0,"53":0,"54":0,"55":0,"56":0},"b":{"0":[0,0]},"_coverageSchema":"332fd63041d2c1bcb487cc26dd0d5f7d97098a6c","hash":"22c9e78b163667c9e7aa1cc9bd0d95a19474fec5"}
,"/media/husnihabil/01D2BAF36AB9DAB0/E/Github Backup/Hacktiv8/phase 3/WEEK 4/grandma-care-client/src/components/AddFriend.js": {"path":"/media/husnihabil/01D2BAF36AB9DAB0/E/Github Backup/Hacktiv8/phase 3/WEEK 4/grandma-care-client/src/components/AddFriend.js","statementMap":{"0":{"start":{"line":17,"column":4},"end":{"line":19,"column":6}},"1":{"start":{"line":23,"column":75},"end":{"line":23,"column":85}},"2":{"start":{"line":24,"column":4},"end":{"line":24,"column":30}},"3":{"start":{"line":26,"column":4},"end":{"line":33,"column":5}},"4":{"start":{"line":27,"column":6},"end":{"line":32,"column":7}},"5":{"start":{"line":28,"column":8},"end":{"line":28,"column":95}},"6":{"start":{"line":29,"column":8},"end":{"line":29,"column":23}},"7":{"start":{"line":31,"column":8},"end":{"line":31,"column":86}},"8":{"start":{"line":37,"column":68},"end":{"line":37,"column":78}},"9":{"start":{"line":38,"column":25},"end":{"line":38,"column":35}},"10":{"start":{"line":39,"column":4},"end":{"line":77,"column":5}},"11":{"start":{"line":44,"column":28},"end":{"line":44,"column":60}},"12":{"start":{"line":59,"column":35},"end":{"line":59,"column":79}},"13":{"start":{"line":65,"column":20},"end":{"line":65,"column":52}},"14":{"start":{"line":66,"column":20},"end":{"line":68,"column":27}},"15":{"start":{"line":67,"column":22},"end":{"line":67,"column":54}},"16":{"start":{"line":81,"column":0},"end":{"line":88,"column":1}},"17":{"start":{"line":90,"column":24},"end":{"line":92,"column":2}},"18":{"start":{"line":90,"column":34},"end":{"line":92,"column":1}},"19":{"start":{"line":94,"column":27},"end":{"line":98,"column":2}},"20":{"start":{"line":94,"column":40},"end":{"line":98,"column":1}},"21":{"start":{"line":95,"column":42},"end":{"line":95,"column":84}},"22":{"start":{"line":96,"column":23},"end":{"line":96,"column":48}},"23":{"start":{"line":97,"column":34},"end":{"line":97,"column":70}}},"fnMap":{"0":{"name":"(anonymous_0)","decl":{"start":{"line":16,"column":24},"end":{"line":16,"column":25}},"loc":{"start":{"line":16,"column":32},"end":{"line":20,"column":3}},"line":16},"1":{"name":"(anonymous_1)","decl":{"start":{"line":22,"column":2},"end":{"line":22,"column":3}},"loc":{"start":{"line":22,"column":25},"end":{"line":34,"column":3}},"line":22},"2":{"name":"(anonymous_2)","decl":{"start":{"line":36,"column":2},"end":{"line":36,"column":3}},"loc":{"start":{"line":36,"column":11},"end":{"line":78,"column":3}},"line":36},"3":{"name":"(anonymous_3)","decl":{"start":{"line":44,"column":23},"end":{"line":44,"column":24}},"loc":{"start":{"line":44,"column":28},"end":{"line":44,"column":60}},"line":44},"4":{"name":"(anonymous_4)","decl":{"start":{"line":59,"column":28},"end":{"line":59,"column":29}},"loc":{"start":{"line":59,"column":35},"end":{"line":59,"column":79}},"line":59},"5":{"name":"(anonymous_5)","decl":{"start":{"line":64,"column":27},"end":{"line":64,"column":28}},"loc":{"start":{"line":64,"column":33},"end":{"line":69,"column":19}},"line":64},"6":{"name":"(anonymous_6)","decl":{"start":{"line":66,"column":31},"end":{"line":66,"column":32}},"loc":{"start":{"line":66,"column":36},"end":{"line":68,"column":21}},"line":66},"7":{"name":"(anonymous_7)","decl":{"start":{"line":90,"column":24},"end":{"line":90,"column":25}},"loc":{"start":{"line":90,"column":34},"end":{"line":92,"column":1}},"line":90},"8":{"name":"(anonymous_8)","decl":{"start":{"line":94,"column":27},"end":{"line":94,"column":28}},"loc":{"start":{"line":94,"column":40},"end":{"line":98,"column":1}},"line":94},"9":{"name":"(anonymous_9)","decl":{"start":{"line":95,"column":13},"end":{"line":95,"column":14}},"loc":{"start":{"line":95,"column":42},"end":{"line":95,"column":84}},"line":95},"10":{"name":"(anonymous_10)","decl":{"start":{"line":96,"column":17},"end":{"line":96,"column":18}},"loc":{"start":{"line":96,"column":23},"end":{"line":96,"column":48}},"line":96},"11":{"name":"(anonymous_11)","decl":{"start":{"line":97,"column":16},"end":{"line":97,"column":17}},"loc":{"start":{"line":97,"column":34},"end":{"line":97,"column":70}},"line":97}},"branchMap":{"0":{"loc":{"start":{"line":26,"column":4},"end":{"line":33,"column":5}},"type":"if","locations":[{"start":{"line":26,"column":4},"end":{"line":33,"column":5}},{"start":{"line":26,"column":4},"end":{"line":33,"column":5}}],"line":26},"1":{"loc":{"start":{"line":27,"column":6},"end":{"line":32,"column":7}},"type":"if","locations":[{"start":{"line":27,"column":6},"end":{"line":32,"column":7}},{"start":{"line":27,"column":6},"end":{"line":32,"column":7}}],"line":27}},"s":{"0":0,"1":0,"2":0,"3":0,"4":0,"5":0,"6":0,"7":0,"8":0,"9":0,"10":0,"11":0,"12":0,"13":0,"14":0,"15":0,"16":1,"17":1,"18":0,"19":1,"20":0,"21":0,"22":0,"23":0},"f":{"0":0,"1":0,"2":0,"3":0,"4":0,"5":0,"6":0,"7":0,"8":0,"9":0,"10":0,"11":0},"b":{"0":[0,0],"1":[0,0]},"_coverageSchema":"332fd63041d2c1bcb487cc26dd0d5f7d97098a6c","hash":"b738357e78b8428c57963fb82ad954e4eda47676"}
,"/media/husnihabil/01D2BAF36AB9DAB0/E/Github Backup/Hacktiv8/phase 3/WEEK 4/grandma-care-client/src/components/AddFriendButton.js": {"path":"/media/husnihabil/01D2BAF36AB9DAB0/E/Github Backup/Hacktiv8/phase 3/WEEK 4/grandma-care-client/src/components/AddFriendButton.js","statementMap":{"0":{"start":{"line":9,"column":4},"end":{"line":15,"column":5}},"1":{"start":{"line":11,"column":23},"end":{"line":11,"column":65}},"2":{"start":{"line":19,"column":0},"end":{"line":21,"column":1}}},"fnMap":{"0":{"name":"(anonymous_0)","decl":{"start":{"line":8,"column":2},"end":{"line":8,"column":3}},"loc":{"start":{"line":8,"column":11},"end":{"line":16,"column":3}},"line":8},"1":{"name":"(anonymous_1)","decl":{"start":{"line":11,"column":17},"end":{"line":11,"column":18}},"loc":{"start":{"line":11,"column":23},"end":{"line":11,"column":65}},"line":11}},"branchMap":{},"s":{"0":1,"1":0,"2":1},"f":{"0":1,"1":0},"b":{},"_coverageSchema":"332fd63041d2c1bcb487cc26dd0d5f7d97098a6c","hash":"d2c9fa881e19381e685b6682cf008959a1ee617e"}
,"/media/husnihabil/01D2BAF36AB9DAB0/E/Github Backup/Hacktiv8/phase 3/WEEK 4/grandma-care-client/src/components/DeleteFriendButton.js": {"path":"/media/husnihabil/01D2BAF36AB9DAB0/E/Github Backup/Hacktiv8/phase 3/WEEK 4/grandma-care-client/src/components/DeleteFriendButton.js","statementMap":{"0":{"start":{"line":13,"column":67},"end":{"line":13,"column":77}},"1":{"start":{"line":14,"column":4},"end":{"line":14,"column":30}},"2":{"start":{"line":15,"column":4},"end":{"line":22,"column":5}},"3":{"start":{"line":16,"column":6},"end":{"line":21,"column":7}},"4":{"start":{"line":17,"column":8},"end":{"line":17,"column":90}},"5":{"start":{"line":18,"column":8},"end":{"line":18,"column":26}},"6":{"start":{"line":20,"column":8},"end":{"line":20,"column":94}},"7":{"start":{"line":26,"column":80},"end":{"line":26,"column":90}},"8":{"start":{"line":27,"column":4},"end":{"line":37,"column":5}},"9":{"start":{"line":30,"column":10},"end":{"line":30,"column":45}},"10":{"start":{"line":31,"column":10},"end":{"line":33,"column":16}},"11":{"start":{"line":32,"column":12},"end":{"line":32,"column":43}},"12":{"start":{"line":41,"column":0},"end":{"line":48,"column":1}},"13":{"start":{"line":50,"column":24},"end":{"line":52,"column":2}},"14":{"start":{"line":50,"column":34},"end":{"line":52,"column":1}},"15":{"start":{"line":54,"column":27},"end":{"line":57,"column":2}},"16":{"start":{"line":54,"column":40},"end":{"line":57,"column":1}},"17":{"start":{"line":55,"column":43},"end":{"line":55,"column":88}},"18":{"start":{"line":56,"column":26},"end":{"line":56,"column":54}}},"fnMap":{"0":{"name":"(anonymous_0)","decl":{"start":{"line":12,"column":2},"end":{"line":12,"column":3}},"loc":{"start":{"line":12,"column":25},"end":{"line":23,"column":3}},"line":12},"1":{"name":"(anonymous_1)","decl":{"start":{"line":25,"column":2},"end":{"line":25,"column":3}},"loc":{"start":{"line":25,"column":11},"end":{"line":38,"column":3}},"line":25},"2":{"name":"(anonymous_2)","decl":{"start":{"line":29,"column":17},"end":{"line":29,"column":18}},"loc":{"start":{"line":29,"column":23},"end":{"line":34,"column":9}},"line":29},"3":{"name":"(anonymous_3)","decl":{"start":{"line":31,"column":21},"end":{"line":31,"column":22}},"loc":{"start":{"line":31,"column":27},"end":{"line":33,"column":11}},"line":31},"4":{"name":"(anonymous_4)","decl":{"start":{"line":50,"column":24},"end":{"line":50,"column":25}},"loc":{"start":{"line":50,"column":34},"end":{"line":52,"column":1}},"line":50},"5":{"name":"(anonymous_5)","decl":{"start":{"line":54,"column":27},"end":{"line":54,"column":28}},"loc":{"start":{"line":54,"column":40},"end":{"line":57,"column":1}},"line":54},"6":{"name":"(anonymous_6)","decl":{"start":{"line":55,"column":16},"end":{"line":55,"column":17}},"loc":{"start":{"line":55,"column":43},"end":{"line":55,"column":88}},"line":55},"7":{"name":"(anonymous_7)","decl":{"start":{"line":56,"column":20},"end":{"line":56,"column":21}},"loc":{"start":{"line":56,"column":26},"end":{"line":56,"column":54}},"line":56}},"branchMap":{"0":{"loc":{"start":{"line":15,"column":4},"end":{"line":22,"column":5}},"type":"if","locations":[{"start":{"line":15,"column":4},"end":{"line":22,"column":5}},{"start":{"line":15,"column":4},"end":{"line":22,"column":5}}],"line":15},"1":{"loc":{"start":{"line":16,"column":6},"end":{"line":21,"column":7}},"type":"if","locations":[{"start":{"line":16,"column":6},"end":{"line":21,"column":7}},{"start":{"line":16,"column":6},"end":{"line":21,"column":7}}],"line":16}},"s":{"0":0,"1":0,"2":0,"3":0,"4":0,"5":0,"6":0,"7":0,"8":0,"9":0,"10":0,"11":0,"12":1,"13":1,"14":0,"15":1,"16":0,"17":0,"18":0},"f":{"0":0,"1":0,"2":0,"3":0,"4":0,"5":0,"6":0,"7":0},"b":{"0":[0,0],"1":[0,0]},"_coverageSchema":"332fd63041d2c1bcb487cc26dd0d5f7d97098a6c","hash":"edb05b2c4a463ffa81766f6508c5420bf2a77170"}
,"/media/husnihabil/01D2BAF36AB9DAB0/E/Github Backup/Hacktiv8/phase 3/WEEK 4/grandma-care-client/src/components/Login.js": {"path":"/media/husnihabil/01D2BAF36AB9DAB0/E/Github Backup/Hacktiv8/phase 3/WEEK 4/grandma-care-client/src/components/Login.js","statementMap":{"0":{"start":{"line":24,"column":15},"end":{"line":24,"column":19}},"1":{"start":{"line":26,"column":4},"end":{"line":30,"column":6}},"2":{"start":{"line":27,"column":6},"end":{"line":29,"column":7}},"3":{"start":{"line":28,"column":8},"end":{"line":28,"column":46}},"4":{"start":{"line":34,"column":4},"end":{"line":36,"column":6}},"5":{"start":{"line":39,"column":4},"end":{"line":41,"column":6}},"6":{"start":{"line":45,"column":4},"end":{"line":47,"column":6}},"7":{"start":{"line":51,"column":34},"end":{"line":51,"column":44}},"8":{"start":{"line":53,"column":4},"end":{"line":53,"column":16}},"9":{"start":{"line":54,"column":4},"end":{"line":54,"column":39}},"10":{"start":{"line":58,"column":49},"end":{"line":58,"column":59}},"11":{"start":{"line":59,"column":34},"end":{"line":59,"column":44}},"12":{"start":{"line":60,"column":4},"end":{"line":111,"column":5}},"13":{"start":{"line":74,"column":33},"end":{"line":74,"column":77}},"14":{"start":{"line":84,"column":33},"end":{"line":84,"column":77}},"15":{"start":{"line":90,"column":20},"end":{"line":90,"column":38}},"16":{"start":{"line":91,"column":20},"end":{"line":91,"column":58}},"17":{"start":{"line":96,"column":33},"end":{"line":96,"column":60}},"18":{"start":{"line":107,"column":32},"end":{"line":107,"column":60}},"19":{"start":{"line":116,"column":0},"end":{"line":119,"column":1}},"20":{"start":{"line":121,"column":24},"end":{"line":123,"column":2}},"21":{"start":{"line":121,"column":34},"end":{"line":123,"column":1}},"22":{"start":{"line":125,"column":27},"end":{"line":127,"column":2}},"23":{"start":{"line":125,"column":40},"end":{"line":127,"column":1}},"24":{"start":{"line":126,"column":17},"end":{"line":126,"column":38}}},"fnMap":{"0":{"name":"(anonymous_0)","decl":{"start":{"line":23,"column":2},"end":{"line":23,"column":3}},"loc":{"start":{"line":23,"column":23},"end":{"line":31,"column":3}},"line":23},"1":{"name":"(anonymous_1)","decl":{"start":{"line":26,"column":34},"end":{"line":26,"column":35}},"loc":{"start":{"line":26,"column":50},"end":{"line":30,"column":5}},"line":26},"2":{"name":"(anonymous_2)","decl":{"start":{"line":33,"column":24},"end":{"line":33,"column":25}},"loc":{"start":{"line":33,"column":32},"end":{"line":37,"column":3}},"line":33},"3":{"name":"(anonymous_3)","decl":{"start":{"line":38,"column":24},"end":{"line":38,"column":25}},"loc":{"start":{"line":38,"column":32},"end":{"line":42,"column":3}},"line":38},"4":{"name":"(anonymous_4)","decl":{"start":{"line":44,"column":21},"end":{"line":44,"column":22}},"loc":{"start":{"line":44,"column":28},"end":{"line":48,"column":3}},"line":44},"5":{"name":"(anonymous_5)","decl":{"start":{"line":50,"column":16},"end":{"line":50,"column":17}},"loc":{"start":{"line":50,"column":27},"end":{"line":55,"column":3}},"line":50},"6":{"name":"(anonymous_6)","decl":{"start":{"line":57,"column":2},"end":{"line":57,"column":3}},"loc":{"start":{"line":57,"column":11},"end":{"line":112,"column":3}},"line":57},"7":{"name":"(anonymous_7)","decl":{"start":{"line":74,"column":28},"end":{"line":74,"column":29}},"loc":{"start":{"line":74,"column":33},"end":{"line":74,"column":77}},"line":74},"8":{"name":"(anonymous_8)","decl":{"start":{"line":84,"column":28},"end":{"line":84,"column":29}},"loc":{"start":{"line":84,"column":33},"end":{"line":84,"column":77}},"line":84},"9":{"name":"(anonymous_9)","decl":{"start":{"line":89,"column":27},"end":{"line":89,"column":28}},"loc":{"start":{"line":89,"column":34},"end":{"line":92,"column":19}},"line":89},"10":{"name":"(anonymous_10)","decl":{"start":{"line":96,"column":27},"end":{"line":96,"column":28}},"loc":{"start":{"line":96,"column":33},"end":{"line":96,"column":60}},"line":96},"11":{"name":"(anonymous_11)","decl":{"start":{"line":107,"column":26},"end":{"line":107,"column":27}},"loc":{"start":{"line":107,"column":32},"end":{"line":107,"column":60}},"line":107},"12":{"name":"(anonymous_12)","decl":{"start":{"line":121,"column":24},"end":{"line":121,"column":25}},"loc":{"start":{"line":121,"column":34},"end":{"line":123,"column":1}},"line":121},"13":{"name":"(anonymous_13)","decl":{"start":{"line":125,"column":27},"end":{"line":125,"column":28}},"loc":{"start":{"line":125,"column":40},"end":{"line":127,"column":1}},"line":125},"14":{"name":"(anonymous_14)","decl":{"start":{"line":126,"column":9},"end":{"line":126,"column":10}},"loc":{"start":{"line":126,"column":17},"end":{"line":126,"column":38}},"line":126}},"branchMap":{"0":{"loc":{"start":{"line":27,"column":6},"end":{"line":29,"column":7}},"type":"if","locations":[{"start":{"line":27,"column":6},"end":{"line":29,"column":7}},{"start":{"line":27,"column":6},"end":{"line":29,"column":7}}],"line":27}},"s":{"0":0,"1":0,"2":0,"3":0,"4":0,"5":0,"6":0,"7":0,"8":0,"9":0,"10":0,"11":0,"12":0,"13":0,"14":0,"15":0,"16":0,"17":0,"18":0,"19":1,"20":1,"21":0,"22":1,"23":0,"24":0},"f":{"0":0,"1":0,"2":0,"3":0,"4":0,"5":0,"6":0,"7":0,"8":0,"9":0,"10":0,"11":0,"12":0,"13":0,"14":0},"b":{"0":[0,0]},"_coverageSchema":"332fd63041d2c1bcb487cc26dd0d5f7d97098a6c","hash":"2c8fd521691414de2633dad12902be438967f9d1"}
,"/media/husnihabil/01D2BAF36AB9DAB0/E/Github Backup/Hacktiv8/phase 3/WEEK 4/grandma-care-client/src/components/LogoutButton.js": {"path":"/media/husnihabil/01D2BAF36AB9DAB0/E/Github Backup/Hacktiv8/phase 3/WEEK 4/grandma-care-client/src/components/LogoutButton.js","statementMap":{"0":{"start":{"line":12,"column":30},"end":{"line":12,"column":51}},"1":{"start":{"line":13,"column":4},"end":{"line":33,"column":6}},"2":{"start":{"line":14,"column":6},"end":{"line":32,"column":7}},"3":{"start":{"line":15,"column":8},"end":{"line":18,"column":9}},"4":{"start":{"line":20,"column":8},"end":{"line":24,"column":9}},"5":{"start":{"line":25,"column":8},"end":{"line":31,"column":15}},"6":{"start":{"line":26,"column":10},"end":{"line":30,"column":11}},"7":{"start":{"line":27,"column":12},"end":{"line":27,"column":41}},"8":{"start":{"line":29,"column":12},"end":{"line":29,"column":24}},"9":{"start":{"line":37,"column":27},"end":{"line":37,"column":37}},"10":{"start":{"line":38,"column":4},"end":{"line":46,"column":5}},"11":{"start":{"line":41,"column":10},"end":{"line":41,"column":24}},"12":{"start":{"line":51,"column":0},"end":{"line":53,"column":1}}},"fnMap":{"0":{"name":"(anonymous_0)","decl":{"start":{"line":11,"column":12},"end":{"line":11,"column":13}},"loc":{"start":{"line":11,"column":18},"end":{"line":34,"column":3}},"line":11},"1":{"name":"(anonymous_1)","decl":{"start":{"line":13,"column":45},"end":{"line":13,"column":46}},"loc":{"start":{"line":13,"column":53},"end":{"line":33,"column":5}},"line":13},"2":{"name":"(anonymous_2)","decl":{"start":{"line":25,"column":19},"end":{"line":25,"column":20}},"loc":{"start":{"line":25,"column":24},"end":{"line":31,"column":9}},"line":25},"3":{"name":"(anonymous_3)","decl":{"start":{"line":36,"column":2},"end":{"line":36,"column":3}},"loc":{"start":{"line":36,"column":11},"end":{"line":47,"column":3}},"line":36},"4":{"name":"(anonymous_4)","decl":{"start":{"line":40,"column":17},"end":{"line":40,"column":18}},"loc":{"start":{"line":40,"column":22},"end":{"line":42,"column":9}},"line":40}},"branchMap":{"0":{"loc":{"start":{"line":14,"column":6},"end":{"line":32,"column":7}},"type":"if","locations":[{"start":{"line":14,"column":6},"end":{"line":32,"column":7}},{"start":{"line":14,"column":6},"end":{"line":32,"column":7}}],"line":14},"1":{"loc":{"start":{"line":26,"column":10},"end":{"line":30,"column":11}},"type":"if","locations":[{"start":{"line":26,"column":10},"end":{"line":30,"column":11}},{"start":{"line":26,"column":10},"end":{"line":30,"column":11}}],"line":26}},"s":{"0":0,"1":0,"2":0,"3":0,"4":0,"5":0,"6":0,"7":0,"8":0,"9":1,"10":1,"11":0,"12":1},"f":{"0":0,"1":0,"2":0,"3":1,"4":0},"b":{"0":[0,0],"1":[0,0]},"_coverageSchema":"332fd63041d2c1bcb487cc26dd0d5f7d97098a6c","hash":"307806293f1f519cb037fef034b591d031bc6869"}
,"/media/husnihabil/01D2BAF36AB9DAB0/E/Github Backup/Hacktiv8/phase 3/WEEK 4/grandma-care-client/src/components/Main.js": {"path":"/media/husnihabil/01D2BAF36AB9DAB0/E/Github Backup/Hacktiv8/phase 3/WEEK 4/grandma-care-client/src/components/Main.js","statementMap":{"0":{"start":{"line":37,"column":15},"end":{"line":37,"column":19}},"1":{"start":{"line":38,"column":4},"end":{"line":38,"column":42}},"2":{"start":{"line":39,"column":4},"end":{"line":60,"column":7}},"3":{"start":{"line":40,"column":6},"end":{"line":59,"column":7}},"4":{"start":{"line":41,"column":29},"end":{"line":47,"column":9}},"5":{"start":{"line":48,"column":8},"end":{"line":48,"column":46}},"6":{"start":{"line":50,"column":11},"end":{"line":59,"column":7}},"7":{"start":{"line":51,"column":29},"end":{"line":57,"column":9}},"8":{"start":{"line":58,"column":8},"end":{"line":58,"column":46}},"9":{"start":{"line":64,"column":4},"end":{"line":64,"column":48}},"10":{"start":{"line":68,"column":4},"end":{"line":68,"column":49}},"11":{"start":{"line":72,"column":4},"end":{"line":75,"column":6}},"12":{"start":{"line":79,"column":30},"end":{"line":79,"column":51}},"13":{"start":{"line":80,"column":29},"end":{"line":80,"column":39}},"14":{"start":{"line":82,"column":4},"end":{"line":101,"column":6}},"15":{"start":{"line":83,"column":6},"end":{"line":100,"column":7}},"16":{"start":{"line":84,"column":8},"end":{"line":84,"column":37}},"17":{"start":{"line":85,"column":8},"end":{"line":88,"column":9}},"18":{"start":{"line":90,"column":8},"end":{"line":99,"column":10}},"19":{"start":{"line":91,"column":10},"end":{"line":98,"column":11}},"20":{"start":{"line":92,"column":12},"end":{"line":92,"column":51}},"21":{"start":{"line":94,"column":12},"end":{"line":96,"column":14}},"22":{"start":{"line":97,"column":12},"end":{"line":97,"column":39}},"23":{"start":{"line":102,"column":4},"end":{"line":102,"column":73}},"24":{"start":{"line":106,"column":4},"end":{"line":106,"column":19}},"25":{"start":{"line":110,"column":4},"end":{"line":110,"column":38}},"26":{"start":{"line":111,"column":4},"end":{"line":111,"column":76}},"27":{"start":{"line":115,"column":30},"end":{"line":115,"column":51}},"28":{"start":{"line":116,"column":17},"end":{"line":116,"column":52}},"29":{"start":{"line":117,"column":4},"end":{"line":120,"column":5}},"30":{"start":{"line":118,"column":6},"end":{"line":118,"column":35}},"31":{"start":{"line":119,"column":6},"end":{"line":119,"column":17}},"32":{"start":{"line":121,"column":4},"end":{"line":121,"column":16}},"33":{"start":{"line":125,"column":123},"end":{"line":125,"column":133}},"34":{"start":{"line":126,"column":21},"end":{"line":126,"column":31}},"35":{"start":{"line":127,"column":25},"end":{"line":127,"column":46}},"36":{"start":{"line":128,"column":4},"end":{"line":180,"column":5}},"37":{"start":{"line":132,"column":47},"end":{"line":132,"column":66}},"38":{"start":{"line":137,"column":32},"end":{"line":137,"column":55}},"39":{"start":{"line":162,"column":31},"end":{"line":162,"column":35}},"40":{"start":{"line":173,"column":31},"end":{"line":173,"column":35}},"41":{"start":{"line":184,"column":0},"end":{"line":187,"column":1}},"42":{"start":{"line":189,"column":24},"end":{"line":191,"column":2}},"43":{"start":{"line":189,"column":34},"end":{"line":191,"column":1}},"44":{"start":{"line":193,"column":27},"end":{"line":196,"column":2}},"45":{"start":{"line":193,"column":40},"end":{"line":196,"column":1}},"46":{"start":{"line":194,"column":34},"end":{"line":194,"column":70}},"47":{"start":{"line":195,"column":34},"end":{"line":195,"column":70}}},"fnMap":{"0":{"name":"(anonymous_0)","decl":{"start":{"line":36,"column":2},"end":{"line":36,"column":3}},"loc":{"start":{"line":36,"column":12},"end":{"line":61,"column":3}},"line":36},"1":{"name":"(anonymous_1)","decl":{"start":{"line":39,"column":52},"end":{"line":39,"column":53}},"loc":{"start":{"line":39,"column":68},"end":{"line":60,"column":5}},"line":39},"2":{"name":"(anonymous_2)","decl":{"start":{"line":63,"column":29},"end":{"line":63,"column":30}},"loc":{"start":{"line":63,"column":38},"end":{"line":65,"column":3}},"line":63},"3":{"name":"(anonymous_3)","decl":{"start":{"line":67,"column":30},"end":{"line":67,"column":31}},"loc":{"start":{"line":67,"column":39},"end":{"line":69,"column":3}},"line":67},"4":{"name":"(anonymous_4)","decl":{"start":{"line":71,"column":20},"end":{"line":71,"column":21}},"loc":{"start":{"line":71,"column":27},"end":{"line":76,"column":3}},"line":71},"5":{"name":"(anonymous_5)","decl":{"start":{"line":78,"column":2},"end":{"line":78,"column":3}},"loc":{"start":{"line":78,"column":23},"end":{"line":103,"column":3}},"line":78},"6":{"name":"(anonymous_6)","decl":{"start":{"line":82,"column":34},"end":{"line":82,"column":35}},"loc":{"start":{"line":82,"column":48},"end":{"line":101,"column":5}},"line":82},"7":{"name":"(anonymous_7)","decl":{"start":{"line":90,"column":35},"end":{"line":90,"column":36}},"loc":{"start":{"line":90,"column":51},"end":{"line":99,"column":9}},"line":90},"8":{"name":"(anonymous_8)","decl":{"start":{"line":105,"column":2},"end":{"line":105,"column":3}},"loc":{"start":{"line":105,"column":21},"end":{"line":107,"column":3}},"line":105},"9":{"name":"(anonymous_9)","decl":{"start":{"line":109,"column":2},"end":{"line":109,"column":3}},"loc":{"start":{"line":109,"column":25},"end":{"line":112,"column":3}},"line":109},"10":{"name":"(anonymous_10)","decl":{"start":{"line":114,"column":17},"end":{"line":114,"column":18}},"loc":{"start":{"line":114,"column":29},"end":{"line":122,"column":3}},"line":114},"11":{"name":"(anonymous_11)","decl":{"start":{"line":124,"column":2},"end":{"line":124,"column":3}},"loc":{"start":{"line":124,"column":11},"end":{"line":181,"column":3}},"line":124},"12":{"name":"(anonymous_12)","decl":{"start":{"line":132,"column":41},"end":{"line":132,"column":42}},"loc":{"start":{"line":132,"column":47},"end":{"line":132,"column":66}},"line":132},"13":{"name":"(anonymous_13)","decl":{"start":{"line":137,"column":27},"end":{"line":137,"column":28}},"loc":{"start":{"line":137,"column":32},"end":{"line":137,"column":55}},"line":137},"14":{"name":"(anonymous_14)","decl":{"start":{"line":162,"column":26},"end":{"line":162,"column":27}},"loc":{"start":{"line":162,"column":31},"end":{"line":162,"column":35}},"line":162},"15":{"name":"(anonymous_15)","decl":{"start":{"line":173,"column":26},"end":{"line":173,"column":27}},"loc":{"start":{"line":173,"column":31},"end":{"line":173,"column":35}},"line":173},"16":{"name":"(anonymous_16)","decl":{"start":{"line":189,"column":24},"end":{"line":189,"column":25}},"loc":{"start":{"line":189,"column":34},"end":{"line":191,"column":1}},"line":189},"17":{"name":"(anonymous_17)","decl":{"start":{"line":193,"column":27},"end":{"line":193,"column":28}},"loc":{"start":{"line":193,"column":40},"end":{"line":196,"column":1}},"line":193},"18":{"name":"(anonymous_18)","decl":{"start":{"line":194,"column":16},"end":{"line":194,"column":17}},"loc":{"start":{"line":194,"column":34},"end":{"line":194,"column":70}},"line":194},"19":{"name":"(anonymous_19)","decl":{"start":{"line":195,"column":16},"end":{"line":195,"column":17}},"loc":{"start":{"line":195,"column":34},"end":{"line":195,"column":70}},"line":195}},"branchMap":{"0":{"loc":{"start":{"line":40,"column":6},"end":{"line":59,"column":7}},"type":"if","locations":[{"start":{"line":40,"column":6},"end":{"line":59,"column":7}},{"start":{"line":40,"column":6},"end":{"line":59,"column":7}}],"line":40},"1":{"loc":{"start":{"line":40,"column":9},"end":{"line":40,"column":80}},"type":"binary-expr","locations":[{"start":{"line":40,"column":9},"end":{"line":40,"column":30}},{"start":{"line":40,"column":34},"end":{"line":40,"column":55}},{"start":{"line":40,"column":59},"end":{"line":40,"column":80}}],"line":40},"2":{"loc":{"start":{"line":50,"column":11},"end":{"line":59,"column":7}},"type":"if","locations":[{"start":{"line":50,"column":11},"end":{"line":59,"column":7}},{"start":{"line":50,"column":11},"end":{"line":59,"column":7}}],"line":50},"3":{"loc":{"start":{"line":50,"column":14},"end":{"line":50,"column":82}},"type":"binary-expr","locations":[{"start":{"line":50,"column":14},"end":{"line":50,"column":34}},{"start":{"line":50,"column":38},"end":{"line":50,"column":58}},{"start":{"line":50,"column":62},"end":{"line":50,"column":82}}],"line":50},"4":{"loc":{"start":{"line":83,"column":6},"end":{"line":100,"column":7}},"type":"if","locations":[{"start":{"line":83,"column":6},"end":{"line":100,"column":7}},{"start":{"line":83,"column":6},"end":{"line":100,"column":7}}],"line":83},"5":{"loc":{"start":{"line":91,"column":10},"end":{"line":98,"column":11}},"type":"if","locations":[{"start":{"line":91,"column":10},"end":{"line":98,"column":11}},{"start":{"line":91,"column":10},"end":{"line":98,"column":11}}],"line":91},"6":{"loc":{"start":{"line":117,"column":4},"end":{"line":120,"column":5}},"type":"if","locations":[{"start":{"line":117,"column":4},"end":{"line":120,"column":5}},{"start":{"line":117,"column":4},"end":{"line":120,"column":5}}],"line":117},"7":{"loc":{"start":{"line":138,"column":12},"end":{"line":147,"column":42}},"type":"cond-expr","locations":[{"start":{"line":139,"column":12},"end":{"line":141,"column":19}},{"start":{"line":143,"column":12},"end":{"line":147,"column":42}}],"line":138},"8":{"loc":{"start":{"line":138,"column":12},"end":{"line":138,"column":41}},"type":"binary-expr","locations":[{"start":{"line":138,"column":12},"end":{"line":138,"column":24}},{"start":{"line":138,"column":28},"end":{"line":138,"column":41}}],"line":138}},"s":{"0":0,"1":0,"2":0,"3":0,"4":0,"5":0,"6":0,"7":0,"8":0,"9":0,"10":0,"11":0,"12":0,"13":0,"14":0,"15":0,"16":0,"17":0,"18":0,"19":0,"20":0,"21":0,"22":0,"23":0,"24":0,"25":0,"26":0,"27":0,"28":0,"29":0,"30":0,"31":0,"32":0,"33":0,"34":0,"35":0,"36":0,"37":0,"38":0,"39":0,"40":0,"41":1,"42":1,"43":0,"44":1,"45":0,"46":0,"47":0},"f":{"0":0,"1":0,"2":0,"3":0,"4":0,"5":0,"6":0,"7":0,"8":0,"9":0,"10":0,"11":0,"12":0,"13":0,"14":0,"15":0,"16":0,"17":0,"18":0,"19":0},"b":{"0":[0,0],"1":[0,0,0],"2":[0,0],"3":[0,0,0],"4":[0,0],"5":[0,0],"6":[0,0],"7":[0,0],"8":[0,0]},"_coverageSchema":"332fd63041d2c1bcb487cc26dd0d5f7d97098a6c","hash":"9e81fb3ec9c6278fe9d84e47640bf8a4ca949966"}
,"/media/husnihabil/01D2BAF36AB9DAB0/E/Github Backup/Hacktiv8/phase 3/WEEK 4/grandma-care-client/src/components/Maps.js": {"path":"/media/husnihabil/01D2BAF36AB9DAB0/E/Github Backup/Hacktiv8/phase 3/WEEK 4/grandma-care-client/src/components/Maps.js","statementMap":{"0":{"start":{"line":13,"column":4},"end":{"line":13,"column":16}},"1":{"start":{"line":14,"column":4},"end":{"line":20,"column":5}},"2":{"start":{"line":21,"column":4},"end":{"line":21,"column":67}},"3":{"start":{"line":22,"column":4},"end":{"line":22,"column":47}},"4":{"start":{"line":26,"column":4},"end":{"line":35,"column":6}},"5":{"start":{"line":28,"column":8},"end":{"line":31,"column":10}},"6":{"start":{"line":33,"column":17},"end":{"line":33,"column":65}},"7":{"start":{"line":39,"column":15},"end":{"line":39,"column":19}},"8":{"start":{"line":40,"column":4},"end":{"line":59,"column":13}},"9":{"start":{"line":41,"column":6},"end":{"line":58,"column":8}},"10":{"start":{"line":43,"column":10},"end":{"line":46,"column":12}},"11":{"start":{"line":47,"column":28},"end":{"line":52,"column":11}},"12":{"start":{"line":53,"column":10},"end":{"line":53,"column":46}},"13":{"start":{"line":54,"column":10},"end":{"line":54,"column":69}},"14":{"start":{"line":56,"column":19},"end":{"line":56,"column":67}},"15":{"start":{"line":65,"column":4},"end":{"line":65,"column":25}},"16":{"start":{"line":66,"column":4},"end":{"line":66,"column":82}},"17":{"start":{"line":70,"column":4},"end":{"line":70,"column":54}},"18":{"start":{"line":74,"column":21},"end":{"line":74,"column":31}},"19":{"start":{"line":75,"column":63},"end":{"line":75,"column":73}},"20":{"start":{"line":76,"column":4},"end":{"line":112,"column":5}},"21":{"start":{"line":77,"column":6},"end":{"line":96,"column":7}},"22":{"start":{"line":91,"column":12},"end":{"line":93,"column":39}},"23":{"start":{"line":98,"column":6},"end":{"line":111,"column":7}},"24":{"start":{"line":116,"column":0},"end":{"line":118,"column":1}},"25":{"start":{"line":120,"column":27},"end":{"line":123,"column":2}},"26":{"start":{"line":120,"column":40},"end":{"line":123,"column":1}},"27":{"start":{"line":121,"column":33},"end":{"line":121,"column":68}},"28":{"start":{"line":122,"column":34},"end":{"line":122,"column":70}}},"fnMap":{"0":{"name":"(anonymous_0)","decl":{"start":{"line":12,"column":2},"end":{"line":12,"column":3}},"loc":{"start":{"line":12,"column":20},"end":{"line":23,"column":3}},"line":12},"1":{"name":"(anonymous_1)","decl":{"start":{"line":25,"column":2},"end":{"line":25,"column":3}},"loc":{"start":{"line":25,"column":18},"end":{"line":36,"column":3}},"line":25},"2":{"name":"(anonymous_2)","decl":{"start":{"line":27,"column":6},"end":{"line":27,"column":7}},"loc":{"start":{"line":27,"column":20},"end":{"line":32,"column":7}},"line":27},"3":{"name":"(anonymous_3)","decl":{"start":{"line":33,"column":6},"end":{"line":33,"column":7}},"loc":{"start":{"line":33,"column":17},"end":{"line":33,"column":65}},"line":33},"4":{"name":"(anonymous_4)","decl":{"start":{"line":38,"column":2},"end":{"line":38,"column":3}},"loc":{"start":{"line":38,"column":26},"end":{"line":60,"column":3}},"line":38},"5":{"name":"(anonymous_5)","decl":{"start":{"line":40,"column":39},"end":{"line":40,"column":40}},"loc":{"start":{"line":40,"column":45},"end":{"line":59,"column":5}},"line":40},"6":{"name":"(anonymous_6)","decl":{"start":{"line":42,"column":8},"end":{"line":42,"column":9}},"loc":{"start":{"line":42,"column":22},"end":{"line":55,"column":9}},"line":42},"7":{"name":"(anonymous_7)","decl":{"start":{"line":56,"column":8},"end":{"line":56,"column":9}},"loc":{"start":{"line":56,"column":19},"end":{"line":56,"column":67}},"line":56},"8":{"name":"(anonymous_8)","decl":{"start":{"line":64,"column":2},"end":{"line":64,"column":3}},"loc":{"start":{"line":64,"column":22},"end":{"line":67,"column":3}},"line":64},"9":{"name":"(anonymous_9)","decl":{"start":{"line":69,"column":2},"end":{"line":69,"column":3}},"loc":{"start":{"line":69,"column":25},"end":{"line":71,"column":3}},"line":69},"10":{"name":"(anonymous_10)","decl":{"start":{"line":73,"column":2},"end":{"line":73,"column":3}},"loc":{"start":{"line":73,"column":11},"end":{"line":113,"column":3}},"line":73},"11":{"name":"(anonymous_11)","decl":{"start":{"line":90,"column":30},"end":{"line":90,"column":31}},"loc":{"start":{"line":91,"column":12},"end":{"line":93,"column":39}},"line":91},"12":{"name":"(anonymous_12)","decl":{"start":{"line":120,"column":27},"end":{"line":120,"column":28}},"loc":{"start":{"line":120,"column":40},"end":{"line":123,"column":1}},"line":120},"13":{"name":"(anonymous_13)","decl":{"start":{"line":121,"column":18},"end":{"line":121,"column":19}},"loc":{"start":{"line":121,"column":33},"end":{"line":121,"column":68}},"line":121},"14":{"name":"(anonymous_14)","decl":{"start":{"line":122,"column":16},"end":{"line":122,"column":17}},"loc":{"start":{"line":122,"column":34},"end":{"line":122,"column":70}},"line":122}},"branchMap":{"0":{"loc":{"start":{"line":76,"column":4},"end":{"line":112,"column":5}},"type":"if","locations":[{"start":{"line":76,"column":4},"end":{"line":112,"column":5}},{"start":{"line":76,"column":4},"end":{"line":112,"column":5}}],"line":76}},"s":{"0":0,"1":0,"2":0,"3":0,"4":0,"5":0,"6":0,"7":0,"8":0,"9":0,"10":0,"11":0,"12":0,"13":0,"14":0,"15":0,"16":0,"17":0,"18":0,"19":0,"20":0,"21":0,"22":0,"23":0,"24":1,"25":1,"26":0,"27":0,"28":0},"f":{"0":0,"1":0,"2":0,"3":0,"4":0,"5":0,"6":0,"7":0,"8":0,"9":0,"10":0,"11":0,"12":0,"13":0,"14":0},"b":{"0":[0,0]},"_coverageSchema":"332fd63041d2c1bcb487cc26dd0d5f7d97098a6c","hash":"20ac450df61e89e936f13ae44635172d6eba873e"}
,"/media/husnihabil/01D2BAF36AB9DAB0/E/Github Backup/Hacktiv8/phase 3/WEEK 4/grandma-care-client/src/components/PanicButton.js": {"path":"/media/husnihabil/01D2BAF36AB9DAB0/E/Github Backup/Hacktiv8/phase 3/WEEK 4/grandma-care-client/src/components/PanicButton.js","statementMap":{"0":{"start":{"line":11,"column":4},"end":{"line":19,"column":5}},"1":{"start":{"line":16,"column":22},"end":{"line":16,"column":26}}},"fnMap":{"0":{"name":"(anonymous_0)","decl":{"start":{"line":10,"column":2},"end":{"line":10,"column":3}},"loc":{"start":{"line":10,"column":11},"end":{"line":20,"column":3}},"line":10},"1":{"name":"(anonymous_1)","decl":{"start":{"line":16,"column":17},"end":{"line":16,"column":18}},"loc":{"start":{"line":16,"column":22},"end":{"line":16,"column":26}},"line":16}},"branchMap":{},"s":{"0":0,"1":0},"f":{"0":0,"1":0},"b":{},"_coverageSchema":"332fd63041d2c1bcb487cc26dd0d5f7d97098a6c","hash":"83789668aa613b009e38fceb701f7492e78e8291"}
,"/media/husnihabil/01D2BAF36AB9DAB0/E/Github Backup/Hacktiv8/phase 3/WEEK 4/grandma-care-client/src/components/Register.js": {"path":"/media/husnihabil/01D2BAF36AB9DAB0/E/Github Backup/Hacktiv8/phase 3/WEEK 4/grandma-care-client/src/components/Register.js","statementMap":{"0":{"start":{"line":20,"column":4},"end":{"line":22,"column":6}},"1":{"start":{"line":25,"column":4},"end":{"line":27,"column":6}},"2":{"start":{"line":30,"column":4},"end":{"line":32,"column":6}},"3":{"start":{"line":35,"column":4},"end":{"line":37,"column":6}},"4":{"start":{"line":41,"column":4},"end":{"line":48,"column":5}},"5":{"start":{"line":42,"column":6},"end":{"line":47,"column":7}},"6":{"start":{"line":43,"column":8},"end":{"line":43,"column":39}},"7":{"start":{"line":44,"column":8},"end":{"line":44,"column":33}},"8":{"start":{"line":46,"column":8},"end":{"line":46,"column":38}},"9":{"start":{"line":52,"column":49},"end":{"line":52,"column":59}},"10":{"start":{"line":53,"column":43},"end":{"line":53,"column":53}},"11":{"start":{"line":54,"column":4},"end":{"line":116,"column":5}},"12":{"start":{"line":68,"column":33},"end":{"line":68,"column":77}},"13":{"start":{"line":78,"column":33},"end":{"line":78,"column":77}},"14":{"start":{"line":88,"column":33},"end":{"line":88,"column":74}},"15":{"start":{"line":98,"column":33},"end":{"line":98,"column":74}},"16":{"start":{"line":104,"column":20},"end":{"line":104,"column":61}},"17":{"start":{"line":105,"column":20},"end":{"line":107,"column":27}},"18":{"start":{"line":106,"column":22},"end":{"line":106,"column":45}},"19":{"start":{"line":121,"column":0},"end":{"line":126,"column":1}},"20":{"start":{"line":128,"column":24},"end":{"line":130,"column":2}},"21":{"start":{"line":128,"column":34},"end":{"line":130,"column":1}},"22":{"start":{"line":132,"column":27},"end":{"line":135,"column":2}},"23":{"start":{"line":132,"column":40},"end":{"line":135,"column":1}},"24":{"start":{"line":133,"column":20},"end":{"line":133,"column":44}},"25":{"start":{"line":134,"column":22},"end":{"line":134,"column":46}}},"fnMap":{"0":{"name":"(anonymous_0)","decl":{"start":{"line":19,"column":24},"end":{"line":19,"column":25}},"loc":{"start":{"line":19,"column":32},"end":{"line":23,"column":3}},"line":19},"1":{"name":"(anonymous_1)","decl":{"start":{"line":24,"column":24},"end":{"line":24,"column":25}},"loc":{"start":{"line":24,"column":32},"end":{"line":28,"column":3}},"line":24},"2":{"name":"(anonymous_2)","decl":{"start":{"line":29,"column":21},"end":{"line":29,"column":22}},"loc":{"start":{"line":29,"column":29},"end":{"line":33,"column":3}},"line":29},"3":{"name":"(anonymous_3)","decl":{"start":{"line":34,"column":21},"end":{"line":34,"column":22}},"loc":{"start":{"line":34,"column":29},"end":{"line":38,"column":3}},"line":34},"4":{"name":"(anonymous_4)","decl":{"start":{"line":40,"column":2},"end":{"line":40,"column":3}},"loc":{"start":{"line":40,"column":25},"end":{"line":49,"column":3}},"line":40},"5":{"name":"(anonymous_5)","decl":{"start":{"line":51,"column":2},"end":{"line":51,"column":3}},"loc":{"start":{"line":51,"column":11},"end":{"line":117,"column":3}},"line":51},"6":{"name":"(anonymous_6)","decl":{"start":{"line":68,"column":28},"end":{"line":68,"column":29}},"loc":{"start":{"line":68,"column":33},"end":{"line":68,"column":77}},"line":68},"7":{"name":"(anonymous_7)","decl":{"start":{"line":78,"column":28},"end":{"line":78,"column":29}},"loc":{"start":{"line":78,"column":33},"end":{"line":78,"column":77}},"line":78},"8":{"name":"(anonymous_8)","decl":{"start":{"line":88,"column":28},"end":{"line":88,"column":29}},"loc":{"start":{"line":88,"column":33},"end":{"line":88,"column":74}},"line":88},"9":{"name":"(anonymous_9)","decl":{"start":{"line":98,"column":28},"end":{"line":98,"column":29}},"loc":{"start":{"line":98,"column":33},"end":{"line":98,"column":74}},"line":98},"10":{"name":"(anonymous_10)","decl":{"start":{"line":103,"column":27},"end":{"line":103,"column":28}},"loc":{"start":{"line":103,"column":32},"end":{"line":108,"column":19}},"line":103},"11":{"name":"(anonymous_11)","decl":{"start":{"line":105,"column":31},"end":{"line":105,"column":32}},"loc":{"start":{"line":105,"column":36},"end":{"line":107,"column":21}},"line":105},"12":{"name":"(anonymous_12)","decl":{"start":{"line":128,"column":24},"end":{"line":128,"column":25}},"loc":{"start":{"line":128,"column":34},"end":{"line":130,"column":1}},"line":128},"13":{"name":"(anonymous_13)","decl":{"start":{"line":132,"column":27},"end":{"line":132,"column":28}},"loc":{"start":{"line":132,"column":40},"end":{"line":135,"column":1}},"line":132},"14":{"name":"(anonymous_14)","decl":{"start":{"line":133,"column":12},"end":{"line":133,"column":13}},"loc":{"start":{"line":133,"column":20},"end":{"line":133,"column":44}},"line":133},"15":{"name":"(anonymous_15)","decl":{"start":{"line":134,"column":16},"end":{"line":134,"column":17}},"loc":{"start":{"line":134,"column":22},"end":{"line":134,"column":46}},"line":134}},"branchMap":{"0":{"loc":{"start":{"line":41,"column":4},"end":{"line":48,"column":5}},"type":"if","locations":[{"start":{"line":41,"column":4},"end":{"line":48,"column":5}},{"start":{"line":41,"column":4},"end":{"line":48,"column":5}}],"line":41},"1":{"loc":{"start":{"line":42,"column":6},"end":{"line":47,"column":7}},"type":"if","locations":[{"start":{"line":42,"column":6},"end":{"line":47,"column":7}},{"start":{"line":42,"column":6},"end":{"line":47,"column":7}}],"line":42}},"s":{"0":0,"1":0,"2":0,"3":0,"4":0,"5":0,"6":0,"7":0,"8":0,"9":0,"10":0,"11":0,"12":0,"13":0,"14":0,"15":0,"16":0,"17":0,"18":0,"19":1,"20":1,"21":0,"22":1,"23":0,"24":0,"25":0},"f":{"0":0,"1":0,"2":0,"3":0,"4":0,"5":0,"6":0,"7":0,"8":0,"9":0,"10":0,"11":0,"12":0,"13":0,"14":0,"15":0},"b":{"0":[0,0],"1":[0,0]},"_coverageSchema":"332fd63041d2c1bcb487cc26dd0d5f7d97098a6c","hash":"3811baee6b3943c374f0c96fa6bacb55a8329e40"}
,"/media/husnihabil/01D2BAF36AB9DAB0/E/Github Backup/Hacktiv8/phase 3/WEEK 4/grandma-care-client/src/components/SettingPage.js": {"path":"/media/husnihabil/01D2BAF36AB9DAB0/E/Github Backup/Hacktiv8/phase 3/WEEK 4/grandma-care-client/src/components/SettingPage.js","statementMap":{"0":{"start":{"line":8,"column":15},"end":{"line":20,"column":2}},"1":{"start":{"line":24,"column":32},"end":{"line":24,"column":53}},"2":{"start":{"line":25,"column":21},"end":{"line":25,"column":31}},"3":{"start":{"line":26,"column":4},"end":{"line":74,"column":6}},"4":{"start":{"line":30,"column":47},"end":{"line":30,"column":55}},"5":{"start":{"line":78,"column":24},"end":{"line":80,"column":2}},"6":{"start":{"line":78,"column":34},"end":{"line":80,"column":1}}},"fnMap":{"0":{"name":"(anonymous_0)","decl":{"start":{"line":23,"column":2},"end":{"line":23,"column":3}},"loc":{"start":{"line":23,"column":11},"end":{"line":75,"column":3}},"line":23},"1":{"name":"(anonymous_1)","decl":{"start":{"line":30,"column":41},"end":{"line":30,"column":42}},"loc":{"start":{"line":30,"column":47},"end":{"line":30,"column":55}},"line":30},"2":{"name":"(anonymous_2)","decl":{"start":{"line":78,"column":24},"end":{"line":78,"column":25}},"loc":{"start":{"line":78,"column":34},"end":{"line":80,"column":1}},"line":78}},"branchMap":{},"s":{"0":1,"1":0,"2":0,"3":0,"4":0,"5":1,"6":0},"f":{"0":0,"1":0,"2":0},"b":{},"_coverageSchema":"332fd63041d2c1bcb487cc26dd0d5f7d97098a6c","hash":"9b8acf293165f2d91eda90b80bfc716b04eda4eb"}
,"/media/husnihabil/01D2BAF36AB9DAB0/E/Github Backup/Hacktiv8/phase 3/WEEK 4/grandma-care-client/src/components/SplashScreen.js": {"path":"/media/husnihabil/01D2BAF36AB9DAB0/E/Github Backup/Hacktiv8/phase 3/WEEK 4/grandma-care-client/src/components/SplashScreen.js","statementMap":{"0":{"start":{"line":13,"column":27},"end":{"line":13,"column":37}},"1":{"start":{"line":15,"column":4},"end":{"line":35,"column":5}},"2":{"start":{"line":16,"column":6},"end":{"line":16,"column":25}},"3":{"start":{"line":17,"column":6},"end":{"line":23,"column":13}},"4":{"start":{"line":18,"column":8},"end":{"line":18,"column":27}},"5":{"start":{"line":19,"column":8},"end":{"line":22,"column":9}},"6":{"start":{"line":25,"column":6},"end":{"line":34,"column":8}},"7":{"start":{"line":26,"column":8},"end":{"line":26,"column":69}},"8":{"start":{"line":26,"column":27},"end":{"line":26,"column":69}},"9":{"start":{"line":27,"column":8},"end":{"line":33,"column":9}},"10":{"start":{"line":28,"column":10},"end":{"line":28,"column":64}},"11":{"start":{"line":30,"column":10},"end":{"line":32,"column":17}},"12":{"start":{"line":31,"column":12},"end":{"line":31,"column":72}},"13":{"start":{"line":39,"column":4},"end":{"line":51,"column":5}},"14":{"start":{"line":55,"column":24},"end":{"line":57,"column":2}},"15":{"start":{"line":55,"column":34},"end":{"line":57,"column":1}}},"fnMap":{"0":{"name":"(anonymous_0)","decl":{"start":{"line":12,"column":2},"end":{"line":12,"column":3}},"loc":{"start":{"line":12,"column":36},"end":{"line":36,"column":3}},"line":12},"1":{"name":"(anonymous_1)","decl":{"start":{"line":17,"column":17},"end":{"line":17,"column":18}},"loc":{"start":{"line":17,"column":22},"end":{"line":23,"column":7}},"line":17},"2":{"name":"(anonymous_2)","decl":{"start":{"line":25,"column":55},"end":{"line":25,"column":56}},"loc":{"start":{"line":25,"column":63},"end":{"line":34,"column":7}},"line":25},"3":{"name":"(anonymous_3)","decl":{"start":{"line":30,"column":21},"end":{"line":30,"column":22}},"loc":{"start":{"line":30,"column":26},"end":{"line":32,"column":11}},"line":30},"4":{"name":"(anonymous_4)","decl":{"start":{"line":38,"column":2},"end":{"line":38,"column":3}},"loc":{"start":{"line":38,"column":11},"end":{"line":52,"column":3}},"line":38},"5":{"name":"(anonymous_5)","decl":{"start":{"line":55,"column":24},"end":{"line":55,"column":25}},"loc":{"start":{"line":55,"column":34},"end":{"line":57,"column":1}},"line":55}},"branchMap":{"0":{"loc":{"start":{"line":15,"column":4},"end":{"line":35,"column":5}},"type":"if","locations":[{"start":{"line":15,"column":4},"end":{"line":35,"column":5}},{"start":{"line":15,"column":4},"end":{"line":35,"column":5}}],"line":15},"1":{"loc":{"start":{"line":15,"column":7},"end":{"line":15,"column":66}},"type":"binary-expr","locations":[{"start":{"line":15,"column":7},"end":{"line":15,"column":27}},{"start":{"line":15,"column":31},"end":{"line":15,"column":66}}],"line":15},"2":{"loc":{"start":{"line":26,"column":8},"end":{"line":26,"column":69}},"type":"if","locations":[{"start":{"line":26,"column":8},"end":{"line":26,"column":69}},{"start":{"line":26,"column":8},"end":{"line":26,"column":69}}],"line":26},"3":{"loc":{"start":{"line":27,"column":8},"end":{"line":33,"column":9}},"type":"if","locations":[{"start":{"line":27,"column":8},"end":{"line":33,"column":9}},{"start":{"line":27,"column":8},"end":{"line":33,"column":9}}],"line":27}},"s":{"0":0,"1":0,"2":0,"3":0,"4":0,"5":0,"6":0,"7":0,"8":0,"9":0,"10":0,"11":0,"12":0,"13":0,"14":1,"15":0},"f":{"0":0,"1":0,"2":0,"3":0,"4":0,"5":0},"b":{"0":[0,0],"1":[0,0],"2":[0,0],"3":[0,0]},"_coverageSchema":"332fd63041d2c1bcb487cc26dd0d5f7d97098a6c","hash":"c5e4205a27d09df9219a000801611034e84ec976"}
,"/media/husnihabil/01D2BAF36AB9DAB0/E/Github Backup/Hacktiv8/phase 3/WEEK 4/grandma-care-client/src/components/UserList.js": {"path":"/media/husnihabil/01D2BAF36AB9DAB0/E/Github Backup/Hacktiv8/phase 3/WEEK 4/grandma-care-client/src/components/UserList.js","statementMap":{"0":{"start":{"line":16,"column":50},"end":{"line":16,"column":60}},"1":{"start":{"line":17,"column":4},"end":{"line":17,"column":31}},"2":{"start":{"line":21,"column":62},"end":{"line":21,"column":72}},"3":{"start":{"line":22,"column":4},"end":{"line":61,"column":5}},"4":{"start":{"line":27,"column":28},"end":{"line":27,"column":59}},"5":{"start":{"line":38,"column":16},"end":{"line":49,"column":27}},"6":{"start":{"line":66,"column":0},"end":{"line":72,"column":1}},"7":{"start":{"line":74,"column":27},"end":{"line":76,"column":2}},"8":{"start":{"line":74,"column":40},"end":{"line":76,"column":1}},"9":{"start":{"line":75,"column":34},"end":{"line":75,"column":70}}},"fnMap":{"0":{"name":"(anonymous_0)","decl":{"start":{"line":15,"column":2},"end":{"line":15,"column":3}},"loc":{"start":{"line":15,"column":25},"end":{"line":18,"column":3}},"line":15},"1":{"name":"(anonymous_1)","decl":{"start":{"line":20,"column":2},"end":{"line":20,"column":3}},"loc":{"start":{"line":20,"column":11},"end":{"line":62,"column":3}},"line":20},"2":{"name":"(anonymous_2)","decl":{"start":{"line":27,"column":23},"end":{"line":27,"column":24}},"loc":{"start":{"line":27,"column":28},"end":{"line":27,"column":59}},"line":27},"3":{"name":"(anonymous_3)","decl":{"start":{"line":37,"column":31},"end":{"line":37,"column":32}},"loc":{"start":{"line":38,"column":16},"end":{"line":49,"column":27}},"line":38},"4":{"name":"(anonymous_4)","decl":{"start":{"line":74,"column":27},"end":{"line":74,"column":28}},"loc":{"start":{"line":74,"column":40},"end":{"line":76,"column":1}},"line":74},"5":{"name":"(anonymous_5)","decl":{"start":{"line":75,"column":16},"end":{"line":75,"column":17}},"loc":{"start":{"line":75,"column":34},"end":{"line":75,"column":70}},"line":75}},"branchMap":{"0":{"loc":{"start":{"line":35,"column":14},"end":{"line":56,"column":44}},"type":"cond-expr","locations":[{"start":{"line":37,"column":14},"end":{"line":50,"column":16}},{"start":{"line":52,"column":14},"end":{"line":56,"column":44}}],"line":35}},"s":{"0":0,"1":0,"2":0,"3":0,"4":0,"5":0,"6":1,"7":1,"8":0,"9":0},"f":{"0":0,"1":0,"2":0,"3":0,"4":0,"5":0},"b":{"0":[0,0]},"_coverageSchema":"332fd63041d2c1bcb487cc26dd0d5f7d97098a6c","hash":"e5319faa49b5cfc3ac668374406495472be85acd"}
,"/media/husnihabil/01D2BAF36AB9DAB0/E/Github Backup/Hacktiv8/phase 3/WEEK 4/grandma-care-client/src/components/UserListButton.js": {"path":"/media/husnihabil/01D2BAF36AB9DAB0/E/Github Backup/Hacktiv8/phase 3/WEEK 4/grandma-care-client/src/components/UserListButton.js","statementMap":{"0":{"start":{"line":9,"column":4},"end":{"line":15,"column":5}},"1":{"start":{"line":11,"column":23},"end":{"line":11,"column":64}},"2":{"start":{"line":19,"column":0},"end":{"line":21,"column":1}}},"fnMap":{"0":{"name":"(anonymous_0)","decl":{"start":{"line":8,"column":2},"end":{"line":8,"column":3}},"loc":{"start":{"line":8,"column":11},"end":{"line":16,"column":3}},"line":8},"1":{"name":"(anonymous_1)","decl":{"start":{"line":11,"column":17},"end":{"line":11,"column":18}},"loc":{"start":{"line":11,"column":23},"end":{"line":11,"column":64}},"line":11}},"branchMap":{},"s":{"0":1,"1":0,"2":1},"f":{"0":1,"1":0},"b":{},"_coverageSchema":"332fd63041d2c1bcb487cc26dd0d5f7d97098a6c","hash":"42cbd83bb71529c653d0894c30b33003e90d8551"}
,"/media/husnihabil/01D2BAF36AB9DAB0/E/Github Backup/Hacktiv8/phase 3/WEEK 4/grandma-care-client/src/constants/index.js": {"path":"/media/husnihabil/01D2BAF36AB9DAB0/E/Github Backup/Hacktiv8/phase 3/WEEK 4/grandma-care-client/src/constants/index.js","statementMap":{"0":{"start":{"line":1,"column":29},"end":{"line":1,"column":44}},"1":{"start":{"line":2,"column":26},"end":{"line":2,"column":38}},"2":{"start":{"line":3,"column":32},"end":{"line":3,"column":50}},"3":{"start":{"line":4,"column":29},"end":{"line":4,"column":44}},"4":{"start":{"line":5,"column":29},"end":{"line":5,"column":44}},"5":{"start":{"line":6,"column":38},"end":{"line":6,"column":62}},"6":{"start":{"line":7,"column":35},"end":{"line":7,"column":56}},"7":{"start":{"line":8,"column":37},"end":{"line":8,"column":60}},"8":{"start":{"line":9,"column":34},"end":{"line":9,"column":54}},"9":{"start":{"line":10,"column":39},"end":{"line":10,"column":64}},"10":{"start":{"line":11,"column":36},"end":{"line":11,"column":58}},"11":{"start":{"line":12,"column":34},"end":{"line":12,"column":54}},"12":{"start":{"line":13,"column":31},"end":{"line":13,"column":48}},"13":{"start":{"line":14,"column":31},"end":{"line":14,"column":48}},"14":{"start":{"line":15,"column":39},"end":{"line":15,"column":64}},"15":{"start":{"line":16,"column":36},"end":{"line":16,"column":58}},"16":{"start":{"line":17,"column":37},"end":{"line":17,"column":60}},"17":{"start":{"line":18,"column":34},"end":{"line":18,"column":54}},"18":{"start":{"line":19,"column":34},"end":{"line":19,"column":54}}},"fnMap":{},"branchMap":{},"s":{"0":1,"1":1,"2":1,"3":1,"4":1,"5":1,"6":1,"7":1,"8":1,"9":1,"10":1,"11":1,"12":1,"13":1,"14":1,"15":1,"16":1,"17":1,"18":1},"f":{},"b":{},"_coverageSchema":"332fd63041d2c1bcb487cc26dd0d5f7d97098a6c","hash":"06a13bc860b901ccf55da43912302275d3615de8"}
,"/media/husnihabil/01D2BAF36AB9DAB0/E/Github Backup/Hacktiv8/phase 3/WEEK 4/grandma-care-client/src/reducers/UserListReducer.js": {"path":"/media/husnihabil/01D2BAF36AB9DAB0/E/Github Backup/Hacktiv8/phase 3/WEEK 4/grandma-care-client/src/reducers/UserListReducer.js","statementMap":{"0":{"start":{"line":3,"column":31},"end":{"line":9,"column":1}},"1":{"start":{"line":4,"column":2},"end":{"line":8,"column":3}},"2":{"start":{"line":5,"column":39},"end":{"line":5,"column":60}},"3":{"start":{"line":6,"column":36},"end":{"line":6,"column":64}},"4":{"start":{"line":7,"column":13},"end":{"line":7,"column":25}}},"fnMap":{"0":{"name":"(anonymous_0)","decl":{"start":{"line":3,"column":31},"end":{"line":3,"column":32}},"loc":{"start":{"line":3,"column":55},"end":{"line":9,"column":1}},"line":3}},"branchMap":{"0":{"loc":{"start":{"line":3,"column":32},"end":{"line":3,"column":42}},"type":"default-arg","locations":[{"start":{"line":3,"column":40},"end":{"line":3,"column":42}}],"line":3},"1":{"loc":{"start":{"line":4,"column":2},"end":{"line":8,"column":3}},"type":"switch","locations":[{"start":{"line":5,"column":4},"end":{"line":5,"column":60}},{"start":{"line":6,"column":4},"end":{"line":6,"column":64}},{"start":{"line":7,"column":4},"end":{"line":7,"column":25}}],"line":4}},"s":{"0":1,"1":3,"2":0,"3":0,"4":3},"f":{"0":3},"b":{"0":[3],"1":[0,0,3]},"_coverageSchema":"332fd63041d2c1bcb487cc26dd0d5f7d97098a6c","hash":"897ca9888a78451d0747e386f80d4df207f88c0a"}
,"/media/husnihabil/01D2BAF36AB9DAB0/E/Github Backup/Hacktiv8/phase 3/WEEK 4/grandma-care-client/src/reducers/addFriendReducer.js": {"path":"/media/husnihabil/01D2BAF36AB9DAB0/E/Github Backup/Hacktiv8/phase 3/WEEK 4/grandma-care-client/src/reducers/addFriendReducer.js","statementMap":{"0":{"start":{"line":3,"column":32},"end":{"line":10,"column":1}},"1":{"start":{"line":4,"column":2},"end":{"line":9,"column":3}},"2":{"start":{"line":5,"column":35},"end":{"line":5,"column":57}},"3":{"start":{"line":6,"column":32},"end":{"line":6,"column":55}},"4":{"start":{"line":7,"column":32},"end":{"line":7,"column":53}},"5":{"start":{"line":8,"column":13},"end":{"line":8,"column":25}}},"fnMap":{"0":{"name":"(anonymous_0)","decl":{"start":{"line":3,"column":32},"end":{"line":3,"column":33}},"loc":{"start":{"line":3,"column":56},"end":{"line":10,"column":1}},"line":3}},"branchMap":{"0":{"loc":{"start":{"line":3,"column":33},"end":{"line":3,"column":43}},"type":"default-arg","locations":[{"start":{"line":3,"column":41},"end":{"line":3,"column":43}}],"line":3},"1":{"loc":{"start":{"line":4,"column":2},"end":{"line":9,"column":3}},"type":"switch","locations":[{"start":{"line":5,"column":4},"end":{"line":5,"column":57}},{"start":{"line":6,"column":4},"end":{"line":6,"column":55}},{"start":{"line":7,"column":4},"end":{"line":7,"column":53}},{"start":{"line":8,"column":4},"end":{"line":8,"column":25}}],"line":4}},"s":{"0":1,"1":3,"2":0,"3":0,"4":0,"5":3},"f":{"0":3},"b":{"0":[3],"1":[0,0,0,3]},"_coverageSchema":"332fd63041d2c1bcb487cc26dd0d5f7d97098a6c","hash":"50ffe87924ef9b232ac225016afaacb985ee8a5d"}
,"/media/husnihabil/01D2BAF36AB9DAB0/E/Github Backup/Hacktiv8/phase 3/WEEK 4/grandma-care-client/src/reducers/authReducer.js": {"path":"/media/husnihabil/01D2BAF36AB9DAB0/E/Github Backup/Hacktiv8/phase 3/WEEK 4/grandma-care-client/src/reducers/authReducer.js","statementMap":{"0":{"start":{"line":3,"column":27},"end":{"line":9,"column":1}},"1":{"start":{"line":4,"column":2},"end":{"line":8,"column":3}},"2":{"start":{"line":5,"column":31},"end":{"line":5,"column":52}},"3":{"start":{"line":6,"column":27},"end":{"line":6,"column":55}},"4":{"start":{"line":7,"column":13},"end":{"line":7,"column":25}}},"fnMap":{"0":{"name":"(anonymous_0)","decl":{"start":{"line":3,"column":27},"end":{"line":3,"column":28}},"loc":{"start":{"line":3,"column":53},"end":{"line":9,"column":1}},"line":3}},"branchMap":{"0":{"loc":{"start":{"line":3,"column":28},"end":{"line":3,"column":40}},"type":"default-arg","locations":[{"start":{"line":3,"column":36},"end":{"line":3,"column":40}}],"line":3},"1":{"loc":{"start":{"line":4,"column":2},"end":{"line":8,"column":3}},"type":"switch","locations":[{"start":{"line":5,"column":4},"end":{"line":5,"column":52}},{"start":{"line":6,"column":4},"end":{"line":6,"column":55}},{"start":{"line":7,"column":4},"end":{"line":7,"column":25}}],"line":4}},"s":{"0":1,"1":3,"2":0,"3":0,"4":3},"f":{"0":3},"b":{"0":[3],"1":[0,0,3]},"_coverageSchema":"332fd63041d2c1bcb487cc26dd0d5f7d97098a6c","hash":"75c9c81fb95ffa8630ffcd11ad1eb5b0c63136be"}
,"/media/husnihabil/01D2BAF36AB9DAB0/E/Github Backup/Hacktiv8/phase 3/WEEK 4/grandma-care-client/src/reducers/deleteFriendReducer.js": {"path":"/media/husnihabil/01D2BAF36AB9DAB0/E/Github Backup/Hacktiv8/phase 3/WEEK 4/grandma-care-client/src/reducers/deleteFriendReducer.js","statementMap":{"0":{"start":{"line":3,"column":35},"end":{"line":10,"column":1}},"1":{"start":{"line":4,"column":2},"end":{"line":9,"column":3}},"2":{"start":{"line":5,"column":38},"end":{"line":5,"column":62}},"3":{"start":{"line":6,"column":35},"end":{"line":6,"column":60}},"4":{"start":{"line":7,"column":35},"end":{"line":7,"column":56}},"5":{"start":{"line":8,"column":13},"end":{"line":8,"column":25}}},"fnMap":{"0":{"name":"(anonymous_0)","decl":{"start":{"line":3,"column":35},"end":{"line":3,"column":36}},"loc":{"start":{"line":3,"column":59},"end":{"line":10,"column":1}},"line":3}},"branchMap":{"0":{"loc":{"start":{"line":3,"column":36},"end":{"line":3,"column":46}},"type":"default-arg","locations":[{"start":{"line":3,"column":44},"end":{"line":3,"column":46}}],"line":3},"1":{"loc":{"start":{"line":4,"column":2},"end":{"line":9,"column":3}},"type":"switch","locations":[{"start":{"line":5,"column":4},"end":{"line":5,"column":62}},{"start":{"line":6,"column":4},"end":{"line":6,"column":60}},{"start":{"line":7,"column":4},"end":{"line":7,"column":56}},{"start":{"line":8,"column":4},"end":{"line":8,"column":25}}],"line":4}},"s":{"0":1,"1":3,"2":0,"3":0,"4":0,"5":3},"f":{"0":3},"b":{"0":[3],"1":[0,0,0,3]},"_coverageSchema":"332fd63041d2c1bcb487cc26dd0d5f7d97098a6c","hash":"95253cb7ba07c74e2bd68fe8dd5361b1a95c0265"}
,"/media/husnihabil/01D2BAF36AB9DAB0/E/Github Backup/Hacktiv8/phase 3/WEEK 4/grandma-care-client/src/reducers/index.js": {"path":"/media/husnihabil/01D2BAF36AB9DAB0/E/Github Backup/Hacktiv8/phase 3/WEEK 4/grandma-care-client/src/reducers/index.js","statementMap":{},"fnMap":{},"branchMap":{},"s":{},"f":{},"b":{},"_coverageSchema":"332fd63041d2c1bcb487cc26dd0d5f7d97098a6c","hash":"3aa9e1c11e836764e3d7cd6c1f571ac83a14041b"}
,"/media/husnihabil/01D2BAF36AB9DAB0/E/Github Backup/Hacktiv8/phase 3/WEEK 4/grandma-care-client/src/reducers/registerReducer.js": {"path":"/media/husnihabil/01D2BAF36AB9DAB0/E/Github Backup/Hacktiv8/phase 3/WEEK 4/grandma-care-client/src/reducers/registerReducer.js","statementMap":{"0":{"start":{"line":3,"column":31},"end":{"line":10,"column":1}},"1":{"start":{"line":4,"column":2},"end":{"line":9,"column":3}},"2":{"start":{"line":5,"column":33},"end":{"line":5,"column":57}},"3":{"start":{"line":6,"column":30},"end":{"line":6,"column":55}},"4":{"start":{"line":7,"column":30},"end":{"line":7,"column":51}},"5":{"start":{"line":8,"column":13},"end":{"line":8,"column":25}}},"fnMap":{"0":{"name":"(anonymous_0)","decl":{"start":{"line":3,"column":31},"end":{"line":3,"column":32}},"loc":{"start":{"line":3,"column":55},"end":{"line":10,"column":1}},"line":3}},"branchMap":{"0":{"loc":{"start":{"line":3,"column":32},"end":{"line":3,"column":42}},"type":"default-arg","locations":[{"start":{"line":3,"column":40},"end":{"line":3,"column":42}}],"line":3},"1":{"loc":{"start":{"line":4,"column":2},"end":{"line":9,"column":3}},"type":"switch","locations":[{"start":{"line":5,"column":4},"end":{"line":5,"column":57}},{"start":{"line":6,"column":4},"end":{"line":6,"column":55}},{"start":{"line":7,"column":4},"end":{"line":7,"column":51}},{"start":{"line":8,"column":4},"end":{"line":8,"column":25}}],"line":4}},"s":{"0":1,"1":3,"2":0,"3":0,"4":0,"5":3},"f":{"0":3},"b":{"0":[3],"1":[0,0,0,3]},"_coverageSchema":"332fd63041d2c1bcb487cc26dd0d5f7d97098a6c","hash":"d5cb03596036f17245f0bc9db4f30398d5bb2cd8"}
,"/media/husnihabil/01D2BAF36AB9DAB0/E/Github Backup/Hacktiv8/phase 3/WEEK 4/grandma-care-client/src/reducers/userReducer.js": {"path":"/media/husnihabil/01D2BAF36AB9DAB0/E/Github Backup/Hacktiv8/phase 3/WEEK 4/grandma-care-client/src/reducers/userReducer.js","statementMap":{"0":{"start":{"line":3,"column":27},"end":{"line":9,"column":1}},"1":{"start":{"line":4,"column":2},"end":{"line":8,"column":3}},"2":{"start":{"line":5,"column":38},"end":{"line":5,"column":59}},"3":{"start":{"line":6,"column":36},"end":{"line":6,"column":64}},"4":{"start":{"line":7,"column":13},"end":{"line":7,"column":25}}},"fnMap":{"0":{"name":"(anonymous_0)","decl":{"start":{"line":3,"column":27},"end":{"line":3,"column":28}},"loc":{"start":{"line":3,"column":51},"end":{"line":9,"column":1}},"line":3}},"branchMap":{"0":{"loc":{"start":{"line":3,"column":28},"end":{"line":3,"column":38}},"type":"default-arg","locations":[{"start":{"line":3,"column":36},"end":{"line":3,"column":38}}],"line":3},"1":{"loc":{"start":{"line":4,"column":2},"end":{"line":8,"column":3}},"type":"switch","locations":[{"start":{"line":5,"column":4},"end":{"line":5,"column":59}},{"start":{"line":6,"column":4},"end":{"line":6,"column":64}},{"start":{"line":7,"column":4},"end":{"line":7,"column":25}}],"line":4}},"s":{"0":1,"1":3,"2":0,"3":0,"4":3},"f":{"0":3},"b":{"0":[3],"1":[0,0,3]},"_coverageSchema":"332fd63041d2c1bcb487cc26dd0d5f7d97098a6c","hash":"954aae83590811b3003e8b4f5043368506c5f8fa"}
,"/media/husnihabil/01D2BAF36AB9DAB0/E/Github Backup/Hacktiv8/phase 3/WEEK 4/grandma-care-client/src/styles/index.js": {"path":"/media/husnihabil/01D2BAF36AB9DAB0/E/Github Backup/Hacktiv8/phase 3/WEEK 4/grandma-care-client/src/styles/index.js","statementMap":{"0":{"start":{"line":3,"column":22},"end":{"line":23,"column":2}}},"fnMap":{},"branchMap":{},"s":{"0":1},"f":{},"b":{},"_coverageSchema":"332fd63041d2c1bcb487cc26dd0d5f7d97098a6c","hash":"8f7144184607b6c555f44913682e80c42713e797"}
}
