TN:
SF:/media/husnihabil/01D2BAF36AB9DAB0/E/Github Backup/Hacktiv8/phase 3/WEEK 4/grandma-care-client/index.android.js
FN:20,(anonymous_0)
FN:29,(anonymous_1)
FNF:2
FNH:0
FNDA:0,(anonymous_0)
FNDA:0,(anonymous_1)
DA:17,1
DA:21,0
DA:29,1
LF:3
LH:2
BRF:0
BRH:0
end_of_record
TN:
SF:/media/husnihabil/01D2BAF36AB9DAB0/E/Github Backup/Hacktiv8/phase 3/WEEK 4/grandma-care-client/index.ios.js
FN:16,(anonymous_0)
FN:53,(anonymous_1)
FNF:2
FNH:1
FNDA:1,(anonymous_0)
FNDA:0,(anonymous_1)
DA:17,1
DA:34,1
DA:53,1
LF:3
LH:3
BRF:0
BRH:0
end_of_record
TN:
SF:/media/husnihabil/01D2BAF36AB9DAB0/E/Github Backup/Hacktiv8/phase 3/WEEK 4/grandma-care-client/math.js
FN:3,sum
FNF:1
FNH:1
FNDA:1,sum
DA:1,1
DA:4,1
LF:2
LH:2
BRF:0
BRH:0
end_of_record
TN:
SF:/media/husnihabil/01D2BAF36AB9DAB0/E/Github Backup/Hacktiv8/phase 3/WEEK 4/grandma-care-client/jest/setup.js
FN:1,(anonymous_0)
FNF:1
FNH:1
FNDA:1,(anonymous_0)
DA:1,2
DA:2,1
LF:2
LH:2
BRF:0
BRH:0
end_of_record
TN:
SF:/media/husnihabil/01D2BAF36AB9DAB0/E/Github Backup/Hacktiv8/phase 3/WEEK 4/grandma-care-client/src/index.js
FNF:0
FNH:0
DA:9,1
LF:1
LH:1
BRF:0
BRH:0
end_of_record
TN:
SF:/media/husnihabil/01D2BAF36AB9DAB0/E/Github Backup/Hacktiv8/phase 3/WEEK 4/grandma-care-client/src/actions/index.js
FN:3,(anonymous_0)
FN:7,(anonymous_1)
FN:11,(anonymous_2)
FN:16,(anonymous_3)
FN:21,(anonymous_4)
FN:26,(anonymous_5)
FN:30,(anonymous_6)
FN:35,(anonymous_7)
FN:40,(anonymous_8)
FN:45,(anonymous_9)
FN:50,(anonymous_10)
FN:55,(anonymous_11)
FN:60,(anonymous_12)
FN:65,(anonymous_13)
FN:70,(anonymous_14)
FN:74,(anonymous_15)
FN:79,(anonymous_16)
FN:83,(anonymous_17)
FN:87,(anonymous_18)
FN:91,(anonymous_19)
FN:95,(anonymous_20)
FN:96,(anonymous_21)
FN:104,(anonymous_22)
FN:105,(anonymous_23)
FN:106,(anonymous_24)
FN:110,(anonymous_25)
FN:111,(anonymous_26)
FN:119,(anonymous_27)
FN:120,(anonymous_28)
FN:121,(anonymous_29)
FN:125,(anonymous_30)
FN:126,(anonymous_31)
FN:134,(anonymous_32)
FN:135,(anonymous_33)
FN:136,(anonymous_34)
FN:140,(anonymous_35)
FN:141,(anonymous_36)
FN:149,(anonymous_37)
FN:155,(anonymous_38)
FN:159,(anonymous_39)
FN:160,(anonymous_40)
FN:169,(anonymous_41)
FN:170,(anonymous_42)
FN:171,(anonymous_43)
FN:175,(anonymous_44)
FN:176,(anonymous_45)
FN:185,(anonymous_46)
FN:186,(anonymous_47)
FN:187,(anonymous_48)
FN:191,(anonymous_49)
FN:192,(anonymous_50)
FN:200,(anonymous_51)
FN:201,(anonymous_52)
FN:205,(anonymous_53)
FN:206,(anonymous_54)
FN:214,(anonymous_55)
FN:215,(anonymous_56)
FNF:57
FNH:0
FNDA:0,(anonymous_0)
FNDA:0,(anonymous_1)
FNDA:0,(anonymous_2)
FNDA:0,(anonymous_3)
FNDA:0,(anonymous_4)
FNDA:0,(anonymous_5)
FNDA:0,(anonymous_6)
FNDA:0,(anonymous_7)
FNDA:0,(anonymous_8)
FNDA:0,(anonymous_9)
FNDA:0,(anonymous_10)
FNDA:0,(anonymous_11)
FNDA:0,(anonymous_12)
FNDA:0,(anonymous_13)
FNDA:0,(anonymous_14)
FNDA:0,(anonymous_15)
FNDA:0,(anonymous_16)
FNDA:0,(anonymous_17)
FNDA:0,(anonymous_18)
FNDA:0,(anonymous_19)
FNDA:0,(anonymous_20)
FNDA:0,(anonymous_21)
FNDA:0,(anonymous_22)
FNDA:0,(anonymous_23)
FNDA:0,(anonymous_24)
FNDA:0,(anonymous_25)
FNDA:0,(anonymous_26)
FNDA:0,(anonymous_27)
FNDA:0,(anonymous_28)
FNDA:0,(anonymous_29)
FNDA:0,(anonymous_30)
FNDA:0,(anonymous_31)
FNDA:0,(anonymous_32)
FNDA:0,(anonymous_33)
FNDA:0,(anonymous_34)
FNDA:0,(anonymous_35)
FNDA:0,(anonymous_36)
FNDA:0,(anonymous_37)
FNDA:0,(anonymous_38)
FNDA:0,(anonymous_39)
FNDA:0,(anonymous_40)
FNDA:0,(anonymous_41)
FNDA:0,(anonymous_42)
FNDA:0,(anonymous_43)
FNDA:0,(anonymous_44)
FNDA:0,(anonymous_45)
FNDA:0,(anonymous_46)
FNDA:0,(anonymous_47)
FNDA:0,(anonymous_48)
FNDA:0,(anonymous_49)
FNDA:0,(anonymous_50)
FNDA:0,(anonymous_51)
FNDA:0,(anonymous_52)
FNDA:0,(anonymous_53)
FNDA:0,(anonymous_54)
FNDA:0,(anonymous_55)
FNDA:0,(anonymous_56)
DA:3,1
DA:7,1
DA:11,1
DA:16,1
DA:21,1
DA:26,1
DA:30,1
DA:35,1
DA:40,1
DA:45,1
DA:50,1
DA:55,1
DA:60,1
DA:65,1
DA:70,1
DA:74,1
DA:79,1
DA:83,1
DA:87,1
DA:91,1
DA:95,1
DA:96,0
DA:97,0
DA:104,0
DA:105,0
DA:106,0
DA:110,1
DA:111,0
DA:112,0
DA:119,0
DA:120,0
DA:121,0
DA:125,1
DA:126,0
DA:127,0
DA:134,0
DA:135,0
DA:136,0
DA:140,1
DA:141,0
DA:142,0
DA:150,0
DA:151,0
DA:153,0
DA:155,0
DA:159,1
DA:160,0
DA:161,0
DA:169,0
DA:170,0
DA:171,0
DA:175,1
DA:176,0
DA:177,0
DA:185,0
DA:186,0
DA:187,0
DA:191,1
DA:192,0
DA:193,0
DA:200,0
DA:201,0
DA:205,1
DA:206,0
DA:207,0
DA:214,0
DA:215,0
LF:67
LH:28
BRDA:150,0,0,0
BRDA:150,0,1,0
BRF:2
BRH:0
end_of_record
TN:
SF:/media/husnihabil/01D2BAF36AB9DAB0/E/Github Backup/Hacktiv8/phase 3/WEEK 4/grandma-care-client/src/components/AddFriend.js
FN:16,(anonymous_0)
FN:22,(anonymous_1)
FN:36,(anonymous_2)
FN:44,(anonymous_3)
FN:59,(anonymous_4)
FN:64,(anonymous_5)
FN:66,(anonymous_6)
FN:90,(anonymous_7)
FN:94,(anonymous_8)
FN:95,(anonymous_9)
FN:96,(anonymous_10)
FN:97,(anonymous_11)
FNF:12
FNH:0
FNDA:0,(anonymous_0)
FNDA:0,(anonymous_1)
FNDA:0,(anonymous_2)
FNDA:0,(anonymous_3)
FNDA:0,(anonymous_4)
FNDA:0,(anonymous_5)
FNDA:0,(anonymous_6)
FNDA:0,(anonymous_7)
FNDA:0,(anonymous_8)
FNDA:0,(anonymous_9)
FNDA:0,(anonymous_10)
FNDA:0,(anonymous_11)
DA:17,0
DA:23,0
DA:24,0
DA:26,0
DA:27,0
DA:28,0
DA:29,0
DA:31,0
DA:37,0
DA:38,0
DA:39,0
DA:44,0
DA:59,0
DA:65,0
DA:66,0
DA:67,0
DA:81,1
DA:90,1
DA:94,1
DA:95,0
DA:96,0
DA:97,0
LF:22
LH:3
BRDA:26,0,0,0
BRDA:26,0,1,0
BRDA:27,1,0,0
BRDA:27,1,1,0
BRF:4
BRH:0
end_of_record
TN:
SF:/media/husnihabil/01D2BAF36AB9DAB0/E/Github Backup/Hacktiv8/phase 3/WEEK 4/grandma-care-client/src/components/AddFriendButton.js
FN:8,(anonymous_0)
FN:11,(anonymous_1)
FNF:2
FNH:1
FNDA:1,(anonymous_0)
FNDA:0,(anonymous_1)
DA:9,1
DA:11,0
DA:19,1
LF:3
LH:2
BRF:0
BRH:0
end_of_record
TN:
SF:/media/husnihabil/01D2BAF36AB9DAB0/E/Github Backup/Hacktiv8/phase 3/WEEK 4/grandma-care-client/src/components/DeleteFriendButton.js
FN:12,(anonymous_0)
FN:25,(anonymous_1)
FN:29,(anonymous_2)
FN:31,(anonymous_3)
FN:50,(anonymous_4)
FN:54,(anonymous_5)
FN:55,(anonymous_6)
FN:56,(anonymous_7)
FNF:8
FNH:0
FNDA:0,(anonymous_0)
FNDA:0,(anonymous_1)
FNDA:0,(anonymous_2)
FNDA:0,(anonymous_3)
FNDA:0,(anonymous_4)
FNDA:0,(anonymous_5)
FNDA:0,(anonymous_6)
FNDA:0,(anonymous_7)
DA:13,0
DA:14,0
DA:15,0
DA:16,0
DA:17,0
DA:18,0
DA:20,0
DA:26,0
DA:27,0
DA:30,0
DA:31,0
DA:32,0
DA:41,1
DA:50,1
DA:54,1
DA:55,0
DA:56,0
LF:17
LH:3
BRDA:15,0,0,0
BRDA:15,0,1,0
BRDA:16,1,0,0
BRDA:16,1,1,0
BRF:4
BRH:0
end_of_record
TN:
SF:/media/husnihabil/01D2BAF36AB9DAB0/E/Github Backup/Hacktiv8/phase 3/WEEK 4/grandma-care-client/src/components/Login.js
FN:23,(anonymous_0)
FN:26,(anonymous_1)
FN:33,(anonymous_2)
FN:38,(anonymous_3)
FN:44,(anonymous_4)
FN:50,(anonymous_5)
FN:57,(anonymous_6)
FN:74,(anonymous_7)
FN:84,(anonymous_8)
FN:89,(anonymous_9)
FN:96,(anonymous_10)
FN:107,(anonymous_11)
FN:121,(anonymous_12)
FN:125,(anonymous_13)
FN:126,(anonymous_14)
FNF:15
FNH:0
FNDA:0,(anonymous_0)
FNDA:0,(anonymous_1)
FNDA:0,(anonymous_2)
FNDA:0,(anonymous_3)
FNDA:0,(anonymous_4)
FNDA:0,(anonymous_5)
FNDA:0,(anonymous_6)
FNDA:0,(anonymous_7)
FNDA:0,(anonymous_8)
FNDA:0,(anonymous_9)
FNDA:0,(anonymous_10)
FNDA:0,(anonymous_11)
FNDA:0,(anonymous_12)
FNDA:0,(anonymous_13)
FNDA:0,(anonymous_14)
DA:24,0
DA:26,0
DA:27,0
DA:28,0
DA:34,0
DA:39,0
DA:45,0
DA:51,0
DA:53,0
DA:54,0
DA:58,0
DA:59,0
DA:60,0
DA:74,0
DA:84,0
DA:90,0
DA:91,0
DA:96,0
DA:107,0
DA:116,1
DA:121,1
DA:125,1
DA:126,0
LF:23
LH:3
BRDA:27,0,0,0
BRDA:27,0,1,0
BRF:2
BRH:0
end_of_record
TN:
SF:/media/husnihabil/01D2BAF36AB9DAB0/E/Github Backup/Hacktiv8/phase 3/WEEK 4/grandma-care-client/src/components/LogoutButton.js
FN:11,(anonymous_0)
FN:13,(anonymous_1)
FN:25,(anonymous_2)
FN:36,(anonymous_3)
FN:40,(anonymous_4)
FNF:5
FNH:1
FNDA:0,(anonymous_0)
FNDA:0,(anonymous_1)
FNDA:0,(anonymous_2)
FNDA:1,(anonymous_3)
FNDA:0,(anonymous_4)
DA:12,0
DA:13,0
DA:14,0
DA:15,0
DA:20,0
DA:25,0
DA:26,0
DA:27,0
DA:29,0
DA:37,1
DA:38,1
DA:41,0
DA:51,1
LF:13
LH:3
BRDA:14,0,0,0
BRDA:14,0,1,0
BRDA:26,1,0,0
BRDA:26,1,1,0
BRF:4
BRH:0
end_of_record
TN:
SF:/media/husnihabil/01D2BAF36AB9DAB0/E/Github Backup/Hacktiv8/phase 3/WEEK 4/grandma-care-client/src/components/Main.js
FN:36,(anonymous_0)
FN:39,(anonymous_1)
FN:63,(anonymous_2)
FN:67,(anonymous_3)
FN:71,(anonymous_4)
FN:78,(anonymous_5)
FN:82,(anonymous_6)
FN:90,(anonymous_7)
FN:105,(anonymous_8)
FN:109,(anonymous_9)
FN:114,(anonymous_10)
FN:124,(anonymous_11)
FN:132,(anonymous_12)
FN:137,(anonymous_13)
FN:162,(anonymous_14)
FN:173,(anonymous_15)
FN:189,(anonymous_16)
FN:193,(anonymous_17)
FN:194,(anonymous_18)
FN:195,(anonymous_19)
FNF:20
FNH:0
FNDA:0,(anonymous_0)
FNDA:0,(anonymous_1)
FNDA:0,(anonymous_2)
FNDA:0,(anonymous_3)
FNDA:0,(anonymous_4)
FNDA:0,(anonymous_5)
FNDA:0,(anonymous_6)
FNDA:0,(anonymous_7)
FNDA:0,(anonymous_8)
FNDA:0,(anonymous_9)
FNDA:0,(anonymous_10)
FNDA:0,(anonymous_11)
FNDA:0,(anonymous_12)
FNDA:0,(anonymous_13)
FNDA:0,(anonymous_14)
FNDA:0,(anonymous_15)
FNDA:0,(anonymous_16)
FNDA:0,(anonymous_17)
FNDA:0,(anonymous_18)
FNDA:0,(anonymous_19)
DA:37,0
DA:38,0
DA:39,0
DA:40,0
DA:41,0
DA:48,0
DA:50,0
DA:51,0
DA:58,0
DA:64,0
DA:68,0
DA:72,0
DA:79,0
DA:80,0
DA:82,0
DA:83,0
DA:84,0
DA:85,0
DA:90,0
DA:91,0
DA:92,0
DA:94,0
DA:97,0
DA:102,0
DA:106,0
DA:110,0
DA:111,0
DA:115,0
DA:116,0
DA:117,0
DA:118,0
DA:119,0
DA:121,0
DA:125,0
DA:126,0
DA:127,0
DA:128,0
DA:132,0
DA:137,0
DA:162,0
DA:173,0
DA:184,1
DA:189,1
DA:193,1
DA:194,0
DA:195,0
LF:46
LH:3
BRDA:40,0,0,0
BRDA:40,0,1,0
BRDA:40,1,0,0
BRDA:40,1,1,0
BRDA:40,1,2,0
BRDA:50,2,0,0
BRDA:50,2,1,0
BRDA:50,3,0,0
BRDA:50,3,1,0
BRDA:50,3,2,0
BRDA:83,4,0,0
BRDA:83,4,1,0
BRDA:91,5,0,0
BRDA:91,5,1,0
BRDA:117,6,0,0
BRDA:117,6,1,0
BRDA:138,7,0,0
BRDA:138,7,1,0
BRDA:138,8,0,0
BRDA:138,8,1,0
BRF:20
BRH:0
end_of_record
TN:
SF:/media/husnihabil/01D2BAF36AB9DAB0/E/Github Backup/Hacktiv8/phase 3/WEEK 4/grandma-care-client/src/components/Maps.js
FN:12,(anonymous_0)
FN:25,(anonymous_1)
FN:27,(anonymous_2)
FN:33,(anonymous_3)
FN:38,(anonymous_4)
FN:40,(anonymous_5)
FN:42,(anonymous_6)
FN:56,(anonymous_7)
FN:64,(anonymous_8)
FN:69,(anonymous_9)
FN:73,(anonymous_10)
FN:90,(anonymous_11)
FN:120,(anonymous_12)
FN:121,(anonymous_13)
FN:122,(anonymous_14)
FNF:15
FNH:0
FNDA:0,(anonymous_0)
FNDA:0,(anonymous_1)
FNDA:0,(anonymous_2)
FNDA:0,(anonymous_3)
FNDA:0,(anonymous_4)
FNDA:0,(anonymous_5)
FNDA:0,(anonymous_6)
FNDA:0,(anonymous_7)
FNDA:0,(anonymous_8)
FNDA:0,(anonymous_9)
FNDA:0,(anonymous_10)
FNDA:0,(anonymous_11)
FNDA:0,(anonymous_12)
FNDA:0,(anonymous_13)
FNDA:0,(anonymous_14)
DA:13,0
DA:14,0
DA:21,0
DA:22,0
DA:26,0
DA:28,0
DA:33,0
DA:39,0
DA:40,0
DA:41,0
DA:43,0
DA:47,0
DA:53,0
DA:54,0
DA:56,0
DA:65,0
DA:66,0
DA:70,0
DA:74,0
DA:75,0
DA:76,0
DA:77,0
DA:91,0
DA:98,0
DA:116,1
DA:120,1
DA:121,0
DA:122,0
LF:28
LH:2
BRDA:76,0,0,0
BRDA:76,0,1,0
BRF:2
BRH:0
end_of_record
TN:
SF:/media/husnihabil/01D2BAF36AB9DAB0/E/Github Backup/Hacktiv8/phase 3/WEEK 4/grandma-care-client/src/components/PanicButton.js
FN:10,(anonymous_0)
FN:16,(anonymous_1)
FNF:2
FNH:0
FNDA:0,(anonymous_0)
FNDA:0,(anonymous_1)
DA:11,0
DA:16,0
LF:2
LH:0
BRF:0
BRH:0
end_of_record
TN:
SF:/media/husnihabil/01D2BAF36AB9DAB0/E/Github Backup/Hacktiv8/phase 3/WEEK 4/grandma-care-client/src/components/Register.js
FN:19,(anonymous_0)
FN:24,(anonymous_1)
FN:29,(anonymous_2)
FN:34,(anonymous_3)
FN:40,(anonymous_4)
FN:51,(anonymous_5)
FN:68,(anonymous_6)
FN:78,(anonymous_7)
FN:88,(anonymous_8)
FN:98,(anonymous_9)
FN:103,(anonymous_10)
FN:105,(anonymous_11)
FN:128,(anonymous_12)
FN:132,(anonymous_13)
FN:133,(anonymous_14)
FN:134,(anonymous_15)
FNF:16
FNH:0
FNDA:0,(anonymous_0)
FNDA:0,(anonymous_1)
FNDA:0,(anonymous_2)
FNDA:0,(anonymous_3)
FNDA:0,(anonymous_4)
FNDA:0,(anonymous_5)
FNDA:0,(anonymous_6)
FNDA:0,(anonymous_7)
FNDA:0,(anonymous_8)
FNDA:0,(anonymous_9)
FNDA:0,(anonymous_10)
FNDA:0,(anonymous_11)
FNDA:0,(anonymous_12)
FNDA:0,(anonymous_13)
FNDA:0,(anonymous_14)
FNDA:0,(anonymous_15)
DA:20,0
DA:25,0
DA:30,0
DA:35,0
DA:41,0
DA:42,0
DA:43,0
DA:44,0
DA:46,0
DA:52,0
DA:53,0
DA:54,0
DA:68,0
DA:78,0
DA:88,0
DA:98,0
DA:104,0
DA:105,0
DA:106,0
DA:121,1
DA:128,1
DA:132,1
DA:133,0
DA:134,0
LF:24
LH:3
BRDA:41,0,0,0
BRDA:41,0,1,0
BRDA:42,1,0,0
BRDA:42,1,1,0
BRF:4
BRH:0
end_of_record
TN:
SF:/media/husnihabil/01D2BAF36AB9DAB0/E/Github Backup/Hacktiv8/phase 3/WEEK 4/grandma-care-client/src/components/SettingPage.js
FN:23,(anonymous_0)
FN:30,(anonymous_1)
FN:78,(anonymous_2)
FNF:3
FNH:0
FNDA:0,(anonymous_0)
FNDA:0,(anonymous_1)
FNDA:0,(anonymous_2)
DA:8,1
DA:24,0
DA:25,0
DA:26,0
DA:30,0
DA:78,1
LF:6
LH:2
BRF:0
BRH:0
end_of_record
TN:
SF:/media/husnihabil/01D2BAF36AB9DAB0/E/Github Backup/Hacktiv8/phase 3/WEEK 4/grandma-care-client/src/components/SplashScreen.js
FN:12,(anonymous_0)
FN:17,(anonymous_1)
FN:25,(anonymous_2)
FN:30,(anonymous_3)
FN:38,(anonymous_4)
FN:55,(anonymous_5)
FNF:6
FNH:0
FNDA:0,(anonymous_0)
FNDA:0,(anonymous_1)
FNDA:0,(anonymous_2)
FNDA:0,(anonymous_3)
FNDA:0,(anonymous_4)
FNDA:0,(anonymous_5)
DA:13,0
DA:15,0
DA:16,0
DA:17,0
DA:18,0
DA:19,0
DA:25,0
DA:26,0
DA:27,0
DA:28,0
DA:30,0
DA:31,0
DA:39,0
DA:55,1
LF:14
LH:1
BRDA:15,0,0,0
BRDA:15,0,1,0
BRDA:15,1,0,0
BRDA:15,1,1,0
BRDA:26,2,0,0
BRDA:26,2,1,0
BRDA:27,3,0,0
BRDA:27,3,1,0
BRF:8
BRH:0
end_of_record
TN:
SF:/media/husnihabil/01D2BAF36AB9DAB0/E/Github Backup/Hacktiv8/phase 3/WEEK 4/grandma-care-client/src/components/UserList.js
FN:15,(anonymous_0)
FN:20,(anonymous_1)
FN:27,(anonymous_2)
FN:37,(anonymous_3)
FN:74,(anonymous_4)
FN:75,(anonymous_5)
FNF:6
FNH:0
FNDA:0,(anonymous_0)
FNDA:0,(anonymous_1)
FNDA:0,(anonymous_2)
FNDA:0,(anonymous_3)
FNDA:0,(anonymous_4)
FNDA:0,(anonymous_5)
DA:16,0
DA:17,0
DA:21,0
DA:22,0
DA:27,0
DA:38,0
DA:66,1
DA:74,1
DA:75,0
LF:9
LH:2
BRDA:35,0,0,0
BRDA:35,0,1,0
BRF:2
BRH:0
end_of_record
TN:
SF:/media/husnihabil/01D2BAF36AB9DAB0/E/Github Backup/Hacktiv8/phase 3/WEEK 4/grandma-care-client/src/components/UserListButton.js
FN:8,(anonymous_0)
FN:11,(anonymous_1)
FNF:2
FNH:1
FNDA:1,(anonymous_0)
FNDA:0,(anonymous_1)
DA:9,1
DA:11,0
DA:19,1
LF:3
LH:2
BRF:0
BRH:0
end_of_record
TN:
SF:/media/husnihabil/01D2BAF36AB9DAB0/E/Github Backup/Hacktiv8/phase 3/WEEK 4/grandma-care-client/src/constants/index.js
FNF:0
FNH:0
DA:1,1
DA:2,1
DA:3,1
DA:4,1
DA:5,1
DA:6,1
DA:7,1
DA:8,1
DA:9,1
DA:10,1
DA:11,1
DA:12,1
DA:13,1
DA:14,1
DA:15,1
DA:16,1
DA:17,1
DA:18,1
DA:19,1
LF:19
LH:19
BRF:0
BRH:0
end_of_record
TN:
SF:/media/husnihabil/01D2BAF36AB9DAB0/E/Github Backup/Hacktiv8/phase 3/WEEK 4/grandma-care-client/src/reducers/UserListReducer.js
FN:3,(anonymous_0)
FNF:1
FNH:1
FNDA:3,(anonymous_0)
DA:3,1
DA:4,3
DA:5,0
DA:6,0
DA:7,3
LF:5
LH:3
BRDA:3,0,0,3
BRDA:4,1,0,0
BRDA:4,1,1,0
BRDA:4,1,2,3
BRF:4
BRH:2
end_of_record
TN:
SF:/media/husnihabil/01D2BAF36AB9DAB0/E/Github Backup/Hacktiv8/phase 3/WEEK 4/grandma-care-client/src/reducers/addFriendReducer.js
FN:3,(anonymous_0)
FNF:1
FNH:1
FNDA:3,(anonymous_0)
DA:3,1
DA:4,3
DA:5,0
DA:6,0
DA:7,0
DA:8,3
LF:6
LH:3
BRDA:3,0,0,3
BRDA:4,1,0,0
BRDA:4,1,1,0
BRDA:4,1,2,0
BRDA:4,1,3,3
BRF:5
BRH:2
end_of_record
TN:
SF:/media/husnihabil/01D2BAF36AB9DAB0/E/Github Backup/Hacktiv8/phase 3/WEEK 4/grandma-care-client/src/reducers/authReducer.js
FN:3,(anonymous_0)
FNF:1
FNH:1
FNDA:3,(anonymous_0)
DA:3,1
DA:4,3
DA:5,0
DA:6,0
DA:7,3
LF:5
LH:3
BRDA:3,0,0,3
BRDA:4,1,0,0
BRDA:4,1,1,0
BRDA:4,1,2,3
BRF:4
BRH:2
end_of_record
TN:
SF:/media/husnihabil/01D2BAF36AB9DAB0/E/Github Backup/Hacktiv8/phase 3/WEEK 4/grandma-care-client/src/reducers/deleteFriendReducer.js
FN:3,(anonymous_0)
FNF:1
FNH:1
FNDA:3,(anonymous_0)
DA:3,1
DA:4,3
DA:5,0
DA:6,0
DA:7,0
DA:8,3
LF:6
LH:3
BRDA:3,0,0,3
BRDA:4,1,0,0
BRDA:4,1,1,0
BRDA:4,1,2,0
BRDA:4,1,3,3
BRF:5
BRH:2
end_of_record
TN:
SF:/media/husnihabil/01D2BAF36AB9DAB0/E/Github Backup/Hacktiv8/phase 3/WEEK 4/grandma-care-client/src/reducers/index.js
FNF:0
FNH:0
LF:0
LH:0
BRF:0
BRH:0
end_of_record
TN:
SF:/media/husnihabil/01D2BAF36AB9DAB0/E/Github Backup/Hacktiv8/phase 3/WEEK 4/grandma-care-client/src/reducers/registerReducer.js
FN:3,(anonymous_0)
FNF:1
FNH:1
FNDA:3,(anonymous_0)
DA:3,1
DA:4,3
DA:5,0
DA:6,0
DA:7,0
DA:8,3
LF:6
LH:3
BRDA:3,0,0,3
BRDA:4,1,0,0
BRDA:4,1,1,0
BRDA:4,1,2,0
BRDA:4,1,3,3
BRF:5
BRH:2
end_of_record
TN:
SF:/media/husnihabil/01D2BAF36AB9DAB0/E/Github Backup/Hacktiv8/phase 3/WEEK 4/grandma-care-client/src/reducers/userReducer.js
FN:3,(anonymous_0)
FNF:1
FNH:1
FNDA:3,(anonymous_0)
DA:3,1
DA:4,3
DA:5,0
DA:6,0
DA:7,3
LF:5
LH:3
BRDA:3,0,0,3
BRDA:4,1,0,0
BRDA:4,1,1,0
BRDA:4,1,2,3
BRF:4
BRH:2
end_of_record
TN:
SF:/media/husnihabil/01D2BAF36AB9DAB0/E/Github Backup/Hacktiv8/phase 3/WEEK 4/grandma-care-client/src/styles/index.js
FNF:0
FNH:0
DA:3,1
LF:1
LH:1
BRF:0
BRH:0
end_of_record
